
     Program QE-CONVERSE v.7.2 starts on 25Sep2024 at 12: 0: 7 

     This program is part of the open-source Quantum ESPRESSO suite
     for quantum simulation of materials; please cite
         "P. Giannozzi et al., J. Phys.:Condens. Matter 21 395502 (2009);
         "P. Giannozzi et al., J. Phys.:Condens. Matter 29 465901 (2017);
         "P. Giannozzi et al., J. Chem. Phys. 152 154105 (2020);
          URL http://www.quantum-espresso.org", 
     in publications or presentations arising from this work. More details at
     http://www.quantum-espresso.org/quote

     Parallel version (MPI), running on     6 processors

     MPI processes distributed on     1 nodes
     R & G space division:  proc/nbgrp/npool/nimage =       6
     4930 MiB available memory on the printing compute node when the environment starts


     Reading xml data from directory:

     ./scratch/o2.save/

     IMPORTANT: XC functional enforced from input :
     Exchange-correlation= PBE
                           (   1   4   3   4   0   0   0)
     Any further DFT definition will be discarded
     Please, verify this is what you really want


     Parallelization info
     --------------------
     sticks:   dense  smooth     PW     G-vecs:    dense   smooth      PW
     Min        2123    2123    529               180125   180125   22507
     Max        2125    2125    531               180126   180126   22508
     Sum       12745   12745   3181              1080751  1080751  135043

     Using Slab Decomposition

     Reading collected, re-writing distributed wavefunctions
     GIPAW projectors -----------------------------------------------
     atom=  O    l=0  rc=    1.4000  rs=    0.9333
     atom=  O    l=0  rc=    1.4000  rs=    0.9333
     atom=  O    l=1  rc=    1.4000  rs=    0.9333
     atom=  O    l=1  rc=    1.4000  rs=    0.9333
     projs nearly linearly dependent: l=1  n1,n2= 1, 2  s=  0.99858905
     -----------------------------------------------------------------

     GIPAW integrals: -------------------------------------------
     Atom  i/j   nmr_para    nmr_dia     epr_rmc    epr_para     epr_dia
       O   1 1  0.1149E+04  0.2316E+00  0.8411E+01  0.1903E+05  0.5983E+01
       O   2 1  0.1170E+04  0.4805E-01  0.8370E+01  0.1952E+05  0.4733E+01
       O   2 2  0.1189E+04  -.1472E+00  0.7956E+01  0.2002E+05  0.3721E+01
       O   3 3  0.4175E+01  0.1179E+00  0.1114E+01  0.9580E+02  0.2214E+01
       O   4 3  0.4686E+01  0.1552E+00  0.1377E+01  0.1054E+03  0.2733E+01
       O   4 4  0.5248E+01  0.1959E+00  0.1691E+01  0.1160E+03  0.3329E+01
     ------------------------------------------------------------


     R & G space division:  proc/nbgrp/npool/nimage =       6
     Subspace diagonalization in iterative solution of the eigenvalue problem:
     a serial algorithm will be used



     bravais-lattice index     =            1
     lattice parameter (alat)  =      20.0000  a.u.
     unit-cell volume          =    8000.0000 (a.u.)^3
     number of atoms/cell      =            2
     number of atomic types    =            1
     number of electrons       =        12.00 (up:   7.00, down:   5.00)
     number of Kohn-Sham states=            7
     kinetic-energy cutoff     =     100.0000  Ry
     charge density cutoff     =     400.0000  Ry
     scf convergence threshold =      1.0E-08
     mixing beta               =       0.5000
     number of iterations used =            8  plain     mixing
     Exchange-correlation= PBE
                           (   1   4   3   4   0   0   0)

     celldm(1)=  20.000000  celldm(2)=   0.000000  celldm(3)=   0.000000
     celldm(4)=   0.000000  celldm(5)=   0.000000  celldm(6)=   0.000000

     crystal axes: (cart. coord. in units of alat)
               a(1) = (   1.000000   0.000000   0.000000 )  
               a(2) = (   0.000000   1.000000   0.000000 )  
               a(3) = (   0.000000   0.000000   1.000000 )  

     reciprocal axes: (cart. coord. in units 2 pi/alat)
               b(1) = (  1.000000  0.000000  0.000000 )  
               b(2) = (  0.000000  1.000000  0.000000 )  
               b(3) = (  0.000000  0.000000  1.000000 )  


     PseudoPot. # 1 for O  read from file:
     ../pseudo/O.pbe-tm-new-gipaw-dc.UPF
     MD5 check sum: cd70c9dcf1f7d755502eb127a1501eea
     Pseudo is Norm-conserving, Zval =  6.0
     Generated by new atomic code, or converted to UPF format
     Using radial grid of 1469 points,  1 beta functions with: 
                l(1) =   0

     atomic species   valence    mass     pseudopotential
        O              6.00    16.00000     O ( 1.00)

     Starting magnetic structure 
     atomic species   magnetization
        O            0.000

     No symmetry found


                                    s                        frac. trans.

      isym =  1     identity                                     

 cryst.   s( 1) = (     1          0          0      )
                  (     0          1          0      )
                  (     0          0          1      )

 cart.    s( 1) = (  1.0000000  0.0000000  0.0000000 )
                  (  0.0000000  1.0000000  0.0000000 )
                  (  0.0000000  0.0000000  1.0000000 )


     point group C_1 (1)    
     there are  1 classes
     the character table:

       E    
A      1.00

     the symmetry operations in each class and the name of the first element:

     E        1
          identity                                               

   Cartesian axes

     site n.     atom                  positions (alat units)
         1           O   tau(   1) = (   0.0000000   0.0000000  -0.0019290  )
         2           O   tau(   2) = (   0.0000000   0.0000000   0.1160684  )

   Crystallographic axes

     site n.     atom                  positions (cryst. coord.)
         1           O   tau(   1) = (  0.0000000  0.0000000 -0.0019290  )
         2           O   tau(   2) = (  0.0000000  0.0000000  0.1160684  )

     number of k points=     1
                       cart. coord. in units 2pi/alat
        k(    1) = (   0.0000000   0.0000000   0.0000000), wk =   1.0000000

                       cryst. coord.
        k(    1) = (   0.0000000   0.0000000   0.0000000), wk =   1.0000000

     Dense  grid:  1080751 G-vectors     FFT dimensions: ( 128, 128, 128)

     Initial potential from superposition of free atoms

     starting charge      12.0000, renormalised to      12.0000

     negative rho (up, down):  2.331E-05 2.331E-05
     Starting wfcs are   16 atomic wfcs

     Self-consistent Calculation

     iteration #  1     ecut=   100.00 Ry     beta= 0.50
     Davidson diagonalization with overlap 

---- Real-time Memory Report at c_bands before calling an iterative solver
           182 MiB given to the printing process from OS
             0 MiB allocation reported by mallinfo(arena+hblkhd)
          4235 MiB available memory on the node where the printing process lives
------------------
     ethr =  1.00E-08,  avg # of iterations =  6.0

     negative rho (up, down):  1.028E-05 1.144E-05

     total energy              =     -63.63854546 Ry
     Harris-Foulkes estimate   =     -63.59764642 Ry
     estimated scf accuracy    <       0.10263095 Ry

     total magnetization       =     2.00 Bohr mag/cell
     absolute magnetization    =     2.00 Bohr mag/cell

     iteration #  2     ecut=   100.00 Ry     beta= 0.50
     Davidson diagonalization with overlap 

---- Real-time Memory Report at c_bands before calling an iterative solver
           238 MiB given to the printing process from OS
             0 MiB allocation reported by mallinfo(arena+hblkhd)
          3643 MiB available memory on the node where the printing process lives
------------------
     ethr =  8.55E-04,  avg # of iterations =  1.5

     negative rho (up, down):  1.219E-06 1.716E-06

     total energy              =     -63.66471441 Ry
     Harris-Foulkes estimate   =     -63.64365356 Ry
     estimated scf accuracy    <       0.02110576 Ry

     total magnetization       =     2.00 Bohr mag/cell
     absolute magnetization    =     2.02 Bohr mag/cell

     iteration #  3     ecut=   100.00 Ry     beta= 0.50
     Davidson diagonalization with overlap 

---- Real-time Memory Report at c_bands before calling an iterative solver
           249 MiB given to the printing process from OS
             0 MiB allocation reported by mallinfo(arena+hblkhd)
          3569 MiB available memory on the node where the printing process lives
------------------
     ethr =  1.76E-04,  avg # of iterations =  2.5

     total energy              =     -63.66866337 Ry
     Harris-Foulkes estimate   =     -63.66757741 Ry
     estimated scf accuracy    <       0.00168637 Ry

     total magnetization       =     2.00 Bohr mag/cell
     absolute magnetization    =     2.04 Bohr mag/cell

     iteration #  4     ecut=   100.00 Ry     beta= 0.50
     Davidson diagonalization with overlap 

---- Real-time Memory Report at c_bands before calling an iterative solver
           260 MiB given to the printing process from OS
             0 MiB allocation reported by mallinfo(arena+hblkhd)
          3475 MiB available memory on the node where the printing process lives
------------------
     ethr =  1.41E-05,  avg # of iterations =  2.5

     negative rho (up, down):  3.975E-08 8.911E-08

     total energy              =     -63.66900646 Ry
     Harris-Foulkes estimate   =     -63.66898587 Ry
     estimated scf accuracy    <       0.00008887 Ry

     total magnetization       =     2.00 Bohr mag/cell
     absolute magnetization    =     2.05 Bohr mag/cell

     iteration #  5     ecut=   100.00 Ry     beta= 0.50
     Davidson diagonalization with overlap 

---- Real-time Memory Report at c_bands before calling an iterative solver
           271 MiB given to the printing process from OS
             0 MiB allocation reported by mallinfo(arena+hblkhd)
          3429 MiB available memory on the node where the printing process lives
------------------
     ethr =  7.41E-07,  avg # of iterations =  2.0

     negative rho (up, down):  5.940E-09 1.855E-08

     total energy              =     -63.66902969 Ry
     Harris-Foulkes estimate   =     -63.66902198 Ry
     estimated scf accuracy    <       0.00001107 Ry

     total magnetization       =     2.00 Bohr mag/cell
     absolute magnetization    =     2.05 Bohr mag/cell

     iteration #  6     ecut=   100.00 Ry     beta= 0.50
     Davidson diagonalization with overlap 

---- Real-time Memory Report at c_bands before calling an iterative solver
           282 MiB given to the printing process from OS
             0 MiB allocation reported by mallinfo(arena+hblkhd)
          3266 MiB available memory on the node where the printing process lives
------------------
     ethr =  9.22E-08,  avg # of iterations =  3.0

     total energy              =     -63.66903394 Ry
     Harris-Foulkes estimate   =     -63.66903377 Ry
     estimated scf accuracy    <       0.00000240 Ry

     total magnetization       =     2.00 Bohr mag/cell
     absolute magnetization    =     2.05 Bohr mag/cell

     iteration #  7     ecut=   100.00 Ry     beta= 0.50
     Davidson diagonalization with overlap 

---- Real-time Memory Report at c_bands before calling an iterative solver
           293 MiB given to the printing process from OS
             0 MiB allocation reported by mallinfo(arena+hblkhd)
          3015 MiB available memory on the node where the printing process lives
------------------
     ethr =  2.00E-08,  avg # of iterations =  2.5

     total energy              =     -63.66903438 Ry
     Harris-Foulkes estimate   =     -63.66903445 Ry
     estimated scf accuracy    <       0.00000033 Ry

     total magnetization       =     2.00 Bohr mag/cell
     absolute magnetization    =     2.05 Bohr mag/cell

     iteration #  8     ecut=   100.00 Ry     beta= 0.50
     Davidson diagonalization with overlap 

---- Real-time Memory Report at c_bands before calling an iterative solver
           304 MiB given to the printing process from OS
             0 MiB allocation reported by mallinfo(arena+hblkhd)
          2726 MiB available memory on the node where the printing process lives
------------------
     ethr =  2.77E-09,  avg # of iterations =  2.0

     End of self-consistent calculation

 ------ SPIN UP ------------


          k = 0.0000 0.0000 0.0000 (135043 PWs)   bands (ev):

   -31.9667 -20.6637 -13.2588 -13.0761 -13.0760  -7.0045  -7.0045

     occupation numbers 
     1.0000   1.0000   1.0000   1.0000   1.0000   1.0000   1.0000

 ------ SPIN DOWN ----------


          k = 0.0000 0.0000 0.0000 (135043 PWs)   bands (ev):

   -30.6848 -18.8057 -12.4146 -11.0797 -11.0797  -4.5504  -4.5504

     occupation numbers 
     1.0000   1.0000   1.0000   1.0000   1.0000   0.0000   0.0000

     highest occupied, lowest unoccupied level (ev):    -7.0045   -4.5504

!    total energy              =     -63.66903445 Ry
     Harris-Foulkes estimate   =     -63.66903444 Ry
     estimated scf accuracy    <          9.4E-09 Ry

     The total energy is the sum of the following terms:
     one-electron contribution =    -124.18094077 Ry
     hartree contribution      =      63.93613734 Ry
     xc contribution           =     -13.61198328 Ry
     ewald contribution        =      10.18775226 Ry

     total magnetization       =     2.00 Bohr mag/cell
     absolute magnetization    =     2.05 Bohr mag/cell

     convergence has been achieved in   8 iterations
     Computing du/dk (covariant derivative)
     k-point:   1    occ=  7
     compute_u_kq: q = (    0.0000,    0.0000,    0.0000)
     ethr =  1.00E-13,  avg # of iterations =  5.0
     eigenvalues at k:
 -31.9667 -20.6637 -13.2588 -13.0761 -13.0760  -7.0045  -7.0045
     eigenvalues at k+q:
 -31.9662 -20.6631 -13.2585 -13.0753 -13.0753  -7.0038  -7.0038
     compute_u_kq: q = (   -0.0318,    0.0000,    0.0000)
     ethr =  1.00E-13,  avg # of iterations = 12.0
     eigenvalues at k:
 -31.9667 -20.6637 -13.2588 -13.0761 -13.0760  -7.0045  -7.0045
     eigenvalues at k+q:
 -31.9662 -20.6631 -13.2585 -13.0753 -13.0753  -7.0038  -7.0038
     compute_u_kq: q = (    0.0318,    0.0000,    0.0000)
     ethr =  1.00E-13,  avg # of iterations = 12.0
     eigenvalues at k:
 -31.9667 -20.6637 -13.2588 -13.0761 -13.0760  -7.0045  -7.0045
     eigenvalues at k+q:
 -31.9662 -20.6631 -13.2585 -13.0753 -13.0753  -7.0038  -7.0038
     compute_u_kq: q = (    0.0000,   -0.0318,    0.0000)
     ethr =  1.00E-13,  avg # of iterations = 12.0
     eigenvalues at k:
 -31.9667 -20.6637 -13.2588 -13.0761 -13.0760  -7.0045  -7.0045
     eigenvalues at k+q:
 -31.9662 -20.6631 -13.2585 -13.0753 -13.0753  -7.0038  -7.0038
     compute_u_kq: q = (    0.0000,    0.0318,    0.0000)
     ethr =  1.00E-13,  avg # of iterations = 12.0
     eigenvalues at k:
 -31.9667 -20.6637 -13.2588 -13.0761 -13.0760  -7.0045  -7.0045
     eigenvalues at k+q:
 -31.9662 -20.6631 -13.2585 -13.0753 -13.0753  -7.0038  -7.0038
     compute_u_kq: q = (    0.0000,    0.0000,   -0.0318)
     ethr =  1.00E-13,  avg # of iterations =  9.0
     eigenvalues at k:
 -31.9667 -20.6637 -13.2588 -13.0761 -13.0760  -7.0045  -7.0045
     eigenvalues at k+q:
 -31.9662 -20.6631 -13.2585 -13.0753 -13.0753  -7.0038  -7.0038
     compute_u_kq: q = (    0.0000,    0.0000,    0.0318)
     ethr =  1.00E-13,  avg # of iterations =  9.0
     eigenvalues at k:
 -31.9667 -20.6637 -13.2588 -13.0761 -13.0760  -7.0045  -7.0045
     eigenvalues at k+q:
 -31.9662 -20.6631 -13.2585 -13.0753 -13.0753  -7.0038  -7.0038
     k-point:   2    occ=  5
     compute_u_kq: q = (    0.0000,    0.0000,    0.0000)
     ethr =  1.00E-13,  avg # of iterations =  5.0
     eigenvalues at k:
 -30.6848 -18.8057 -12.4146 -11.0797 -11.0797  -4.5504  -4.5504
     eigenvalues at k+q:
 -30.6842 -18.8053 -12.4140 -11.0793 -11.0793  -4.5501  -4.5501
     compute_u_kq: q = (   -0.0318,    0.0000,    0.0000)
     ethr =  1.00E-13,  avg # of iterations =  8.0
     eigenvalues at k:
 -30.6848 -18.8057 -12.4146 -11.0797 -11.0797  -4.5504  -4.5504
     eigenvalues at k+q:
 -30.6842 -18.8053 -12.4140 -11.0793 -11.0793  -4.5501  -4.5501
     compute_u_kq: q = (    0.0318,    0.0000,    0.0000)
     ethr =  1.00E-13,  avg # of iterations =  8.0
     eigenvalues at k:
 -30.6848 -18.8057 -12.4146 -11.0797 -11.0797  -4.5504  -4.5504
     eigenvalues at k+q:
 -30.6842 -18.8053 -12.4140 -11.0793 -11.0793  -4.5501  -4.5501
     compute_u_kq: q = (    0.0000,   -0.0318,    0.0000)
     ethr =  1.00E-13,  avg # of iterations =  8.0
     eigenvalues at k:
 -30.6848 -18.8057 -12.4146 -11.0797 -11.0797  -4.5504  -4.5504
     eigenvalues at k+q:
 -30.6842 -18.8053 -12.4140 -11.0793 -11.0793  -4.5501  -4.5501
     compute_u_kq: q = (    0.0000,    0.0318,    0.0000)
     ethr =  1.00E-13,  avg # of iterations =  8.0
     eigenvalues at k:
 -30.6848 -18.8057 -12.4146 -11.0797 -11.0797  -4.5504  -4.5504
     eigenvalues at k+q:
 -30.6842 -18.8053 -12.4140 -11.0793 -11.0793  -4.5501  -4.5501
     compute_u_kq: q = (    0.0000,    0.0000,   -0.0318)
     ethr =  1.00E-13,  avg # of iterations =  8.0
     eigenvalues at k:
 -30.6848 -18.8057 -12.4146 -11.0797 -11.0797  -4.5504  -4.5504
     eigenvalues at k+q:
 -30.6842 -18.8053 -12.4140 -11.0793 -11.0793  -4.5501  -4.5501
     compute_u_kq: q = (    0.0000,    0.0000,    0.0318)
     ethr =  1.00E-13,  avg # of iterations =  8.0
     eigenvalues at k:
 -30.6848 -18.8057 -12.4146 -11.0797 -11.0797  -4.5504  -4.5504
     eigenvalues at k+q:
 -30.6842 -18.8053 -12.4140 -11.0793 -11.0793  -4.5501  -4.5501
     done with du/dk   q_gipaw = 0.010000

     Computing the orbital magnetization (bohr mag/cell):
BC: k-point:    1  pool:   1        0.000001    0.000000    0.000000
LC: k-point:    1  pool:   1       -0.000965    0.000000    0.000000
IC: k-point:    1  pool:   1       -0.000711   -0.000000    0.000000
BC: k-point:    2  pool:   1       -0.000001   -0.000000   -0.000000
LC: k-point:    2  pool:   1        0.003168   -0.000000   -0.000000
IC: k-point:    2  pool:   1        0.000000    0.000000    0.000000

     SPIN-ORBIT:
     lambda_so          =       1.000000      0.000000      0.000000

     Berry curvature    =      -0.000000     -0.000000      0.000000
     Fermi energy       =      -0.664582 rydberg

     NUCLEAR DIPOLE ON ATOM   1:
     m_0                =       0.000000      0.000000      0.000000

     (without Berry curvature term)
     M_LC               =       0.004408      0.000000     -0.000000
     M_IC               =       0.002320      0.000000     -0.000000
     Delta_M_bare       =       0.000260      0.000000      0.000000
     Delta_M_para       =      -0.000007      0.000000      0.000000
     Delta_M_dia        =       0.000033      0.000000      0.000000
     M_tot              =       0.007014      0.000000     -0.000000

     (with Berry curvature term)
     M_LC               =       0.004407     -0.000000      0.000000
     M_IC               =       0.002320     -0.000000      0.000000
     Delta_M            =       0.000286      0.000000      0.000000
     M_tot              =       0.007013     -0.000000      0.000000

     SPIN-ORBIT:
     lambda_so          =       1.000000      0.000000      0.000000
     unpaired electrons =          2
     Contributions to the g-tensor (ppm):
     delta_g RMC        =      -304.9048
     delta_g RMC(GIPAW) =       -55.0478
     delta_g SO         =      3506.6412       -0.0000        0.0000

     delta_g total      =      3146.6886       -0.0000        0.0000

     QE-CONVERSE  :   1m36.94s CPU   1m40.07s WALL


   This run was terminated on:  12: 1:47  25Sep2024            

=------------------------------------------------------------------------------=
   JOB DONE.
=------------------------------------------------------------------------------=
     Initialization:

     read_file    :      1.33s CPU      1.45s WALL (       1 calls)
     gipaw_setup  :      0.06s CPU      0.06s WALL (       1 calls)
     wfcinit      :      1.96s CPU      2.05s WALL (       1 calls)
     hinit0       :      0.07s CPU      0.08s WALL (       1 calls)
     potinit      :      0.82s CPU      0.89s WALL (       1 calls)

     SCF calculation:

     electrons    :     33.67s CPU     34.74s WALL (       1 calls)
     h_psi        :     78.34s CPU     80.59s WALL (     272 calls)
     add_so_valen :     43.80s CPU     44.83s WALL (    1153 calls)
     add_so_Fnl   :      5.24s CPU      5.26s WALL (     272 calls)

     g-tensor:

     compute_dudk :     52.50s CPU     54.10s WALL (       1 calls)
     orbital_magn :      6.18s CPU      6.32s WALL (       1 calls)
