
     Program QE-CONVERSE v.7.2 starts on  4Nov2024 at 11:40:44 

     This program is part of the open-source Quantum ESPRESSO suite
     for quantum simulation of materials; please cite
         "P. Giannozzi et al., J. Phys.:Condens. Matter 21 395502 (2009);
         "P. Giannozzi et al., J. Phys.:Condens. Matter 29 465901 (2017);
         "P. Giannozzi et al., J. Chem. Phys. 152 154105 (2020);
          URL http://www.quantum-espresso.org", 
     in publications or presentations arising from this work. More details at
     http://www.quantum-espresso.org/quote

     Parallel version (MPI), running on     6 processors

     MPI processes distributed on     1 nodes
     R & G space division:  proc/nbgrp/npool/nimage =       6
     2908 MiB available memory on the printing compute node when the environment starts


     Reading xml data from directory:

     ./scratch/quartz.save/

     IMPORTANT: XC functional enforced from input :
     Exchange-correlation= PBE
                           (   1   4   3   4   0   0   0)
     Any further DFT definition will be discarded
     Please, verify this is what you really want


     Parallelization info
     --------------------
     sticks:   dense  smooth     PW     G-vecs:    dense   smooth      PW
     Min         277     277     83                10051    10051    1627
     Max         278     278     84                10054    10054    1632
     Sum        1663    1663    499                60313    60313    9767

     Using Slab Decomposition

     Reading collected, re-writing distributed wavefunctions
     GIPAW projectors -----------------------------------------------
     atom=  Si   l=0  rc=    2.0000  rs=    1.3333
     atom=  Si   l=0  rc=    2.0000  rs=    1.3333
     atom=  Si   l=1  rc=    2.0000  rs=    1.3333
     atom=  Si   l=1  rc=    2.0000  rs=    1.3333
     atom=  Si   l=2  rc=    2.0000  rs=    1.3333
     atom=  Si   l=2  rc=    2.0000  rs=    1.3333
     projs nearly linearly dependent: l=1  n1,n2= 1, 2  s=  0.99854623
     projs nearly linearly dependent: l=2  n1,n2= 1, 2  s=  0.99998260

     atom=  O    l=0  rc=    1.4000  rs=    0.9333
     atom=  O    l=0  rc=    1.4000  rs=    0.9333
     atom=  O    l=1  rc=    1.4000  rs=    0.9333
     atom=  O    l=1  rc=    1.4000  rs=    0.9333
     projs nearly linearly dependent: l=1  n1,n2= 1, 2  s=  0.99858905
     -----------------------------------------------------------------

     GIPAW integrals: -------------------------------------------
     Atom  i/j   nmr_para    nmr_dia     epr_rmc    epr_para     epr_dia
       Si  1 1  0.1165E+04  0.2849E+00  0.9094E+01  0.3278E+05  0.8870E+01
       Si  2 1  -.1179E+04  -.2197E+00  -.9305E+01  -.3324E+05  -.8737E+01
       Si  2 2  0.1192E+04  0.1211E+00  0.9407E+01  0.3371E+05  0.8584E+01
       Si  3 3  0.1393E+02  0.3232E+00  0.7840E+01  0.3596E+03  0.8884E+01
       Si  4 3  0.1404E+02  0.3109E+00  0.7880E+01  0.3633E+03  0.8818E+01
       Si  4 4  0.1414E+02  0.2976E+00  0.7912E+01  0.3671E+03  0.8759E+01
       Si  5 5  0.1290E+00  0.1880E-01  0.1957E+00  0.4041E+01  0.3892E+00
       Si  6 5  0.1313E+00  0.1949E-01  0.2010E+00  0.4104E+01  0.3999E+00
       Si  6 6  0.1336E+00  0.2020E-01  0.2065E+00  0.4168E+01  0.4110E+00
       O   1 1  0.1149E+04  0.2316E+00  0.8411E+01  0.1903E+05  0.5983E+01
       O   2 1  0.1170E+04  0.4805E-01  0.8370E+01  0.1952E+05  0.4733E+01
       O   2 2  0.1189E+04  -.1472E+00  0.7956E+01  0.2002E+05  0.3721E+01
       O   3 3  0.4175E+01  0.1179E+00  0.1114E+01  0.9580E+02  0.2214E+01
       O   4 3  0.4686E+01  0.1552E+00  0.1377E+01  0.1054E+03  0.2733E+01
       O   4 4  0.5248E+01  0.1959E+00  0.1691E+01  0.1160E+03  0.3329E+01
     ------------------------------------------------------------



    Initializing NMR ...

    Allocate A_vec(nrxxs,3)    with dffts%nnr =   25000
    Allocate grad_psi(nrxxs,3) with dffts%nnr =   25000
    Allocate A_0(3,nat)        with nat   =       9

    Magnetic dipole at atom    1
    m_0 = (  0.00  0.00  1.00)  mu_b


    A_0(:,   1):   0.000000E+00  0.000000E+00  0.000000E+00
    A_0(:,   2):  -0.684666E-04  0.000000E+00  0.000000E+00
    A_0(:,   3):  -0.342336E-04 -0.592940E-04  0.000000E+00
    A_0(:,   4):  -0.480749E-03  0.181151E-03  0.000000E+00
    A_0(:,   5):  -0.736421E-04 -0.284249E-04  0.000000E+00
    A_0(:,   6):  -0.196343E-04 -0.576299E-04  0.000000E+00
    A_0(:,   7):  -0.597260E-04  0.118111E-04  0.000000E+00
    A_0(:,   8):  -0.834929E-04 -0.506919E-03  0.000000E+00
    A_0(:,   9):  -0.614381E-04 -0.495634E-04  0.000000E+00



     R & G space division:  proc/nbgrp/npool/nimage =       6
     Subspace diagonalization in iterative solution of the eigenvalue problem:
     a serial algorithm will be used



     bravais-lattice index     =            0
     lattice parameter (alat)  =       4.6415  a.u.
     unit-cell volume          =     762.0804 (a.u.)^3
     number of atoms/cell      =            9
     number of atomic types    =            2
     number of electrons       =        48.00
     number of Kohn-Sham states=           25
     kinetic-energy cutoff     =      70.0000  Ry
     charge density cutoff     =     280.0000  Ry
     scf convergence threshold =      1.0E-08
     mixing beta               =       0.5000
     number of iterations used =            8  plain     mixing
     Exchange-correlation= PBE
                           (   1   4   3   4   0   0   0)

     celldm(1)=   4.641538  celldm(2)=   0.000000  celldm(3)=   0.000000
     celldm(4)=   0.000000  celldm(5)=   0.000000  celldm(6)=   0.000000

     crystal axes: (cart. coord. in units of alat)
               a(1) = (   1.000000  -1.732058   0.000000 )  
               a(2) = (   1.000000   1.732058   0.000000 )  
               a(3) = (   0.000000   0.000000   2.200000 )  

     reciprocal axes: (cart. coord. in units 2 pi/alat)
               b(1) = (  0.500000 -0.288674  0.000000 )  
               b(2) = (  0.500000  0.288674 -0.000000 )  
               b(3) = ( -0.000000  0.000000  0.454545 )  


     PseudoPot. # 1 for Si read from file:
     ./pseudo/Si.pbe-tm-gipaw.UPF
     MD5 check sum: 744ed8b2dc623e0d56f5dfff7afbe95f
     Pseudo is Norm-conserving, Zval =  4.0
     Generated by new atomic code, or converted to UPF format
     Using radial grid of 1141 points,  2 beta functions with: 
                l(1) =   0
                l(2) =   1

     PseudoPot. # 2 for O  read from file:
     ./pseudo/O.pbe-tm-new-gipaw.UPF
     MD5 check sum: cd70c9dcf1f7d755502eb127a1501eea
     Pseudo is Norm-conserving, Zval =  6.0
     Generated by new atomic code, or converted to UPF format
     Using radial grid of 1469 points,  1 beta functions with: 
                l(1) =   0

     atomic species   valence    mass     pseudopotential
        Si             4.00    28.08600     Si( 1.00)
        O              6.00    15.99900     O ( 1.00)

     No symmetry found


                                    s                        frac. trans.

      isym =  1     identity                                     

 cryst.   s( 1) = (     1          0          0      )
                  (     0          1          0      )
                  (     0          0          1      )

 cart.    s( 1) = (  1.0000000  0.0000000  0.0000000 )
                  (  0.0000000  1.0000000  0.0000000 )
                  (  0.0000000  0.0000000  1.0000000 )


   Cartesian axes

     site n.     atom                  positions (alat units)
         1           Si  tau(   1) = (   0.4701000  -0.8142405   0.7333333  )
         2           Si  tau(   2) = (   0.4701000   0.8142405   1.4666667  )
         3           Si  tau(   3) = (  -0.9402000   0.0000000   0.0000000  )
         4           O   tau(   4) = (   0.6813000  -0.2537465   0.4716800  )
         5           O   tau(   5) = (  -0.1209000   0.7168988   1.2050133  )
         6           O   tau(   6) = (  -0.5604000  -0.4631523   1.9383467  )
         7           O   tau(   7) = (   0.6813000   0.2537465  -0.4716800  )
         8           O   tau(   8) = (  -0.1209000  -0.7168988   0.9949867  )
         9           O   tau(   9) = (  -0.5604000   0.4631523   0.2616533  )

   Crystallographic axes

     site n.     atom                  positions (cryst. coord.)
         1           Si  tau(   1) = (  0.4701000  0.0000000  0.3333333  )
         2           Si  tau(   2) = (  0.0000000  0.4701000  0.6666667  )
         3           Si  tau(   3) = ( -0.4701000 -0.4701000  0.0000000  )
         4           O   tau(   4) = (  0.4139000  0.2674000  0.2144000  )
         5           O   tau(   5) = ( -0.2674000  0.1465000  0.5477333  )
         6           O   tau(   6) = ( -0.1465000 -0.4139000  0.8810667  )
         7           O   tau(   7) = (  0.2674000  0.4139000 -0.2144000  )
         8           O   tau(   8) = (  0.1465000 -0.2674000  0.4522667  )
         9           O   tau(   9) = ( -0.4139000 -0.1465000  0.1189333  )

     number of k points=     8
                       cart. coord. in units 2pi/alat
        k(    1) = (   0.0000000   0.0000000   0.0000000), wk =   0.2500000
        k(    2) = (   0.0000000   0.0000000  -0.2272727), wk =   0.2500000
        k(    3) = (  -0.2500000  -0.1443370   0.0000000), wk =   0.2500000
        k(    4) = (  -0.2500000  -0.1443370  -0.2272727), wk =   0.2500000
        k(    5) = (  -0.2500000   0.1443370   0.0000000), wk =   0.2500000
        k(    6) = (  -0.2500000   0.1443370  -0.2272727), wk =   0.2500000
        k(    7) = (  -0.5000000   0.0000000   0.0000000), wk =   0.2500000
        k(    8) = (  -0.5000000   0.0000000  -0.2272727), wk =   0.2500000

                       cryst. coord.
        k(    1) = (   0.0000000   0.0000000   0.0000000), wk =   0.2500000
        k(    2) = (   0.0000000   0.0000000  -0.5000000), wk =   0.2500000
        k(    3) = (   0.0000000  -0.5000000   0.0000000), wk =   0.2500000
        k(    4) = (   0.0000000  -0.5000000  -0.5000000), wk =   0.2500000
        k(    5) = (  -0.5000000   0.0000000   0.0000000), wk =   0.2500000
        k(    6) = (  -0.5000000   0.0000000  -0.5000000), wk =   0.2500000
        k(    7) = (  -0.5000000  -0.5000000   0.0000000), wk =   0.2500000
        k(    8) = (  -0.5000000  -0.5000000  -0.5000000), wk =   0.2500000

     Dense  grid:    60313 G-vectors     FFT dimensions: (  50,  50,  60)

     Initial potential from superposition of free atoms

     starting charge      46.4147, renormalised to      48.0000
     Starting wfcs are   75 atomic wfcs

     Self-consistent Calculation

     iteration #  1     ecut=    70.00 Ry     beta= 0.50
     Davidson diagonalization with overlap 

---- Real-time Memory Report at c_bands before calling an iterative solver
            51 MiB given to the printing process from OS
             0 MiB allocation reported by mallinfo(arena+hblkhd)
          2775 MiB available memory on the node where the printing process lives
------------------
     ethr =  1.00E-08,  avg # of iterations = 13.8

     total energy              =    -216.27315166 Ry
     Harris-Foulkes estimate   =    -216.79809810 Ry
     estimated scf accuracy    <       1.01349714 Ry

     iteration #  2     ecut=    70.00 Ry     beta= 0.50
     Davidson diagonalization with overlap 

---- Real-time Memory Report at c_bands before calling an iterative solver
            53 MiB given to the printing process from OS
             0 MiB allocation reported by mallinfo(arena+hblkhd)
          2734 MiB available memory on the node where the printing process lives
------------------
     ethr =  2.11E-03,  avg # of iterations =  2.0

     total energy              =    -216.51035743 Ry
     Harris-Foulkes estimate   =    -216.53917923 Ry
     estimated scf accuracy    <       0.09643098 Ry

     iteration #  3     ecut=    70.00 Ry     beta= 0.50
     Davidson diagonalization with overlap 

---- Real-time Memory Report at c_bands before calling an iterative solver
            54 MiB given to the printing process from OS
             0 MiB allocation reported by mallinfo(arena+hblkhd)
          2732 MiB available memory on the node where the printing process lives
------------------
     ethr =  2.01E-04,  avg # of iterations =  2.0

     total energy              =    -216.52780469 Ry
     Harris-Foulkes estimate   =    -216.52465193 Ry
     estimated scf accuracy    <       0.01234083 Ry

     iteration #  4     ecut=    70.00 Ry     beta= 0.50
     Davidson diagonalization with overlap 

---- Real-time Memory Report at c_bands before calling an iterative solver
            55 MiB given to the printing process from OS
             0 MiB allocation reported by mallinfo(arena+hblkhd)
          2725 MiB available memory on the node where the printing process lives
------------------
     ethr =  2.57E-05,  avg # of iterations =  2.5

     total energy              =    -216.52843851 Ry
     Harris-Foulkes estimate   =    -216.52841567 Ry
     estimated scf accuracy    <       0.00009481 Ry

     iteration #  5     ecut=    70.00 Ry     beta= 0.50
     Davidson diagonalization with overlap 

---- Real-time Memory Report at c_bands before calling an iterative solver
            55 MiB given to the printing process from OS
             0 MiB allocation reported by mallinfo(arena+hblkhd)
          2714 MiB available memory on the node where the printing process lives
------------------
     ethr =  1.98E-07,  avg # of iterations =  4.5

     total energy              =    -216.52848200 Ry
     Harris-Foulkes estimate   =    -216.52849291 Ry
     estimated scf accuracy    <       0.00004981 Ry

     iteration #  6     ecut=    70.00 Ry     beta= 0.50
     Davidson diagonalization with overlap 

---- Real-time Memory Report at c_bands before calling an iterative solver
            56 MiB given to the printing process from OS
             0 MiB allocation reported by mallinfo(arena+hblkhd)
          2704 MiB available memory on the node where the printing process lives
------------------
     ethr =  1.04E-07,  avg # of iterations =  2.0

     total energy              =    -216.52849285 Ry
     Harris-Foulkes estimate   =    -216.52850812 Ry
     estimated scf accuracy    <       0.00002913 Ry

     iteration #  7     ecut=    70.00 Ry     beta= 0.50
     Davidson diagonalization with overlap 

---- Real-time Memory Report at c_bands before calling an iterative solver
            56 MiB given to the printing process from OS
             0 MiB allocation reported by mallinfo(arena+hblkhd)
          2695 MiB available memory on the node where the printing process lives
------------------
     ethr =  6.07E-08,  avg # of iterations =  2.0

     total energy              =    -216.52849804 Ry
     Harris-Foulkes estimate   =    -216.52849781 Ry
     estimated scf accuracy    <       0.00000034 Ry

     iteration #  8     ecut=    70.00 Ry     beta= 0.50
     Davidson diagonalization with overlap 

---- Real-time Memory Report at c_bands before calling an iterative solver
            56 MiB given to the printing process from OS
             0 MiB allocation reported by mallinfo(arena+hblkhd)
          2683 MiB available memory on the node where the printing process lives
------------------
     ethr =  7.13E-10,  avg # of iterations =  2.9

     total energy              =    -216.52849813 Ry
     Harris-Foulkes estimate   =    -216.52849814 Ry
     estimated scf accuracy    <       0.00000003 Ry

     iteration #  9     ecut=    70.00 Ry     beta= 0.50
     Davidson diagonalization with overlap 

---- Real-time Memory Report at c_bands before calling an iterative solver
            56 MiB given to the printing process from OS
             0 MiB allocation reported by mallinfo(arena+hblkhd)
          2724 MiB available memory on the node where the printing process lives
------------------
     ethr =  6.61E-11,  avg # of iterations =  2.0

     End of self-consistent calculation

          k = 0.0000 0.0000 0.0000 (  7647 PWs)   bands (ev):

   -16.8097 -15.2564 -15.2564 -14.6042 -14.5657 -14.5655  -5.6580  -5.6580
    -2.8564  -2.8387  -2.6685  -2.6678  -0.3506  -0.3506  -0.1118   0.1431
     1.0936   1.0937   1.1172   1.5920   1.5920   1.9093   2.2755   2.2755
     8.6574

     occupation numbers 
     1.0000   1.0000   1.0000   1.0000   1.0000   1.0000   1.0000   1.0000
     1.0000   1.0000   1.0000   1.0000   1.0000   1.0000   1.0000   1.0000
     1.0000   1.0000   1.0000   1.0000   1.0000   1.0000   1.0000   1.0000
     0.0000

          k = 0.0000 0.0000-0.2273 (  7516 PWs)   bands (ev):

   -16.3366 -16.3366 -14.6081 -14.5945 -14.5942 -14.5411  -6.7552  -3.6797
    -3.6797  -3.0353  -3.0346  -2.0878  -0.1241  -0.1240  -0.0414   0.5804
     0.5805   0.7595   0.7596   1.0580   1.3794   2.3810   2.3810   2.5062
    10.6002

     occupation numbers 
     1.0000   1.0000   1.0000   1.0000   1.0000   1.0000   1.0000   1.0000
     1.0000   1.0000   1.0000   1.0000   1.0000   1.0000   1.0000   1.0000
     1.0000   1.0000   1.0000   1.0000   1.0000   1.0000   1.0000   1.0000
     0.0000

          k =-0.2500-0.1443 0.0000 (  7498 PWs)   bands (ev):

   -16.3133 -15.8295 -15.2047 -14.6626 -14.6237 -14.5994  -5.8029  -4.7967
    -3.3067  -2.8657  -2.8435  -2.0479  -0.4858  -0.3199  -0.0899   0.2966
     0.4975   0.8413   0.9188   1.4875   1.5561   1.8093   2.3254   2.5580
    10.9168

     occupation numbers 
     1.0000   1.0000   1.0000   1.0000   1.0000   1.0000   1.0000   1.0000
     1.0000   1.0000   1.0000   1.0000   1.0000   1.0000   1.0000   1.0000
     1.0000   1.0000   1.0000   1.0000   1.0000   1.0000   1.0000   1.0000
     0.0000

          k =-0.2500-0.1443-0.2273 (  7552 PWs)   bands (ev):

   -16.2431 -15.7953 -15.3382 -14.6877 -14.6096 -14.5881  -5.6520  -4.6810
    -3.8161  -2.7495  -2.4808  -2.3683  -0.6169  -0.5969   0.1549   0.4785
     0.4968   1.0353   1.3210   1.4430   1.7070   1.7557   1.9911   2.4011
    11.5972

     occupation numbers 
     1.0000   1.0000   1.0000   1.0000   1.0000   1.0000   1.0000   1.0000
     1.0000   1.0000   1.0000   1.0000   1.0000   1.0000   1.0000   1.0000
     1.0000   1.0000   1.0000   1.0000   1.0000   1.0000   1.0000   1.0000
     0.0000

          k =-0.2500 0.1443 0.0000 (  7498 PWs)   bands (ev):

   -16.3133 -15.8295 -15.2047 -14.6626 -14.6237 -14.5994  -5.8029  -4.7967
    -3.3067  -2.8657  -2.8435  -2.0479  -0.4858  -0.3199  -0.0899   0.2966
     0.4975   0.8413   0.9188   1.4875   1.5561   1.8093   2.3254   2.5580
    10.9168

     occupation numbers 
     1.0000   1.0000   1.0000   1.0000   1.0000   1.0000   1.0000   1.0000
     1.0000   1.0000   1.0000   1.0000   1.0000   1.0000   1.0000   1.0000
     1.0000   1.0000   1.0000   1.0000   1.0000   1.0000   1.0000   1.0000
     0.0000

          k =-0.2500 0.1443-0.2273 (  7552 PWs)   bands (ev):

   -16.2431 -15.7953 -15.3382 -14.6877 -14.6096 -14.5881  -5.6520  -4.6810
    -3.8161  -2.7495  -2.4808  -2.3683  -0.6169  -0.5969   0.1549   0.4785
     0.4968   1.0353   1.3210   1.4430   1.7070   1.7557   1.9911   2.4011
    11.5972

     occupation numbers 
     1.0000   1.0000   1.0000   1.0000   1.0000   1.0000   1.0000   1.0000
     1.0000   1.0000   1.0000   1.0000   1.0000   1.0000   1.0000   1.0000
     1.0000   1.0000   1.0000   1.0000   1.0000   1.0000   1.0000   1.0000
     0.0000

          k =-0.5000 0.0000 0.0000 (  7498 PWs)   bands (ev):

   -16.3133 -15.8295 -15.2047 -14.6626 -14.6237 -14.5994  -5.8029  -4.7967
    -3.3067  -2.8657  -2.8435  -2.0479  -0.4858  -0.3199  -0.0899   0.2966
     0.4975   0.8413   0.9189   1.4875   1.5561   1.8093   2.3254   2.5580
    10.9168

     occupation numbers 
     1.0000   1.0000   1.0000   1.0000   1.0000   1.0000   1.0000   1.0000
     1.0000   1.0000   1.0000   1.0000   1.0000   1.0000   1.0000   1.0000
     1.0000   1.0000   1.0000   1.0000   1.0000   1.0000   1.0000   1.0000
     0.0000

          k =-0.5000 0.0000-0.2273 (  7552 PWs)   bands (ev):

   -16.2431 -15.7953 -15.3382 -14.6877 -14.6096 -14.5881  -5.6520  -4.6810
    -3.8161  -2.7495  -2.4808  -2.3683  -0.6169  -0.5969   0.1549   0.4785
     0.4968   1.0353   1.3210   1.4430   1.7070   1.7557   1.9911   2.4011
    11.5972

     occupation numbers 
     1.0000   1.0000   1.0000   1.0000   1.0000   1.0000   1.0000   1.0000
     1.0000   1.0000   1.0000   1.0000   1.0000   1.0000   1.0000   1.0000
     1.0000   1.0000   1.0000   1.0000   1.0000   1.0000   1.0000   1.0000
     0.0000

     highest occupied, lowest unoccupied level (ev):     2.5580    8.6574

!    total energy              =    -216.52849813 Ry
     Harris-Foulkes estimate   =    -216.52849813 Ry
     estimated scf accuracy    <          1.0E-09 Ry

     The total energy is the sum of the following terms:
     one-electron contribution =    -104.60636902 Ry
     hartree contribution      =      77.89137067 Ry
     xc contribution           =     -50.85153538 Ry
     ewald contribution        =    -138.96196441 Ry

     convergence has been achieved in   9 iterations
     Computing du/dk (covariant derivative)
     k-point:   1    occ= 24
     compute_u_kq: q = (    0.0000,    0.0000,    0.0000)
     ethr =  1.00E-13,  avg # of iterations =  4.0
     eigenvalues at k:
 -16.8097 -15.2564 -15.2564 -14.6042 -14.5657 -14.5655  -5.6580  -5.6580
  -2.8564  -2.8387  -2.6685  -2.6678  -0.3506  -0.3506  -0.1118   0.1431
   1.0936   1.0937   1.1172   1.5920   1.5920   1.9093   2.2755   2.2755
   8.6574
     eigenvalues at k+q:
 -16.8096 -15.2564 -15.2563 -14.6041 -14.5656 -14.5654  -5.6579  -5.6579
  -2.8563  -2.8386  -2.6684  -2.6677  -0.3506  -0.3505  -0.1118   0.1431
   1.0937   1.0937   1.1173   1.5920   1.5921   1.9093   2.2756   2.2756
   8.6575
     compute_u_kq: q = (   -0.0074,    0.0000,    0.0000)
     ethr =  1.00E-13,  avg # of iterations = 10.0
     eigenvalues at k:
 -16.8097 -15.2564 -15.2564 -14.6042 -14.5657 -14.5655  -5.6580  -5.6580
  -2.8564  -2.8387  -2.6685  -2.6678  -0.3506  -0.3506  -0.1118   0.1431
   1.0936   1.0937   1.1172   1.5920   1.5920   1.9093   2.2755   2.2755
   8.6574
     eigenvalues at k+q:
 -16.8091 -15.2569 -15.2563 -14.6043 -14.5657 -14.5655  -5.6581  -5.6568
  -2.8567  -2.8386  -2.6690  -2.6669  -0.3518  -0.3502  -0.1116   0.1447
   1.0920   1.0936   1.1172   1.5915   1.5920   1.9085   2.2761   2.2763
   8.6601
     compute_u_kq: q = (    0.0074,    0.0000,    0.0000)
     ethr =  1.00E-13,  avg # of iterations = 10.0
     eigenvalues at k:
 -16.8097 -15.2564 -15.2564 -14.6042 -14.5657 -14.5655  -5.6580  -5.6580
  -2.8564  -2.8387  -2.6685  -2.6678  -0.3506  -0.3506  -0.1118   0.1431
   1.0936   1.0937   1.1172   1.5920   1.5920   1.9093   2.2755   2.2755
   8.6574
     eigenvalues at k+q:
 -16.8091 -15.2569 -15.2563 -14.6043 -14.5657 -14.5655  -5.6581  -5.6568
  -2.8566  -2.8386  -2.6690  -2.6669  -0.3518  -0.3502  -0.1116   0.1446
   1.0920   1.0936   1.1172   1.5915   1.5920   1.9085   2.2761   2.2763
   8.6601
     compute_u_kq: q = (    0.0000,   -0.0074,    0.0000)
     ethr =  1.00E-13,  avg # of iterations = 10.0
     eigenvalues at k:
 -16.8097 -15.2564 -15.2564 -14.6042 -14.5657 -14.5655  -5.6580  -5.6580
  -2.8564  -2.8387  -2.6685  -2.6678  -0.3506  -0.3506  -0.1118   0.1431
   1.0936   1.0937   1.1172   1.5920   1.5920   1.9093   2.2755   2.2755
   8.6574
     eigenvalues at k+q:
 -16.8091 -15.2569 -15.2562 -14.6043 -14.5657 -14.5655  -5.6582  -5.6567
  -2.8567  -2.8386  -2.6689  -2.6669  -0.3518  -0.3502  -0.1116   0.1447
   1.0920   1.0936   1.1172   1.5916   1.5920   1.9085   2.2762   2.2763
   8.6601
     compute_u_kq: q = (    0.0000,    0.0074,    0.0000)
     ethr =  1.00E-13,  avg # of iterations = 10.0
     eigenvalues at k:
 -16.8097 -15.2564 -15.2564 -14.6042 -14.5657 -14.5655  -5.6580  -5.6580
  -2.8564  -2.8387  -2.6685  -2.6678  -0.3506  -0.3506  -0.1118   0.1431
   1.0936   1.0937   1.1172   1.5920   1.5920   1.9093   2.2755   2.2755
   8.6574
     eigenvalues at k+q:
 -16.8091 -15.2569 -15.2562 -14.6043 -14.5657 -14.5655  -5.6582  -5.6567
  -2.8566  -2.8386  -2.6690  -2.6669  -0.3518  -0.3502  -0.1116   0.1447
   1.0920   1.0936   1.1172   1.5916   1.5920   1.9085   2.2762   2.2763
   8.6601
     compute_u_kq: q = (    0.0000,    0.0000,   -0.0074)
     ethr =  1.00E-13,  avg # of iterations = 10.0
     eigenvalues at k:
 -16.8097 -15.2564 -15.2564 -14.6042 -14.5657 -14.5655  -5.6580  -5.6580
  -2.8564  -2.8387  -2.6685  -2.6678  -0.3506  -0.3506  -0.1118   0.1431
   1.0936   1.0937   1.1172   1.5920   1.5920   1.9093   2.2755   2.2755
   8.6574
     eigenvalues at k+q:
 -16.8091 -15.2920 -15.2211 -14.6041 -14.5668 -14.5642  -5.7200  -5.5948
  -2.8588  -2.8375  -2.6910  -2.6448  -0.3641  -0.3362  -0.1114   0.1441
   1.0910   1.0959   1.1158   1.5715   1.6093   1.9100   2.2638   2.2895
   8.6602
     compute_u_kq: q = (    0.0000,    0.0000,    0.0074)
     ethr =  1.00E-13,  avg # of iterations = 10.0
     eigenvalues at k:
 -16.8097 -15.2564 -15.2564 -14.6042 -14.5657 -14.5655  -5.6580  -5.6580
  -2.8564  -2.8387  -2.6685  -2.6678  -0.3506  -0.3506  -0.1118   0.1431
   1.0936   1.0937   1.1172   1.5920   1.5920   1.9093   2.2755   2.2755
   8.6574
     eigenvalues at k+q:
 -16.8091 -15.2920 -15.2211 -14.6041 -14.5666 -14.5644  -5.7200  -5.5948
  -2.8586  -2.8377  -2.6917  -2.6441  -0.3641  -0.3363  -0.1114   0.1441
   1.0910   1.0959   1.1157   1.5715   1.6093   1.9100   2.2638   2.2895
   8.6602
     k-point:   2    occ= 24
     compute_u_kq: q = (    0.0000,    0.0000,    0.0000)
     ethr =  1.00E-13,  avg # of iterations =  4.0
     eigenvalues at k:
 -16.3366 -16.3366 -14.6081 -14.5945 -14.5942 -14.5411  -6.7552  -3.6797
  -3.6797  -3.0353  -3.0346  -2.0878  -0.1241  -0.1240  -0.0414   0.5804
   0.5805   0.7595   0.7596   1.0580   1.3794   2.3810   2.3810   2.5062
  10.6002
     eigenvalues at k+q:
 -16.3365 -16.3364 -14.6080 -14.5944 -14.5941 -14.5410  -6.7552  -3.6797
  -3.6796  -3.0352  -3.0345  -2.0877  -0.1240  -0.1240  -0.0414   0.5805
   0.5805   0.7596   0.7597   1.0581   1.3794   2.3811   2.3811   2.5062
  10.6003
     compute_u_kq: q = (   -0.0074,    0.0000,    0.0000)
     ethr =  1.00E-13,  avg # of iterations = 10.0
     eigenvalues at k:
 -16.3366 -16.3366 -14.6081 -14.5945 -14.5942 -14.5411  -6.7552  -3.6797
  -3.6797  -3.0353  -3.0346  -2.0878  -0.1241  -0.1240  -0.0414   0.5804
   0.5805   0.7595   0.7596   1.0580   1.3794   2.3810   2.3810   2.5062
  10.6002
     eigenvalues at k+q:
 -16.3363 -16.3360 -14.6081 -14.5951 -14.5942 -14.5411  -6.7539  -3.6812
  -3.6801  -3.0343  -3.0336  -2.0881  -0.1252  -0.1250  -0.0409   0.5784
   0.5788   0.7619   0.7623   1.0588   1.3799   2.3803   2.3807   2.5059
  10.6015
     compute_u_kq: q = (    0.0074,    0.0000,    0.0000)
     ethr =  1.00E-13,  avg # of iterations = 10.0
     eigenvalues at k:
 -16.3366 -16.3366 -14.6081 -14.5945 -14.5942 -14.5411  -6.7552  -3.6797
  -3.6797  -3.0353  -3.0346  -2.0878  -0.1241  -0.1240  -0.0414   0.5804
   0.5805   0.7595   0.7596   1.0580   1.3794   2.3810   2.3810   2.5062
  10.6002
     eigenvalues at k+q:
 -16.3363 -16.3360 -14.6081 -14.5951 -14.5942 -14.5411  -6.7539  -3.6811
  -3.6801  -3.0343  -3.0336  -2.0881  -0.1252  -0.1250  -0.0409   0.5784
   0.5788   0.7619   0.7623   1.0588   1.3799   2.3803   2.3807   2.5059
  10.6015
     compute_u_kq: q = (    0.0000,   -0.0074,    0.0000)
     ethr =  1.00E-13,  avg # of iterations = 10.0
     eigenvalues at k:
 -16.3366 -16.3366 -14.6081 -14.5945 -14.5942 -14.5411  -6.7552  -3.6797
  -3.6797  -3.0353  -3.0346  -2.0878  -0.1241  -0.1240  -0.0414   0.5804
   0.5805   0.7595   0.7596   1.0580   1.3794   2.3810   2.3810   2.5062
  10.6002
     eigenvalues at k+q:
 -16.3364 -16.3359 -14.6081 -14.5951 -14.5942 -14.5411  -6.7539  -3.6812
  -3.6801  -3.0343  -3.0336  -2.0881  -0.1253  -0.1250  -0.0409   0.5784
   0.5788   0.7619   0.7624   1.0588   1.3799   2.3803   2.3807   2.5059
  10.6017
     compute_u_kq: q = (    0.0000,    0.0074,    0.0000)
     ethr =  1.00E-13,  avg # of iterations = 10.0
     eigenvalues at k:
 -16.3366 -16.3366 -14.6081 -14.5945 -14.5942 -14.5411  -6.7552  -3.6797
  -3.6797  -3.0353  -3.0346  -2.0878  -0.1241  -0.1240  -0.0414   0.5804
   0.5805   0.7595   0.7596   1.0580   1.3794   2.3810   2.3810   2.5062
  10.6002
     eigenvalues at k+q:
 -16.3364 -16.3359 -14.6081 -14.5951 -14.5942 -14.5411  -6.7539  -3.6812
  -3.6801  -3.0343  -3.0336  -2.0881  -0.1253  -0.1250  -0.0409   0.5784
   0.5788   0.7618   0.7624   1.0588   1.3799   2.3803   2.3807   2.5059
  10.6017
     compute_u_kq: q = (    0.0000,    0.0000,   -0.0074)
     ethr =  1.00E-13,  avg # of iterations = 10.0
     eigenvalues at k:
 -16.3366 -16.3366 -14.6081 -14.5945 -14.5942 -14.5411  -6.7552  -3.6797
  -3.6797  -3.0353  -3.0346  -2.0878  -0.1241  -0.1240  -0.0414   0.5804
   0.5805   0.7595   0.7596   1.0580   1.3794   2.3810   2.3810   2.5062
  10.6002
     eigenvalues at k+q:
 -16.3651 -16.3072 -14.6088 -14.5950 -14.5935 -14.5411  -6.7538  -3.7327
  -3.6282  -3.0371  -3.0317  -2.0887  -0.1493  -0.0994  -0.0416   0.5581
   0.6049   0.7417   0.7778   1.0581   1.3801   2.3620   2.3993   2.5056
  10.5058
     compute_u_kq: q = (    0.0000,    0.0000,    0.0074)
     ethr =  1.00E-13,  avg # of iterations = 10.0
     eigenvalues at k:
 -16.3366 -16.3366 -14.6081 -14.5945 -14.5942 -14.5411  -6.7552  -3.6797
  -3.6797  -3.0353  -3.0346  -2.0878  -0.1241  -0.1240  -0.0414   0.5804
   0.5805   0.7595   0.7596   1.0580   1.3794   2.3810   2.3810   2.5062
  10.6002
     eigenvalues at k+q:
 -16.3651 -16.3072 -14.6088 -14.5948 -14.5937 -14.5411  -6.7538  -3.7327
  -3.6282  -3.0364  -3.0324  -2.0887  -0.1493  -0.0994  -0.0416   0.5581
   0.6049   0.7418   0.7778   1.0581   1.3801   2.3620   2.3992   2.5056
  10.5057
     k-point:   3    occ= 24
     compute_u_kq: q = (    0.0000,    0.0000,    0.0000)
     ethr =  1.00E-13,  avg # of iterations =  4.0
     eigenvalues at k:
 -16.3133 -15.8295 -15.2047 -14.6626 -14.6237 -14.5994  -5.8029  -4.7967
  -3.3067  -2.8657  -2.8435  -2.0479  -0.4858  -0.3199  -0.0899   0.2966
   0.4975   0.8413   0.9188   1.4875   1.5561   1.8093   2.3254   2.5580
  10.9168
     eigenvalues at k+q:
 -16.3132 -15.8294 -15.2046 -14.6625 -14.6236 -14.5993  -5.8028  -4.7966
  -3.3066  -2.8656  -2.8434  -2.0478  -0.4857  -0.3198  -0.0898   0.2967
   0.4975   0.8414   0.9189   1.4876   1.5562   1.8094   2.3255   2.5580
  10.9169
     compute_u_kq: q = (   -0.0074,    0.0000,    0.0000)
     ethr =  1.00E-13,  avg # of iterations = 10.0
     eigenvalues at k:
 -16.3133 -15.8295 -15.2047 -14.6626 -14.6237 -14.5994  -5.8029  -4.7967
  -3.3067  -2.8657  -2.8435  -2.0479  -0.4858  -0.3199  -0.0899   0.2966
   0.4975   0.8413   0.9188   1.4875   1.5561   1.8093   2.3254   2.5580
  10.9168
     eigenvalues at k+q:
 -16.3144 -15.8280 -15.2047 -14.6625 -14.6235 -14.5993  -5.8027  -4.7976
  -3.3064  -2.8655  -2.8429  -2.0486  -0.4869  -0.3177  -0.0899   0.2958
   0.4984   0.8418   0.9194   1.4871   1.5560   1.8096   2.3255   2.5578
  10.9101
     compute_u_kq: q = (    0.0074,    0.0000,    0.0000)
     ethr =  1.00E-13,  avg # of iterations = 10.0
     eigenvalues at k:
 -16.3133 -15.8295 -15.2047 -14.6626 -14.6237 -14.5994  -5.8029  -4.7967
  -3.3067  -2.8657  -2.8435  -2.0479  -0.4858  -0.3199  -0.0899   0.2966
   0.4975   0.8413   0.9188   1.4875   1.5561   1.8093   2.3254   2.5580
  10.9168
     eigenvalues at k+q:
 -16.3144 -15.8280 -15.2047 -14.6625 -14.6235 -14.5993  -5.8027  -4.7976
  -3.3064  -2.8656  -2.8429  -2.0486  -0.4869  -0.3177  -0.0899   0.2958
   0.4984   0.8417   0.9195   1.4871   1.5560   1.8096   2.3255   2.5578
  10.9101
     compute_u_kq: q = (    0.0000,   -0.0074,    0.0000)
     ethr =  1.00E-13,  avg # of iterations = 10.0
     eigenvalues at k:
 -16.3133 -15.8295 -15.2047 -14.6626 -14.6237 -14.5994  -5.8029  -4.7967
  -3.3067  -2.8657  -2.8435  -2.0479  -0.4858  -0.3199  -0.0899   0.2966
   0.4975   0.8413   0.9188   1.4875   1.5561   1.8093   2.3254   2.5580
  10.9168
     eigenvalues at k+q:
 -16.3133 -15.8292 -15.2048 -14.6625 -14.6236 -14.5993  -5.8030  -4.7958
  -3.3089  -2.8642  -2.8431  -2.0479  -0.4858  -0.3191  -0.0906   0.2970
   0.4979   0.8420   0.9185   1.4861   1.5558   1.8107   2.3252   2.5581
  10.9156
     compute_u_kq: q = (    0.0000,    0.0074,    0.0000)
     ethr =  1.00E-13,  avg # of iterations = 10.0
     eigenvalues at k:
 -16.3133 -15.8295 -15.2047 -14.6626 -14.6237 -14.5994  -5.8029  -4.7967
  -3.3067  -2.8657  -2.8435  -2.0479  -0.4858  -0.3199  -0.0899   0.2966
   0.4975   0.8413   0.9188   1.4875   1.5561   1.8093   2.3254   2.5580
  10.9168
     eigenvalues at k+q:
 -16.3133 -15.8292 -15.2048 -14.6625 -14.6236 -14.5993  -5.8030  -4.7958
  -3.3089  -2.8642  -2.8431  -2.0479  -0.4858  -0.3190  -0.0906   0.2970
   0.4979   0.8420   0.9185   1.4861   1.5558   1.8107   2.3252   2.5581
  10.9156
     compute_u_kq: q = (    0.0000,    0.0000,   -0.0074)
     ethr =  1.00E-13,  avg # of iterations = 10.0
     eigenvalues at k:
 -16.3133 -15.8295 -15.2047 -14.6626 -14.6237 -14.5994  -5.8029  -4.7967
  -3.3067  -2.8657  -2.8435  -2.0479  -0.4858  -0.3199  -0.0899   0.2966
   0.4975   0.8413   0.9188   1.4875   1.5561   1.8093   2.3254   2.5580
  10.9168
     eigenvalues at k+q:
 -16.3130 -15.8293 -15.2049 -14.6624 -14.6237 -14.5992  -5.8024  -4.7963
  -3.3090  -2.8668  -2.8398  -2.0487  -0.4861  -0.3211  -0.0884   0.2949
   0.5004   0.8396   0.9212   1.4857   1.5585   1.8093   2.3247   2.5576
  10.9182
     compute_u_kq: q = (    0.0000,    0.0000,    0.0074)
     ethr =  1.00E-13,  avg # of iterations = 10.0
     eigenvalues at k:
 -16.3133 -15.8295 -15.2047 -14.6626 -14.6237 -14.5994  -5.8029  -4.7967
  -3.3067  -2.8657  -2.8435  -2.0479  -0.4858  -0.3199  -0.0899   0.2966
   0.4975   0.8413   0.9188   1.4875   1.5561   1.8093   2.3254   2.5580
  10.9168
     eigenvalues at k+q:
 -16.3130 -15.8293 -15.2049 -14.6625 -14.6237 -14.5992  -5.8024  -4.7963
  -3.3091  -2.8669  -2.8395  -2.0487  -0.4861  -0.3211  -0.0884   0.2949
   0.5004   0.8395   0.9212   1.4857   1.5585   1.8093   2.3247   2.5576
  10.9182
     k-point:   4    occ= 24
     compute_u_kq: q = (    0.0000,    0.0000,    0.0000)
     ethr =  1.00E-13,  avg # of iterations =  4.0
     eigenvalues at k:
 -16.2431 -15.7953 -15.3382 -14.6877 -14.6096 -14.5881  -5.6520  -4.6810
  -3.8161  -2.7495  -2.4808  -2.3683  -0.6169  -0.5969   0.1549   0.4785
   0.4968   1.0353   1.3210   1.4430   1.7070   1.7557   1.9911   2.4011
  11.5972
     eigenvalues at k+q:
 -16.2429 -15.7952 -15.3381 -14.6876 -14.6095 -14.5880  -5.6519  -4.6809
  -3.8160  -2.7494  -2.4808  -2.3682  -0.6168  -0.5968   0.1550   0.4786
   0.4969   1.0353   1.3210   1.4430   1.7071   1.7558   1.9912   2.4012
  11.5973
     compute_u_kq: q = (   -0.0074,    0.0000,    0.0000)
     ethr =  1.00E-13,  avg # of iterations = 10.0
     eigenvalues at k:
 -16.2431 -15.7953 -15.3382 -14.6877 -14.6096 -14.5881  -5.6520  -4.6810
  -3.8161  -2.7495  -2.4808  -2.3683  -0.6169  -0.5969   0.1549   0.4785
   0.4968   1.0353   1.3210   1.4430   1.7070   1.7557   1.9911   2.4011
  11.5972
     eigenvalues at k+q:
 -16.2430 -15.7968 -15.3363 -14.6875 -14.6095 -14.5880  -5.6541  -4.6788
  -3.8162  -2.7495  -2.4814  -2.3678  -0.6172  -0.5956   0.1550   0.4766
   0.4980   1.0356   1.3206   1.4428   1.7053   1.7584   1.9915   2.4010
  11.5953
     compute_u_kq: q = (    0.0074,    0.0000,    0.0000)
     ethr =  1.00E-13,  avg # of iterations = 10.0
     eigenvalues at k:
 -16.2431 -15.7953 -15.3382 -14.6877 -14.6096 -14.5881  -5.6520  -4.6810
  -3.8161  -2.7495  -2.4808  -2.3683  -0.6169  -0.5969   0.1549   0.4785
   0.4968   1.0353   1.3210   1.4430   1.7070   1.7557   1.9911   2.4011
  11.5972
     eigenvalues at k+q:
 -16.2430 -15.7968 -15.3363 -14.6875 -14.6095 -14.5880  -5.6541  -4.6788
  -3.8162  -2.7495  -2.4814  -2.3678  -0.6172  -0.5956   0.1550   0.4766
   0.4980   1.0356   1.3206   1.4428   1.7053   1.7584   1.9915   2.4010
  11.5953
     compute_u_kq: q = (    0.0000,   -0.0074,    0.0000)
     ethr =  1.00E-13,  avg # of iterations = 10.0
     eigenvalues at k:
 -16.2431 -15.7953 -15.3382 -14.6877 -14.6096 -14.5881  -5.6520  -4.6810
  -3.8161  -2.7495  -2.4808  -2.3683  -0.6169  -0.5969   0.1549   0.4785
   0.4968   1.0353   1.3210   1.4430   1.7070   1.7557   1.9911   2.4011
  11.5972
     eigenvalues at k+q:
 -16.2429 -15.7955 -15.3378 -14.6875 -14.6095 -14.5881  -5.6518  -4.6806
  -3.8167  -2.7489  -2.4811  -2.3682  -0.6187  -0.5942   0.1541   0.4781
   0.4978   1.0340   1.3223   1.4434   1.7068   1.7565   1.9912   2.4003
  11.5967
     compute_u_kq: q = (    0.0000,    0.0074,    0.0000)
     ethr =  1.00E-13,  avg # of iterations = 10.0
     eigenvalues at k:
 -16.2431 -15.7953 -15.3382 -14.6877 -14.6096 -14.5881  -5.6520  -4.6810
  -3.8161  -2.7495  -2.4808  -2.3683  -0.6169  -0.5969   0.1549   0.4785
   0.4968   1.0353   1.3210   1.4430   1.7070   1.7557   1.9911   2.4011
  11.5972
     eigenvalues at k+q:
 -16.2429 -15.7955 -15.3378 -14.6875 -14.6095 -14.5881  -5.6518  -4.6806
  -3.8167  -2.7490  -2.4811  -2.3682  -0.6187  -0.5942   0.1541   0.4781
   0.4978   1.0340   1.3223   1.4434   1.7068   1.7565   1.9912   2.4003
  11.5967
     compute_u_kq: q = (    0.0000,    0.0000,   -0.0074)
     ethr =  1.00E-13,  avg # of iterations = 10.0
     eigenvalues at k:
 -16.2431 -15.7953 -15.3382 -14.6877 -14.6096 -14.5881  -5.6520  -4.6810
  -3.8161  -2.7495  -2.4808  -2.3683  -0.6169  -0.5969   0.1549   0.4785
   0.4968   1.0353   1.3210   1.4430   1.7070   1.7557   1.9911   2.4011
  11.5972
     eigenvalues at k+q:
 -16.2432 -15.7953 -15.3377 -14.6874 -14.6096 -14.5879  -5.6523  -4.6812
  -3.8151  -2.7505  -2.4789  -2.3689  -0.6166  -0.5963   0.1546   0.4720
   0.5031   1.0342   1.3202   1.4432   1.6977   1.7668   1.9906   2.4015
  11.5953
     compute_u_kq: q = (    0.0000,    0.0000,    0.0074)
     ethr =  1.00E-13,  avg # of iterations = 10.0
     eigenvalues at k:
 -16.2431 -15.7953 -15.3382 -14.6877 -14.6096 -14.5881  -5.6520  -4.6810
  -3.8161  -2.7495  -2.4808  -2.3683  -0.6169  -0.5969   0.1549   0.4785
   0.4968   1.0353   1.3210   1.4430   1.7070   1.7557   1.9911   2.4011
  11.5972
     eigenvalues at k+q:
 -16.2431 -15.7953 -15.3377 -14.6874 -14.6096 -14.5879  -5.6523  -4.6812
  -3.8150  -2.7505  -2.4789  -2.3690  -0.6166  -0.5963   0.1546   0.4720
   0.5031   1.0342   1.3202   1.4432   1.6977   1.7668   1.9906   2.4015
  11.5954
     k-point:   5    occ= 24
     compute_u_kq: q = (    0.0000,    0.0000,    0.0000)
     ethr =  1.00E-13,  avg # of iterations =  4.0
     eigenvalues at k:
 -16.3133 -15.8295 -15.2047 -14.6626 -14.6237 -14.5994  -5.8029  -4.7967
  -3.3067  -2.8657  -2.8435  -2.0479  -0.4858  -0.3199  -0.0899   0.2966
   0.4975   0.8413   0.9188   1.4875   1.5561   1.8093   2.3254   2.5580
  10.9168
     eigenvalues at k+q:
 -16.3132 -15.8294 -15.2046 -14.6625 -14.6236 -14.5993  -5.8028  -4.7966
  -3.3066  -2.8656  -2.8434  -2.0478  -0.4857  -0.3198  -0.0898   0.2967
   0.4975   0.8414   0.9189   1.4876   1.5562   1.8094   2.3255   2.5580
  10.9169
     compute_u_kq: q = (   -0.0074,    0.0000,    0.0000)
     ethr =  1.00E-13,  avg # of iterations = 10.0
     eigenvalues at k:
 -16.3133 -15.8295 -15.2047 -14.6626 -14.6237 -14.5994  -5.8029  -4.7967
  -3.3067  -2.8657  -2.8435  -2.0479  -0.4858  -0.3199  -0.0899   0.2966
   0.4975   0.8413   0.9188   1.4875   1.5561   1.8093   2.3254   2.5580
  10.9168
     eigenvalues at k+q:
 -16.3144 -15.8280 -15.2047 -14.6625 -14.6236 -14.5992  -5.8027  -4.7976
  -3.3064  -2.8654  -2.8430  -2.0486  -0.4869  -0.3177  -0.0899   0.2958
   0.4984   0.8417   0.9194   1.4871   1.5560   1.8096   2.3255   2.5578
  10.9101
     compute_u_kq: q = (    0.0074,    0.0000,    0.0000)
     ethr =  1.00E-13,  avg # of iterations = 10.0
     eigenvalues at k:
 -16.3133 -15.8295 -15.2047 -14.6626 -14.6237 -14.5994  -5.8029  -4.7967
  -3.3067  -2.8657  -2.8435  -2.0479  -0.4858  -0.3199  -0.0899   0.2966
   0.4975   0.8413   0.9188   1.4875   1.5561   1.8093   2.3254   2.5580
  10.9168
     eigenvalues at k+q:
 -16.3144 -15.8280 -15.2047 -14.6625 -14.6235 -14.5993  -5.8027  -4.7976
  -3.3064  -2.8656  -2.8428  -2.0486  -0.4869  -0.3177  -0.0899   0.2958
   0.4984   0.8417   0.9194   1.4871   1.5560   1.8096   2.3255   2.5578
  10.9101
     compute_u_kq: q = (    0.0000,   -0.0074,    0.0000)
     ethr =  1.00E-13,  avg # of iterations = 10.0
     eigenvalues at k:
 -16.3133 -15.8295 -15.2047 -14.6626 -14.6237 -14.5994  -5.8029  -4.7967
  -3.3067  -2.8657  -2.8435  -2.0479  -0.4858  -0.3199  -0.0899   0.2966
   0.4975   0.8413   0.9188   1.4875   1.5561   1.8093   2.3254   2.5580
  10.9168
     eigenvalues at k+q:
 -16.3133 -15.8292 -15.2048 -14.6625 -14.6236 -14.5993  -5.8030  -4.7958
  -3.3089  -2.8642  -2.8431  -2.0479  -0.4858  -0.3190  -0.0906   0.2970
   0.4979   0.8420   0.9185   1.4861   1.5558   1.8107   2.3252   2.5581
  10.9156
     compute_u_kq: q = (    0.0000,    0.0074,    0.0000)
     ethr =  1.00E-13,  avg # of iterations = 10.0
     eigenvalues at k:
 -16.3133 -15.8295 -15.2047 -14.6626 -14.6237 -14.5994  -5.8029  -4.7967
  -3.3067  -2.8657  -2.8435  -2.0479  -0.4858  -0.3199  -0.0899   0.2966
   0.4975   0.8413   0.9188   1.4875   1.5561   1.8093   2.3254   2.5580
  10.9168
     eigenvalues at k+q:
 -16.3133 -15.8292 -15.2048 -14.6625 -14.6236 -14.5993  -5.8030  -4.7958
  -3.3089  -2.8642  -2.8431  -2.0479  -0.4858  -0.3190  -0.0906   0.2970
   0.4979   0.8420   0.9185   1.4861   1.5558   1.8107   2.3252   2.5581
  10.9156
     compute_u_kq: q = (    0.0000,    0.0000,   -0.0074)
     ethr =  1.00E-13,  avg # of iterations = 10.0
     eigenvalues at k:
 -16.3133 -15.8295 -15.2047 -14.6626 -14.6237 -14.5994  -5.8029  -4.7967
  -3.3067  -2.8657  -2.8435  -2.0479  -0.4858  -0.3199  -0.0899   0.2966
   0.4975   0.8413   0.9188   1.4875   1.5561   1.8093   2.3254   2.5580
  10.9168
     eigenvalues at k+q:
 -16.3130 -15.8293 -15.2049 -14.6624 -14.6237 -14.5992  -5.8024  -4.7963
  -3.3091  -2.8670  -2.8396  -2.0487  -0.4861  -0.3211  -0.0884   0.2949
   0.5004   0.8395   0.9212   1.4857   1.5585   1.8093   2.3247   2.5576
  10.9182
     compute_u_kq: q = (    0.0000,    0.0000,    0.0074)
     ethr =  1.00E-13,  avg # of iterations = 10.0
     eigenvalues at k:
 -16.3133 -15.8295 -15.2047 -14.6626 -14.6237 -14.5994  -5.8029  -4.7967
  -3.3067  -2.8657  -2.8435  -2.0479  -0.4858  -0.3199  -0.0899   0.2966
   0.4975   0.8413   0.9188   1.4875   1.5561   1.8093   2.3254   2.5580
  10.9168
     eigenvalues at k+q:
 -16.3130 -15.8293 -15.2049 -14.6624 -14.6237 -14.5992  -5.8024  -4.7963
  -3.3091  -2.8668  -2.8397  -2.0487  -0.4861  -0.3211  -0.0884   0.2949
   0.5004   0.8396   0.9212   1.4857   1.5585   1.8093   2.3247   2.5576
  10.9182
     k-point:   6    occ= 24
     compute_u_kq: q = (    0.0000,    0.0000,    0.0000)
     ethr =  1.00E-13,  avg # of iterations =  4.0
     eigenvalues at k:
 -16.2431 -15.7953 -15.3382 -14.6877 -14.6096 -14.5881  -5.6520  -4.6810
  -3.8161  -2.7495  -2.4808  -2.3683  -0.6169  -0.5969   0.1549   0.4785
   0.4968   1.0353   1.3210   1.4430   1.7070   1.7557   1.9911   2.4011
  11.5972
     eigenvalues at k+q:
 -16.2429 -15.7952 -15.3381 -14.6876 -14.6095 -14.5880  -5.6519  -4.6809
  -3.8160  -2.7494  -2.4808  -2.3682  -0.6168  -0.5968   0.1550   0.4786
   0.4969   1.0353   1.3210   1.4430   1.7071   1.7558   1.9912   2.4012
  11.5973
     compute_u_kq: q = (   -0.0074,    0.0000,    0.0000)
     ethr =  1.00E-13,  avg # of iterations = 10.0
     eigenvalues at k:
 -16.2431 -15.7953 -15.3382 -14.6877 -14.6096 -14.5881  -5.6520  -4.6810
  -3.8161  -2.7495  -2.4808  -2.3683  -0.6169  -0.5969   0.1549   0.4785
   0.4968   1.0353   1.3210   1.4430   1.7070   1.7557   1.9911   2.4011
  11.5972
     eigenvalues at k+q:
 -16.2430 -15.7968 -15.3363 -14.6875 -14.6095 -14.5880  -5.6541  -4.6788
  -3.8162  -2.7495  -2.4814  -2.3678  -0.6172  -0.5956   0.1550   0.4766
   0.4980   1.0356   1.3206   1.4428   1.7053   1.7584   1.9915   2.4010
  11.5953
     compute_u_kq: q = (    0.0074,    0.0000,    0.0000)
     ethr =  1.00E-13,  avg # of iterations = 10.0
     eigenvalues at k:
 -16.2431 -15.7953 -15.3382 -14.6877 -14.6096 -14.5881  -5.6520  -4.6810
  -3.8161  -2.7495  -2.4808  -2.3683  -0.6169  -0.5969   0.1549   0.4785
   0.4968   1.0353   1.3210   1.4430   1.7070   1.7557   1.9911   2.4011
  11.5972
     eigenvalues at k+q:
 -16.2430 -15.7968 -15.3363 -14.6875 -14.6095 -14.5880  -5.6541  -4.6788
  -3.8162  -2.7495  -2.4814  -2.3678  -0.6172  -0.5956   0.1550   0.4766
   0.4980   1.0356   1.3206   1.4428   1.7053   1.7584   1.9915   2.4010
  11.5953
     compute_u_kq: q = (    0.0000,   -0.0074,    0.0000)
     ethr =  1.00E-13,  avg # of iterations = 10.0
     eigenvalues at k:
 -16.2431 -15.7953 -15.3382 -14.6877 -14.6096 -14.5881  -5.6520  -4.6810
  -3.8161  -2.7495  -2.4808  -2.3683  -0.6169  -0.5969   0.1549   0.4785
   0.4968   1.0353   1.3210   1.4430   1.7070   1.7557   1.9911   2.4011
  11.5972
     eigenvalues at k+q:
 -16.2429 -15.7955 -15.3378 -14.6875 -14.6095 -14.5881  -5.6518  -4.6806
  -3.8167  -2.7489  -2.4811  -2.3682  -0.6187  -0.5942   0.1541   0.4781
   0.4978   1.0340   1.3223   1.4434   1.7067   1.7565   1.9912   2.4003
  11.5967
     compute_u_kq: q = (    0.0000,    0.0074,    0.0000)
     ethr =  1.00E-13,  avg # of iterations = 10.0
     eigenvalues at k:
 -16.2431 -15.7953 -15.3382 -14.6877 -14.6096 -14.5881  -5.6520  -4.6810
  -3.8161  -2.7495  -2.4808  -2.3683  -0.6169  -0.5969   0.1549   0.4785
   0.4968   1.0353   1.3210   1.4430   1.7070   1.7557   1.9911   2.4011
  11.5972
     eigenvalues at k+q:
 -16.2429 -15.7955 -15.3378 -14.6875 -14.6095 -14.5881  -5.6518  -4.6806
  -3.8167  -2.7490  -2.4811  -2.3682  -0.6187  -0.5942   0.1541   0.4781
   0.4978   1.0340   1.3223   1.4434   1.7068   1.7565   1.9912   2.4003
  11.5967
     compute_u_kq: q = (    0.0000,    0.0000,   -0.0074)
     ethr =  1.00E-13,  avg # of iterations = 10.0
     eigenvalues at k:
 -16.2431 -15.7953 -15.3382 -14.6877 -14.6096 -14.5881  -5.6520  -4.6810
  -3.8161  -2.7495  -2.4808  -2.3683  -0.6169  -0.5969   0.1549   0.4785
   0.4968   1.0353   1.3210   1.4430   1.7070   1.7557   1.9911   2.4011
  11.5972
     eigenvalues at k+q:
 -16.2432 -15.7953 -15.3377 -14.6874 -14.6096 -14.5879  -5.6523  -4.6812
  -3.8151  -2.7504  -2.4790  -2.3689  -0.6166  -0.5963   0.1546   0.4720
   0.5031   1.0342   1.3202   1.4431   1.6977   1.7668   1.9906   2.4015
  11.5954
     compute_u_kq: q = (    0.0000,    0.0000,    0.0074)
     ethr =  1.00E-13,  avg # of iterations = 10.0
     eigenvalues at k:
 -16.2431 -15.7953 -15.3382 -14.6877 -14.6096 -14.5881  -5.6520  -4.6810
  -3.8161  -2.7495  -2.4808  -2.3683  -0.6169  -0.5969   0.1549   0.4785
   0.4968   1.0353   1.3210   1.4430   1.7070   1.7557   1.9911   2.4011
  11.5972
     eigenvalues at k+q:
 -16.2432 -15.7953 -15.3377 -14.6875 -14.6096 -14.5879  -5.6523  -4.6812
  -3.8151  -2.7506  -2.4789  -2.3689  -0.6166  -0.5963   0.1546   0.4720
   0.5031   1.0342   1.3202   1.4432   1.6977   1.7668   1.9906   2.4015
  11.5954
     k-point:   7    occ= 24
     compute_u_kq: q = (    0.0000,    0.0000,    0.0000)
     ethr =  1.00E-13,  avg # of iterations =  4.0
     eigenvalues at k:
 -16.3133 -15.8295 -15.2047 -14.6626 -14.6237 -14.5994  -5.8029  -4.7967
  -3.3067  -2.8657  -2.8435  -2.0479  -0.4858  -0.3199  -0.0899   0.2966
   0.4975   0.8413   0.9189   1.4875   1.5561   1.8093   2.3254   2.5580
  10.9168
     eigenvalues at k+q:
 -16.3132 -15.8294 -15.2045 -14.6625 -14.6236 -14.5994  -5.8028  -4.7966
  -3.3066  -2.8656  -2.8434  -2.0478  -0.4857  -0.3198  -0.0898   0.2967
   0.4976   0.8414   0.9189   1.4876   1.5562   1.8094   2.3255   2.5580
  10.9169
     compute_u_kq: q = (   -0.0074,    0.0000,    0.0000)
     ethr =  1.00E-13,  avg # of iterations = 10.0
     eigenvalues at k:
 -16.3133 -15.8295 -15.2047 -14.6626 -14.6237 -14.5994  -5.8029  -4.7967
  -3.3067  -2.8657  -2.8435  -2.0479  -0.4858  -0.3199  -0.0899   0.2966
   0.4975   0.8413   0.9189   1.4875   1.5561   1.8093   2.3254   2.5580
  10.9168
     eigenvalues at k+q:
 -16.3127 -15.8298 -15.2047 -14.6625 -14.6236 -14.5994  -5.8032  -4.7949
  -3.3101  -2.8636  -2.8432  -2.0475  -0.4853  -0.3197  -0.0910   0.2976
   0.4977   0.8421   0.9180   1.4856   1.5557   1.8113   2.3251   2.5583
  10.9184
     compute_u_kq: q = (    0.0074,    0.0000,    0.0000)
     ethr =  1.00E-13,  avg # of iterations = 10.0
     eigenvalues at k:
 -16.3133 -15.8295 -15.2047 -14.6626 -14.6237 -14.5994  -5.8029  -4.7967
  -3.3067  -2.8657  -2.8435  -2.0479  -0.4858  -0.3199  -0.0899   0.2966
   0.4975   0.8413   0.9189   1.4875   1.5561   1.8093   2.3254   2.5580
  10.9168
     eigenvalues at k+q:
 -16.3127 -15.8298 -15.2047 -14.6625 -14.6236 -14.5994  -5.8031  -4.7949
  -3.3101  -2.8636  -2.8432  -2.0475  -0.4853  -0.3197  -0.0910   0.2976
   0.4977   0.8421   0.9180   1.4856   1.5557   1.8113   2.3251   2.5583
  10.9184
     compute_u_kq: q = (    0.0000,   -0.0074,    0.0000)
     ethr =  1.00E-13,  avg # of iterations = 10.0
     eigenvalues at k:
 -16.3133 -15.8295 -15.2047 -14.6626 -14.6237 -14.5994  -5.8029  -4.7967
  -3.3067  -2.8657  -2.8435  -2.0479  -0.4858  -0.3199  -0.0899   0.2966
   0.4975   0.8413   0.9189   1.4875   1.5561   1.8093   2.3254   2.5580
  10.9168
     eigenvalues at k+q:
 -16.3150 -15.8274 -15.2046 -14.6624 -14.6235 -14.5993  -5.8026  -4.7984
  -3.3052  -2.8661  -2.8429  -2.0489  -0.4875  -0.3170  -0.0895   0.2952
   0.4987   0.8416   0.9199   1.4876   1.5561   1.8090   2.3257   2.5577
  10.9074
     compute_u_kq: q = (    0.0000,    0.0074,    0.0000)
     ethr =  1.00E-13,  avg # of iterations = 10.0
     eigenvalues at k:
 -16.3133 -15.8295 -15.2047 -14.6626 -14.6237 -14.5994  -5.8029  -4.7967
  -3.3067  -2.8657  -2.8435  -2.0479  -0.4858  -0.3199  -0.0899   0.2966
   0.4975   0.8413   0.9189   1.4875   1.5561   1.8093   2.3254   2.5580
  10.9168
     eigenvalues at k+q:
 -16.3150 -15.8274 -15.2046 -14.6624 -14.6235 -14.5993  -5.8026  -4.7985
  -3.3052  -2.8662  -2.8428  -2.0489  -0.4875  -0.3170  -0.0895   0.2952
   0.4987   0.8416   0.9199   1.4876   1.5561   1.8090   2.3257   2.5577
  10.9074
     compute_u_kq: q = (    0.0000,    0.0000,   -0.0074)
     ethr =  1.00E-13,  avg # of iterations = 10.0
     eigenvalues at k:
 -16.3133 -15.8295 -15.2047 -14.6626 -14.6237 -14.5994  -5.8029  -4.7967
  -3.3067  -2.8657  -2.8435  -2.0479  -0.4858  -0.3199  -0.0899   0.2966
   0.4975   0.8413   0.9189   1.4875   1.5561   1.8093   2.3254   2.5580
  10.9168
     eigenvalues at k+q:
 -16.3131 -15.8293 -15.2049 -14.6624 -14.6237 -14.5993  -5.8024  -4.7963
  -3.3090  -2.8670  -2.8396  -2.0487  -0.4861  -0.3211  -0.0884   0.2949
   0.5004   0.8395   0.9212   1.4857   1.5585   1.8093   2.3247   2.5576
  10.9182
     compute_u_kq: q = (    0.0000,    0.0000,    0.0074)
     ethr =  1.00E-13,  avg # of iterations = 10.0
     eigenvalues at k:
 -16.3133 -15.8295 -15.2047 -14.6626 -14.6237 -14.5994  -5.8029  -4.7967
  -3.3067  -2.8657  -2.8435  -2.0479  -0.4858  -0.3199  -0.0899   0.2966
   0.4975   0.8413   0.9189   1.4875   1.5561   1.8093   2.3254   2.5580
  10.9168
     eigenvalues at k+q:
 -16.3131 -15.8293 -15.2049 -14.6624 -14.6237 -14.5993  -5.8024  -4.7963
  -3.3090  -2.8668  -2.8397  -2.0487  -0.4861  -0.3211  -0.0884   0.2949
   0.5004   0.8396   0.9212   1.4857   1.5585   1.8093   2.3247   2.5576
  10.9182
     k-point:   8    occ= 24
     compute_u_kq: q = (    0.0000,    0.0000,    0.0000)
     ethr =  1.00E-13,  avg # of iterations =  4.0
     eigenvalues at k:
 -16.2431 -15.7953 -15.3382 -14.6877 -14.6096 -14.5881  -5.6520  -4.6810
  -3.8161  -2.7495  -2.4808  -2.3683  -0.6169  -0.5969   0.1549   0.4785
   0.4968   1.0353   1.3210   1.4430   1.7070   1.7557   1.9911   2.4011
  11.5972
     eigenvalues at k+q:
 -16.2430 -15.7952 -15.3380 -14.6875 -14.6095 -14.5880  -5.6519  -4.6809
  -3.8160  -2.7495  -2.4807  -2.3682  -0.6168  -0.5968   0.1550   0.4786
   0.4969   1.0354   1.3211   1.4431   1.7071   1.7557   1.9912   2.4011
  11.5973
     compute_u_kq: q = (   -0.0074,    0.0000,    0.0000)
     ethr =  1.00E-13,  avg # of iterations = 10.0
     eigenvalues at k:
 -16.2431 -15.7953 -15.3382 -14.6877 -14.6096 -14.5881  -5.6520  -4.6810
  -3.8161  -2.7495  -2.4808  -2.3683  -0.6169  -0.5969   0.1549   0.4785
   0.4968   1.0353   1.3210   1.4430   1.7070   1.7557   1.9911   2.4011
  11.5972
     eigenvalues at k+q:
 -16.2429 -15.7948 -15.3385 -14.6875 -14.6095 -14.5882  -5.6507  -4.6815
  -3.8169  -2.7487  -2.4810  -2.3684  -0.6194  -0.5936   0.1537   0.4788
   0.4976   1.0333   1.3232   1.4438   1.7075   1.7555   1.9910   2.4000
  11.5974
     compute_u_kq: q = (    0.0074,    0.0000,    0.0000)
     ethr =  1.00E-13,  avg # of iterations = 10.0
     eigenvalues at k:
 -16.2431 -15.7953 -15.3382 -14.6877 -14.6096 -14.5881  -5.6520  -4.6810
  -3.8161  -2.7495  -2.4808  -2.3683  -0.6169  -0.5969   0.1549   0.4785
   0.4968   1.0353   1.3210   1.4430   1.7070   1.7557   1.9911   2.4011
  11.5972
     eigenvalues at k+q:
 -16.2429 -15.7948 -15.3385 -14.6875 -14.6095 -14.5882  -5.6507  -4.6815
  -3.8169  -2.7487  -2.4810  -2.3684  -0.6194  -0.5936   0.1537   0.4788
   0.4976   1.0333   1.3232   1.4438   1.7075   1.7555   1.9910   2.4000
  11.5975
     compute_u_kq: q = (    0.0000,   -0.0074,    0.0000)
     ethr =  1.00E-13,  avg # of iterations = 10.0
     eigenvalues at k:
 -16.2431 -15.7953 -15.3382 -14.6877 -14.6096 -14.5881  -5.6520  -4.6810
  -3.8161  -2.7495  -2.4808  -2.3683  -0.6169  -0.5969   0.1549   0.4785
   0.4968   1.0353   1.3210   1.4430   1.7070   1.7557   1.9911   2.4011
  11.5972
     eigenvalues at k+q:
 -16.2431 -15.7974 -15.3355 -14.6874 -14.6095 -14.5880  -5.6552  -4.6778
  -3.8159  -2.7498  -2.4816  -2.3676  -0.6164  -0.5963   0.1554   0.4759
   0.4980   1.0364   1.3198   1.4425   1.7047   1.7592   1.9917   2.4013
  11.5946
     compute_u_kq: q = (    0.0000,    0.0074,    0.0000)
     ethr =  1.00E-13,  avg # of iterations = 10.0
     eigenvalues at k:
 -16.2431 -15.7953 -15.3382 -14.6877 -14.6096 -14.5881  -5.6520  -4.6810
  -3.8161  -2.7495  -2.4808  -2.3683  -0.6169  -0.5969   0.1549   0.4785
   0.4968   1.0353   1.3210   1.4430   1.7070   1.7557   1.9911   2.4011
  11.5972
     eigenvalues at k+q:
 -16.2431 -15.7974 -15.3355 -14.6874 -14.6094 -14.5880  -5.6552  -4.6779
  -3.8159  -2.7498  -2.4816  -2.3676  -0.6164  -0.5963   0.1554   0.4759
   0.4980   1.0364   1.3198   1.4425   1.7047   1.7592   1.9917   2.4013
  11.5946
     compute_u_kq: q = (    0.0000,    0.0000,   -0.0074)
     ethr =  1.00E-13,  avg # of iterations = 10.0
     eigenvalues at k:
 -16.2431 -15.7953 -15.3382 -14.6877 -14.6096 -14.5881  -5.6520  -4.6810
  -3.8161  -2.7495  -2.4808  -2.3683  -0.6169  -0.5969   0.1549   0.4785
   0.4968   1.0353   1.3210   1.4430   1.7070   1.7557   1.9911   2.4011
  11.5972
     eigenvalues at k+q:
 -16.2432 -15.7953 -15.3377 -14.6874 -14.6096 -14.5880  -5.6523  -4.6812
  -3.8150  -2.7505  -2.4790  -2.3690  -0.6166  -0.5963   0.1546   0.4720
   0.5031   1.0342   1.3202   1.4432   1.6977   1.7668   1.9906   2.4015
  11.5954
     compute_u_kq: q = (    0.0000,    0.0000,    0.0074)
     ethr =  1.00E-13,  avg # of iterations = 10.0
     eigenvalues at k:
 -16.2431 -15.7953 -15.3382 -14.6877 -14.6096 -14.5881  -5.6520  -4.6810
  -3.8161  -2.7495  -2.4808  -2.3683  -0.6169  -0.5969   0.1549   0.4785
   0.4968   1.0353   1.3210   1.4430   1.7070   1.7557   1.9911   2.4011
  11.5972
     eigenvalues at k+q:
 -16.2432 -15.7953 -15.3377 -14.6874 -14.6096 -14.5880  -5.6523  -4.6812
  -3.8150  -2.7506  -2.4789  -2.3689  -0.6166  -0.5963   0.1546   0.4720
   0.5031   1.0342   1.3202   1.4432   1.6977   1.7668   1.9906   2.4015
  11.5954
     done with du/dk   q_gipaw = 0.010000

     Computing the orbital magnetization (bohr mag/cell):
BC: k-point:    1  pool:   1       -0.000008   -0.000004   -0.000021
LC: k-point:    1  pool:   1       -0.000004   -0.000001    0.000021
IC: k-point:    1  pool:   1        0.000000   -0.000000    0.001557
BC: k-point:    2  pool:   1       -0.000014   -0.000009   -0.000017
LC: k-point:    2  pool:   1       -0.000006   -0.000004    0.000024
IC: k-point:    2  pool:   1       -0.000001   -0.000000    0.000002
BC: k-point:    3  pool:   1        0.000017    0.000010    0.000027
LC: k-point:    3  pool:   1        0.000006    0.000003    0.000037
IC: k-point:    3  pool:   1        0.000000    0.000000    0.000001
BC: k-point:    4  pool:   1        0.000000    0.000000    0.000008
LC: k-point:    4  pool:   1       -0.000000   -0.000000    0.000030
IC: k-point:    4  pool:   1       -0.000001   -0.000001   -0.000000
BC: k-point:    5  pool:   1       -0.000012    0.000019   -0.000004
LC: k-point:    5  pool:   1       -0.000005    0.000006    0.000026
IC: k-point:    5  pool:   1       -0.000001    0.000001   -0.000000
BC: k-point:    6  pool:   1       -0.000007    0.000017    0.000003
LC: k-point:    6  pool:   1       -0.000003    0.000005    0.000028
IC: k-point:    6  pool:   1       -0.000001    0.000001    0.000001
BC: k-point:    7  pool:   1        0.000010   -0.000020   -0.000004
LC: k-point:    7  pool:   1        0.000003   -0.000007    0.000026
IC: k-point:    7  pool:   1        0.000000   -0.000001   -0.000000
BC: k-point:    8  pool:   1        0.000011   -0.000014    0.000003
LC: k-point:    8  pool:   1        0.000003   -0.000006    0.000028
IC: k-point:    8  pool:   1        0.000000   -0.000001    0.000001

     SPIN-ORBIT:
     lambda_so          =       0.000000      0.000000      0.000000

     Berry curvature    =      -0.000001     -0.000001     -0.000005
     Fermi energy       =       0.412157 rydberg

     NUCLEAR DIPOLE ON ATOM   1:
     m_0                =       0.000000      0.000000      1.414214

     (without Berry curvature term)
     M_LC               =      -0.000012     -0.000006      0.000441
     M_IC               =      -0.000003     -0.000002     -0.000009
     Delta_M_bare       =      -0.000002     -0.000001      0.000126
     Delta_M_para       =       0.000001      0.000001      0.000263
     Delta_M_dia        =       0.000000      0.000000     -0.000011
     M_tot              =      -0.000017     -0.000008      0.000810

     (with Berry curvature term)
     M_LC               =      -0.000012     -0.000005      0.000443
     M_IC               =      -0.000002     -0.000001     -0.000007
     Delta_M            =      -0.000001     -0.000001      0.000378
     M_tot              =      -0.000016     -0.000007      0.000814

     NUCLEAR DIPOLE ON ATOM   1 (Si ):
     m_0                =       0.000000      0.000000      1.414214
     Chemical shift (ppm):        7.8189        3.6413     -406.8606
     Core shift     (ppm):      837.9127

     QE-CONVERSE  :   1m 2.84s CPU   1m 5.86s WALL


   This run was terminated on:  11:41:50   4Nov2024            

=------------------------------------------------------------------------------=
   JOB DONE.
=------------------------------------------------------------------------------=
     Initialization:

     read_file    :      0.20s CPU      0.22s WALL (       1 calls)
     gipaw_setup  :      0.03s CPU      0.03s WALL (       1 calls)
     wfcinit      :      1.17s CPU      1.32s WALL (       1 calls)
     hinit0       :      0.07s CPU      0.07s WALL (       1 calls)
     potinit      :      0.11s CPU      0.12s WALL (       1 calls)

     SCF calculation:

     electrons    :     20.68s CPU     21.73s WALL (       1 calls)
     h_psi        :     50.45s CPU     53.27s WALL (    2069 calls)

     g-tensor:

     compute_dudk :     34.31s CPU     35.89s WALL (       1 calls)
     orbital_magn :      6.24s CPU      6.47s WALL (       1 calls)
