
     Program QE-CONVERSE v.7.2 starts on 25Sep2024 at 11:27: 1 

     This program is part of the open-source Quantum ESPRESSO suite
     for quantum simulation of materials; please cite
         "P. Giannozzi et al., J. Phys.:Condens. Matter 21 395502 (2009);
         "P. Giannozzi et al., J. Phys.:Condens. Matter 29 465901 (2017);
         "P. Giannozzi et al., J. Chem. Phys. 152 154105 (2020);
          URL http://www.quantum-espresso.org", 
     in publications or presentations arising from this work. More details at
     http://www.quantum-espresso.org/quote

     Parallel version (MPI), running on     6 processors

     MPI processes distributed on     1 nodes
     R & G space division:  proc/nbgrp/npool/nimage =       6
     4821 MiB available memory on the printing compute node when the environment starts


     Reading xml data from directory:

     ./scratch/no2.save/

     IMPORTANT: XC functional enforced from input :
     Exchange-correlation= PBE
                           (   1   4   3   4   0   0   0)
     Any further DFT definition will be discarded
     Please, verify this is what you really want


     Parallelization info
     --------------------
     sticks:   dense  smooth     PW     G-vecs:    dense   smooth      PW
     Min        2123    2123    529               180125   180125   22507
     Max        2125    2125    531               180126   180126   22508
     Sum       12745   12745   3181              1080751  1080751  135043

     Using Slab Decomposition

     Reading collected, re-writing distributed wavefunctions
     GIPAW projectors -----------------------------------------------
     atom=  O    l=0  rc=    1.4000  rs=    0.9333
     atom=  O    l=0  rc=    1.4000  rs=    0.9333
     atom=  O    l=1  rc=    1.4000  rs=    0.9333
     atom=  O    l=1  rc=    1.4000  rs=    0.9333
     projs nearly linearly dependent: l=1  n1,n2= 1, 2  s=  0.99858905

     atom=  N    l=0  rc=    1.4500  rs=    0.9667
     atom=  N    l=0  rc=    1.4500  rs=    0.9667
     atom=  N    l=1  rc=    1.4500  rs=    0.9667
     atom=  N    l=1  rc=    1.4500  rs=    0.9667
     projs nearly linearly dependent: l=0  n1,n2= 1, 2  s=  0.99219566
     projs nearly linearly dependent: l=1  n1,n2= 1, 2  s=  0.99925581
     -----------------------------------------------------------------

     GIPAW integrals: -------------------------------------------
     Atom  i/j   nmr_para    nmr_dia     epr_rmc    epr_para     epr_dia
       O   1 1  0.1149E+04  0.2316E+00  0.8411E+01  0.1903E+05  0.5983E+01
       O   2 1  0.1170E+04  0.4805E-01  0.8370E+01  0.1952E+05  0.4733E+01
       O   2 2  0.1189E+04  -.1472E+00  0.7956E+01  0.2002E+05  0.3721E+01
       O   3 3  0.4175E+01  0.1179E+00  0.1114E+01  0.9580E+02  0.2214E+01
       O   4 3  0.4686E+01  0.1552E+00  0.1377E+01  0.1054E+03  0.2733E+01
       O   4 4  0.5248E+01  0.1959E+00  0.1691E+01  0.1160E+03  0.3329E+01
       N   1 1  0.8933E+03  0.2669E+00  0.7443E+01  0.1290E+05  0.5097E+01
       N   2 1  0.9460E+03  0.2091E+00  0.7855E+01  0.1371E+05  0.4949E+01
       N   2 2  0.1001E+04  0.1425E+00  0.8176E+01  0.1457E+05  0.4894E+01
       N   3 3  0.2663E+01  0.8710E-01  0.7162E+00  0.5683E+02  0.1423E+01
       N   4 3  0.2896E+01  0.1057E+00  0.8347E+00  0.6097E+02  0.1658E+01
       N   4 4  0.3146E+01  0.1255E+00  0.9714E+00  0.6540E+02  0.1922E+01
     ------------------------------------------------------------


     R & G space division:  proc/nbgrp/npool/nimage =       6
     Subspace diagonalization in iterative solution of the eigenvalue problem:
     a serial algorithm will be used



     bravais-lattice index     =            1
     lattice parameter (alat)  =      20.0000  a.u.
     unit-cell volume          =    8000.0000 (a.u.)^3
     number of atoms/cell      =            3
     number of atomic types    =            2
     number of electrons       =        17.00 (up:   9.00, down:   8.00)
     number of Kohn-Sham states=            9
     kinetic-energy cutoff     =     100.0000  Ry
     charge density cutoff     =     400.0000  Ry
     scf convergence threshold =      1.0E-08
     mixing beta               =       0.5000
     number of iterations used =            8  plain     mixing
     Exchange-correlation= PBE
                           (   1   4   3   4   0   0   0)

     celldm(1)=  20.000000  celldm(2)=   0.000000  celldm(3)=   0.000000
     celldm(4)=   0.000000  celldm(5)=   0.000000  celldm(6)=   0.000000

     crystal axes: (cart. coord. in units of alat)
               a(1) = (   1.000000   0.000000   0.000000 )  
               a(2) = (   0.000000   1.000000   0.000000 )  
               a(3) = (   0.000000   0.000000   1.000000 )  

     reciprocal axes: (cart. coord. in units 2 pi/alat)
               b(1) = (  1.000000  0.000000  0.000000 )  
               b(2) = (  0.000000  1.000000  0.000000 )  
               b(3) = (  0.000000  0.000000  1.000000 )  


     PseudoPot. # 1 for O  read from file:
     ../pseudo/O.pbe-tm-new-gipaw-dc.UPF
     MD5 check sum: cd70c9dcf1f7d755502eb127a1501eea
     Pseudo is Norm-conserving, Zval =  6.0
     Generated by new atomic code, or converted to UPF format
     Using radial grid of 1469 points,  1 beta functions with: 
                l(1) =   0

     PseudoPot. # 2 for N  read from file:
     ../pseudo/N.pbe-tm-new-gipaw.UPF
     MD5 check sum: 9e1e244b5be3554aada01acffa4176ee
     Pseudo is Norm-conserving, Zval =  5.0
     Generated by new atomic code, or converted to UPF format
     Using radial grid of 1457 points,  1 beta functions with: 
                l(1) =   0

     atomic species   valence    mass     pseudopotential
        O              6.00    16.00000     O ( 1.00)
        N              5.00    14.00000     N ( 1.00)

     Starting magnetic structure 
     atomic species   magnetization
        O            0.000
        N            0.000

     No symmetry found


                                    s                        frac. trans.

      isym =  1     identity                                     

 cryst.   s( 1) = (     1          0          0      )
                  (     0          1          0      )
                  (     0          0          1      )

 cart.    s( 1) = (  1.0000000  0.0000000  0.0000000 )
                  (  0.0000000  1.0000000  0.0000000 )
                  (  0.0000000  0.0000000  1.0000000 )


     point group C_1 (1)    
     there are  1 classes
     the character table:

       E    
A      1.00

     the symmetry operations in each class and the name of the first element:

     E        1
          identity                                               

   Cartesian axes

     site n.     atom                  positions (alat units)
         1           N   tau(   1) = (   0.0000000   0.0000010  -0.0013636  )
         2           O   tau(   2) = (  -0.0000000   0.1061420   0.0446457  )
         3           O   tau(   3) = (  -0.0000000  -0.1061430   0.0446468  )

   Crystallographic axes

     site n.     atom                  positions (cryst. coord.)
         1           N   tau(   1) = (  0.0000000  0.0000010 -0.0013636  )
         2           O   tau(   2) = ( -0.0000000  0.1061420  0.0446457  )
         3           O   tau(   3) = ( -0.0000000 -0.1061430  0.0446468  )

     number of k points=     1
                       cart. coord. in units 2pi/alat
        k(    1) = (   0.0000000   0.0000000   0.0000000), wk =   1.0000000

                       cryst. coord.
        k(    1) = (   0.0000000   0.0000000   0.0000000), wk =   1.0000000

     Dense  grid:  1080751 G-vectors     FFT dimensions: ( 128, 128, 128)

     Initial potential from superposition of free atoms

     starting charge      17.0000, renormalised to      17.0000

     negative rho (up, down):  1.925E-05 1.925E-05
     Starting wfcs are   24 atomic wfcs

     Self-consistent Calculation

     iteration #  1     ecut=   100.00 Ry     beta= 0.50
     Davidson diagonalization with overlap 

---- Real-time Memory Report at c_bands before calling an iterative solver
           190 MiB given to the printing process from OS
             0 MiB allocation reported by mallinfo(arena+hblkhd)
          4059 MiB available memory on the node where the printing process lives
------------------
     ethr =  1.00E-08,  avg # of iterations =  8.0

     negative rho (up, down):  8.102E-06 9.406E-06

     total energy              =     -83.47531880 Ry
     Harris-Foulkes estimate   =     -83.60019575 Ry
     estimated scf accuracy    <       0.26354315 Ry

     total magnetization       =     1.00 Bohr mag/cell
     absolute magnetization    =     1.00 Bohr mag/cell

     iteration #  2     ecut=   100.00 Ry     beta= 0.50
     Davidson diagonalization with overlap 

---- Real-time Memory Report at c_bands before calling an iterative solver
           252 MiB given to the printing process from OS
             0 MiB allocation reported by mallinfo(arena+hblkhd)
          3492 MiB available memory on the node where the printing process lives
------------------
     ethr =  1.55E-03,  avg # of iterations =  3.0

     negative rho (up, down):  5.232E-06 6.536E-06

     total energy              =     -83.53006490 Ry
     Harris-Foulkes estimate   =     -83.59201757 Ry
     estimated scf accuracy    <       0.16280786 Ry

     total magnetization       =     1.00 Bohr mag/cell
     absolute magnetization    =     1.01 Bohr mag/cell

     iteration #  3     ecut=   100.00 Ry     beta= 0.50
     Davidson diagonalization with overlap 

---- Real-time Memory Report at c_bands before calling an iterative solver
           263 MiB given to the printing process from OS
             0 MiB allocation reported by mallinfo(arena+hblkhd)
          3407 MiB available memory on the node where the printing process lives
------------------
     ethr =  9.58E-04,  avg # of iterations =  3.0

     negative rho (up, down):  9.924E-07 1.646E-06

     total energy              =     -83.56249762 Ry
     Harris-Foulkes estimate   =     -83.55967357 Ry
     estimated scf accuracy    <       0.00631300 Ry

     total magnetization       =     1.00 Bohr mag/cell
     absolute magnetization    =     1.02 Bohr mag/cell

     iteration #  4     ecut=   100.00 Ry     beta= 0.50
     Davidson diagonalization with overlap 

---- Real-time Memory Report at c_bands before calling an iterative solver
           274 MiB given to the printing process from OS
             0 MiB allocation reported by mallinfo(arena+hblkhd)
          3334 MiB available memory on the node where the printing process lives
------------------
     ethr =  3.71E-05,  avg # of iterations =  2.5

     negative rho (up, down):  1.572E-08 5.558E-08

     total energy              =     -83.56385550 Ry
     Harris-Foulkes estimate   =     -83.56342244 Ry
     estimated scf accuracy    <       0.00092560 Ry

     total magnetization       =     1.00 Bohr mag/cell
     absolute magnetization    =     1.04 Bohr mag/cell

     iteration #  5     ecut=   100.00 Ry     beta= 0.50
     Davidson diagonalization with overlap 

---- Real-time Memory Report at c_bands before calling an iterative solver
           285 MiB given to the printing process from OS
             0 MiB allocation reported by mallinfo(arena+hblkhd)
          3268 MiB available memory on the node where the printing process lives
------------------
     ethr =  5.44E-06,  avg # of iterations =  3.0

     total energy              =     -83.56417371 Ry
     Harris-Foulkes estimate   =     -83.56418720 Ry
     estimated scf accuracy    <       0.00017880 Ry

     total magnetization       =     1.00 Bohr mag/cell
     absolute magnetization    =     1.05 Bohr mag/cell

     iteration #  6     ecut=   100.00 Ry     beta= 0.50
     Davidson diagonalization with overlap 

---- Real-time Memory Report at c_bands before calling an iterative solver
           296 MiB given to the printing process from OS
             0 MiB allocation reported by mallinfo(arena+hblkhd)
          3205 MiB available memory on the node where the printing process lives
------------------
     ethr =  1.05E-06,  avg # of iterations =  3.0

     total energy              =     -83.56422274 Ry
     Harris-Foulkes estimate   =     -83.56421469 Ry
     estimated scf accuracy    <       0.00001216 Ry

     total magnetization       =     1.00 Bohr mag/cell
     absolute magnetization    =     1.05 Bohr mag/cell

     iteration #  7     ecut=   100.00 Ry     beta= 0.50
     Davidson diagonalization with overlap 

---- Real-time Memory Report at c_bands before calling an iterative solver
           307 MiB given to the printing process from OS
             0 MiB allocation reported by mallinfo(arena+hblkhd)
          3131 MiB available memory on the node where the printing process lives
------------------
     ethr =  7.15E-08,  avg # of iterations =  3.5

     total energy              =     -83.56422551 Ry
     Harris-Foulkes estimate   =     -83.56422705 Ry
     estimated scf accuracy    <       0.00000754 Ry

     total magnetization       =     1.00 Bohr mag/cell
     absolute magnetization    =     1.05 Bohr mag/cell

     iteration #  8     ecut=   100.00 Ry     beta= 0.50
     Davidson diagonalization with overlap 

---- Real-time Memory Report at c_bands before calling an iterative solver
           318 MiB given to the printing process from OS
             0 MiB allocation reported by mallinfo(arena+hblkhd)
          3066 MiB available memory on the node where the printing process lives
------------------
     ethr =  4.44E-08,  avg # of iterations =  3.0

     total energy              =     -83.56422719 Ry
     Harris-Foulkes estimate   =     -83.56422673 Ry
     estimated scf accuracy    <       0.00000046 Ry

     total magnetization       =     1.00 Bohr mag/cell
     absolute magnetization    =     1.05 Bohr mag/cell

     iteration #  9     ecut=   100.00 Ry     beta= 0.50
     Davidson diagonalization with overlap 

---- Real-time Memory Report at c_bands before calling an iterative solver
           329 MiB given to the printing process from OS
             0 MiB allocation reported by mallinfo(arena+hblkhd)
          3001 MiB available memory on the node where the printing process lives
------------------
     ethr =  2.70E-09,  avg # of iterations =  3.0

     total energy              =     -83.56422741 Ry
     Harris-Foulkes estimate   =     -83.56422739 Ry
     estimated scf accuracy    <       0.00000007 Ry

     total magnetization       =     1.00 Bohr mag/cell
     absolute magnetization    =     1.05 Bohr mag/cell

     iteration # 10     ecut=   100.00 Ry     beta= 0.50
     Davidson diagonalization with overlap 

---- Real-time Memory Report at c_bands before calling an iterative solver
           340 MiB given to the printing process from OS
             0 MiB allocation reported by mallinfo(arena+hblkhd)
          2949 MiB available memory on the node where the printing process lives
------------------
     ethr =  4.03E-10,  avg # of iterations =  4.0

     total energy              =     -83.56422744 Ry
     Harris-Foulkes estimate   =     -83.56422744 Ry
     estimated scf accuracy    <       0.00000001 Ry

     total magnetization       =     1.00 Bohr mag/cell
     absolute magnetization    =     1.05 Bohr mag/cell

     iteration # 11     ecut=   100.00 Ry     beta= 0.50
     Davidson diagonalization with overlap 

---- Real-time Memory Report at c_bands before calling an iterative solver
           340 MiB given to the printing process from OS
             0 MiB allocation reported by mallinfo(arena+hblkhd)
          2948 MiB available memory on the node where the printing process lives
------------------
     ethr =  7.89E-11,  avg # of iterations =  3.0

     End of self-consistent calculation

 ------ SPIN UP ------------


          k = 0.0000 0.0000 0.0000 (135043 PWs)   bands (ev):

   -31.6392 -27.9812 -16.5316 -13.8334 -13.5999 -13.5775  -9.0958  -8.7830
    -6.5539

     occupation numbers 
     1.0000   1.0000   1.0000   1.0000   1.0000   1.0000   1.0000   1.0000
     1.0000

 ------ SPIN DOWN ----------


          k = 0.0000 0.0000 0.0000 (135043 PWs)   bands (ev):

   -31.2357 -27.5155 -15.9157 -13.3854 -13.3526 -12.6525  -8.9216  -8.1085
    -5.0128

     occupation numbers 
     1.0000   1.0000   1.0000   1.0000   1.0000   1.0000   1.0000   1.0000
     0.0000

     highest occupied, lowest unoccupied level (ev):    -6.5539   -5.0128

!    total energy              =     -83.56422745 Ry
     Harris-Foulkes estimate   =     -83.56422745 Ry
     estimated scf accuracy    <          9.0E-10 Ry

     The total energy is the sum of the following terms:
     one-electron contribution =    -190.71040960 Ry
     hartree contribution      =      97.44254580 Ry
     xc contribution           =     -18.65251270 Ry
     ewald contribution        =      28.35614905 Ry

     total magnetization       =     1.00 Bohr mag/cell
     absolute magnetization    =     1.05 Bohr mag/cell

     convergence has been achieved in  11 iterations
     Computing du/dk (covariant derivative)
     k-point:   1    occ=  9
     compute_u_kq: q = (    0.0000,    0.0000,    0.0000)
     ethr =  1.00E-13,  avg # of iterations =  5.0
     eigenvalues at k:
 -31.6392 -27.9812 -16.5316 -13.8334 -13.5999 -13.5775  -9.0958  -8.7830
  -6.5539
     eigenvalues at k+q:
 -31.6392 -27.9811 -16.5316 -13.8334 -13.6000 -13.5775  -9.0958  -8.7829
  -6.5539
     compute_u_kq: q = (   -0.0318,    0.0000,    0.0000)
     ethr =  1.00E-13,  avg # of iterations = 11.0
     eigenvalues at k:
 -31.6392 -27.9812 -16.5316 -13.8334 -13.5999 -13.5775  -9.0958  -8.7830
  -6.5539
     eigenvalues at k+q:
 -31.6392 -27.9811 -16.5316 -13.8334 -13.6000 -13.5775  -9.0958  -8.7829
  -6.5539
     compute_u_kq: q = (    0.0318,    0.0000,    0.0000)
     ethr =  1.00E-13,  avg # of iterations = 11.0
     eigenvalues at k:
 -31.6392 -27.9812 -16.5316 -13.8334 -13.5999 -13.5775  -9.0958  -8.7830
  -6.5539
     eigenvalues at k+q:
 -31.6392 -27.9811 -16.5316 -13.8334 -13.6000 -13.5775  -9.0958  -8.7829
  -6.5539
     compute_u_kq: q = (    0.0000,   -0.0318,    0.0000)
     ethr =  1.00E-13,  avg # of iterations = 13.0
     eigenvalues at k:
 -31.6392 -27.9812 -16.5316 -13.8334 -13.5999 -13.5775  -9.0958  -8.7830
  -6.5539
     eigenvalues at k+q:
 -31.6392 -27.9811 -16.5316 -13.8334 -13.6000 -13.5775  -9.0958  -8.7829
  -6.5539
     compute_u_kq: q = (    0.0000,    0.0318,    0.0000)
     ethr =  1.00E-13,  avg # of iterations = 13.0
     eigenvalues at k:
 -31.6392 -27.9812 -16.5316 -13.8334 -13.5999 -13.5775  -9.0958  -8.7830
  -6.5539
     eigenvalues at k+q:
 -31.6392 -27.9811 -16.5316 -13.8334 -13.6000 -13.5775  -9.0958  -8.7829
  -6.5539
     compute_u_kq: q = (    0.0000,    0.0000,   -0.0318)
     ethr =  1.00E-13,  avg # of iterations =  9.0
     eigenvalues at k:
 -31.6392 -27.9812 -16.5316 -13.8334 -13.5999 -13.5775  -9.0958  -8.7830
  -6.5539
     eigenvalues at k+q:
 -31.6392 -27.9811 -16.5316 -13.8334 -13.6000 -13.5775  -9.0958  -8.7829
  -6.5539
     compute_u_kq: q = (    0.0000,    0.0000,    0.0318)
     ethr =  1.00E-13,  avg # of iterations =  9.0
     eigenvalues at k:
 -31.6392 -27.9812 -16.5316 -13.8334 -13.5999 -13.5775  -9.0958  -8.7830
  -6.5539
     eigenvalues at k+q:
 -31.6392 -27.9811 -16.5316 -13.8334 -13.6000 -13.5775  -9.0958  -8.7829
  -6.5539
     k-point:   2    occ=  8
     compute_u_kq: q = (    0.0000,    0.0000,    0.0000)
     ethr =  1.00E-13,  avg # of iterations =  5.0
     eigenvalues at k:
 -31.2357 -27.5155 -15.9157 -13.3854 -13.3526 -12.6525  -8.9216  -8.1085
  -5.0128
     eigenvalues at k+q:
 -31.2357 -27.5155 -15.9157 -13.3855 -13.3525 -12.6525  -8.9217  -8.1085
  -5.0128
     compute_u_kq: q = (   -0.0318,    0.0000,    0.0000)
     ethr =  1.00E-13,  avg # of iterations = 11.0
     eigenvalues at k:
 -31.2357 -27.5155 -15.9157 -13.3854 -13.3526 -12.6525  -8.9216  -8.1085
  -5.0128
     eigenvalues at k+q:
 -31.2357 -27.5155 -15.9157 -13.3855 -13.3525 -12.6525  -8.9217  -8.1085
  -5.0128
     compute_u_kq: q = (    0.0318,    0.0000,    0.0000)
     ethr =  1.00E-13,  avg # of iterations = 11.0
     eigenvalues at k:
 -31.2357 -27.5155 -15.9157 -13.3854 -13.3526 -12.6525  -8.9216  -8.1085
  -5.0128
     eigenvalues at k+q:
 -31.2357 -27.5155 -15.9157 -13.3855 -13.3525 -12.6525  -8.9217  -8.1085
  -5.0128
     compute_u_kq: q = (    0.0000,   -0.0318,    0.0000)
     ethr =  1.00E-13,  avg # of iterations = 13.0
     eigenvalues at k:
 -31.2357 -27.5155 -15.9157 -13.3854 -13.3526 -12.6525  -8.9216  -8.1085
  -5.0128
     eigenvalues at k+q:
 -31.2357 -27.5155 -15.9157 -13.3855 -13.3525 -12.6525  -8.9217  -8.1085
  -5.0128
     compute_u_kq: q = (    0.0000,    0.0318,    0.0000)
     ethr =  1.00E-13,  avg # of iterations = 13.0
     eigenvalues at k:
 -31.2357 -27.5155 -15.9157 -13.3854 -13.3526 -12.6525  -8.9216  -8.1085
  -5.0128
     eigenvalues at k+q:
 -31.2357 -27.5155 -15.9157 -13.3855 -13.3525 -12.6525  -8.9217  -8.1085
  -5.0128
     compute_u_kq: q = (    0.0000,    0.0000,   -0.0318)
     ethr =  1.00E-13,  avg # of iterations =  9.0
     eigenvalues at k:
 -31.2357 -27.5155 -15.9157 -13.3854 -13.3526 -12.6525  -8.9216  -8.1085
  -5.0128
     eigenvalues at k+q:
 -31.2357 -27.5155 -15.9157 -13.3855 -13.3525 -12.6525  -8.9217  -8.1085
  -5.0128
     compute_u_kq: q = (    0.0000,    0.0000,    0.0318)
     ethr =  1.00E-13,  avg # of iterations =  9.0
     eigenvalues at k:
 -31.2357 -27.5155 -15.9157 -13.3854 -13.3526 -12.6525  -8.9216  -8.1085
  -5.0128
     eigenvalues at k+q:
 -31.2357 -27.5155 -15.9157 -13.3855 -13.3525 -12.6525  -8.9217  -8.1085
  -5.0128
     done with du/dk   q_gipaw = 0.010000

     Computing the orbital magnetization (bohr mag/cell):
BC: k-point:    1  pool:   1        0.000000   -0.000003   -0.000000
LC: k-point:    1  pool:   1       -0.000000   -0.005550    0.000000
IC: k-point:    1  pool:   1        0.000000    0.000796    0.000000
BC: k-point:    2  pool:   1        0.000000    0.000001   -0.000001
LC: k-point:    2  pool:   1       -0.000000    0.000429    0.000000
IC: k-point:    2  pool:   1        0.000000    0.002746   -0.000000

     SPIN-ORBIT:
     lambda_so          =       0.000000      1.000000      0.000000

     Berry curvature    =       0.000000     -0.000002     -0.000001
     Fermi energy       =      -0.538835 rydberg

     NUCLEAR DIPOLE ON ATOM   1:
     m_0                =       0.000000      0.000000      0.000000

     (without Berry curvature term)
     M_LC               =      -0.000000     -0.010243      0.000000
     M_IC               =      -0.000000     -0.002283      0.000000
     Delta_M_bare       =      -0.000000     -0.001417     -0.000000
     Delta_M_para       =       0.000000     -0.000006     -0.000000
     Delta_M_dia        =       0.000000      0.000014      0.000000
     M_tot              =      -0.000000     -0.013935      0.000000

     (with Berry curvature term)
     M_LC               =      -0.000000     -0.010244     -0.000000
     M_IC               =      -0.000000     -0.002285     -0.000000
     Delta_M            =      -0.000000     -0.001409     -0.000000
     M_tot              =      -0.000000     -0.013938     -0.000000

     SPIN-ORBIT:
     lambda_so          =       0.000000      1.000000      0.000000
     unpaired electrons =          1
     Contributions to the g-tensor (ppm):
     delta_g RMC        =      -259.9710
     delta_g RMC(GIPAW) =       -59.7407
     delta_g SO         =        -0.0000   -13937.8771       -0.3955

     delta_g total      =        -0.0000   -14257.5888       -0.3955

     QE-CONVERSE  :   2m32.03s CPU   2m36.52s WALL


   This run was terminated on:  11:29:37  25Sep2024            

=------------------------------------------------------------------------------=
   JOB DONE.
=------------------------------------------------------------------------------=
     Initialization:

     read_file    :      1.54s CPU      1.71s WALL (       1 calls)
     gipaw_setup  :      0.10s CPU      0.10s WALL (       1 calls)
     wfcinit      :      3.05s CPU      3.12s WALL (       1 calls)
     hinit0       :      0.12s CPU      0.13s WALL (       1 calls)
     potinit      :      0.91s CPU      0.97s WALL (       1 calls)

     SCF calculation:

     electrons    :     57.60s CPU     59.24s WALL (       1 calls)
     h_psi        :    124.71s CPU    128.08s WALL (     360 calls)
     add_so_valen :     67.60s CPU     69.35s WALL (    1831 calls)
     add_so_Fnl   :     11.27s CPU     11.31s WALL (     360 calls)

     g-tensor:

     compute_dudk :     78.58s CPU     80.85s WALL (       1 calls)
     orbital_magn :      9.74s CPU      9.98s WALL (       1 calls)
