
     Program QE-CONVERSE v.7.2 starts on  5Jun2024 at 19: 0:17 

     This program is part of the open-source Quantum ESPRESSO suite
     for quantum simulation of materials; please cite
         "P. Giannozzi et al., J. Phys.:Condens. Matter 21 395502 (2009);
         "P. Giannozzi et al., J. Phys.:Condens. Matter 29 465901 (2017);
         "P. Giannozzi et al., J. Chem. Phys. 152 154105 (2020);
          URL http://www.quantum-espresso.org", 
     in publications or presentations arising from this work. More details at
     http://www.quantum-espresso.org/quote

     Parallel version (MPI), running on     6 processors

     MPI processes distributed on     1 nodes
     R & G space division:  proc/nbgrp/npool/nimage =       6
     6270 MiB available memory on the printing compute node when the environment starts


     Reading xml data from directory:

     ./scratch/h2o+.save/

     IMPORTANT: XC functional enforced from input :
     Exchange-correlation= PBE
                           (   1   4   3   4   0   0   0)
     Any further DFT definition will be discarded
     Please, verify this is what you really want


     Parallelization info
     --------------------
     sticks:   dense  smooth     PW     G-vecs:    dense   smooth      PW
     Min        2123    2123    529               180125   180125   22507
     Max        2125    2125    531               180126   180126   22508
     Sum       12745   12745   3181              1080751  1080751  135043

     Using Slab Decomposition

     Reading collected, re-writing distributed wavefunctions
     GIPAW projectors -----------------------------------------------
     atom=  O    l=0  rc=    1.4500  rs=    0.9667
     atom=  O    l=0  rc=    1.4500  rs=    0.9667
     atom=  O    l=1  rc=    1.4500  rs=    0.9667
     atom=  O    l=1  rc=    1.4500  rs=    0.9667
     projs nearly linearly dependent: l=1  n1,n2= 1, 2  s= -0.99382826

     atom=  H    l=0  rc=    1.2000  rs=    0.8000
     atom=  H    l=0  rc=    1.2000  rs=    0.8000
     projs nearly linearly dependent: l=0  n1,n2= 1, 2  s= -0.99707079
     -----------------------------------------------------------------

     GIPAW integrals: -------------------------------------------
     Atom  i/j   nmr_para    nmr_dia     epr_rmc    epr_para     epr_dia
       O   1 1  0.9380E+03  0.2180E+00  0.8229E+01  0.1556E+05  0.5946E+01
       O   2 1  -.1118E+04  -.2548E+00  -.9909E+01  -.1862E+05  -.7488E+01
       O   2 2  0.1332E+04  0.2924E+00  0.1201E+02  0.2228E+05  0.9707E+01
       O   3 3  0.4327E+01  0.1258E+00  0.1187E+01  0.9800E+02  0.2374E+01
       O   4 3  -.5270E+01  -.1859E+00  -.1645E+01  -.1161E+03  -.3283E+01
       O   4 4  0.6393E+01  0.2591E+00  0.2261E+01  0.1373E+03  0.4492E+01
       H   1 1  0.2648E+02  0.6611E-01  0.9840E-01  0.1502E+03  0.1969E+00
       H   2 1  -.3024E+02  -.8499E-01  -.1298E+00  -.1686E+03  -.2615E+00
       H   2 2  0.3452E+02  0.1067E+00  0.1791E+00  0.1891E+03  0.3555E+00
     ------------------------------------------------------------


     R & G space division:  proc/nbgrp/npool/nimage =       6
     Subspace diagonalization in iterative solution of the eigenvalue problem:
     a serial algorithm will be used



     bravais-lattice index     =            1
     lattice parameter (alat)  =      20.0000  a.u.
     unit-cell volume          =    8000.0000 (a.u.)^3
     number of atoms/cell      =            3
     number of atomic types    =            2
     number of electrons       =         7.00 (up:   4.00, down:   3.00)
     number of Kohn-Sham states=            4
     kinetic-energy cutoff     =     100.0000  Ry
     charge density cutoff     =     400.0000  Ry
     scf convergence threshold =      1.0E-08
     mixing beta               =       0.5000
     number of iterations used =            8  plain     mixing
     Exchange-correlation= PBE
                           (   1   4   3   4   0   0   0)

     celldm(1)=  20.000000  celldm(2)=   0.000000  celldm(3)=   0.000000
     celldm(4)=   0.000000  celldm(5)=   0.000000  celldm(6)=   0.000000

     crystal axes: (cart. coord. in units of alat)
               a(1) = (   1.000000   0.000000   0.000000 )  
               a(2) = (   0.000000   1.000000   0.000000 )  
               a(3) = (   0.000000   0.000000   1.000000 )  

     reciprocal axes: (cart. coord. in units 2 pi/alat)
               b(1) = (  1.000000  0.000000  0.000000 )  
               b(2) = (  0.000000  1.000000  0.000000 )  
               b(3) = (  0.000000  0.000000  1.000000 )  


     PseudoPot. # 1 for O  read from file:
     ./pseudo/O.pbe-tm-gipaw.UPF
     MD5 check sum: 12b6f10dd62b8d732352127d12073df4
     Pseudo is Norm-conserving, Zval =  6.0
     Generated by new atomic code, or converted to UPF format
     Using radial grid of 1095 points,  1 beta functions with: 
                l(1) =   0

     PseudoPot. # 2 for H  read from file:
     ./pseudo/H.pbe-tm-gipaw.UPF
     MD5 check sum: 39a9a69d8410949353303b9fcad9eee2
     Pseudo is Norm-conserving, Zval =  1.0
     Generated by new atomic code, or converted to UPF format
     Using radial grid of  929 points,  0 beta functions with: 

     atomic species   valence    mass     pseudopotential
        O              6.00    16.00000     O ( 1.00)
        H              1.00     1.00000     H ( 1.00)

     Starting magnetic structure 
     atomic species   magnetization
        O            0.000
        H            0.000

     No symmetry found


                                    s                        frac. trans.

      isym =  1     identity                                     

 cryst.   s( 1) = (     1          0          0      )
                  (     0          1          0      )
                  (     0          0          1      )

 cart.    s( 1) = (  1.0000000  0.0000000  0.0000000 )
                  (  0.0000000  1.0000000  0.0000000 )
                  (  0.0000000  0.0000000  1.0000000 )


     point group C_1 (1)    
     there are  1 classes
     the character table:

       E    
A      1.00

     the symmetry operations in each class and the name of the first element:

     E        1
          identity                                               

   Cartesian axes

     site n.     atom                  positions (alat units)
         1           O   tau(   1) = (   0.4724315   0.4724315   0.4724315  )
         2           H   tau(   2) = (   0.5499883   0.5262346   0.4724315  )
         3           H   tau(   3) = (   0.3948748   0.5262346   0.4724315  )

   Crystallographic axes

     site n.     atom                  positions (cryst. coord.)
         1           O   tau(   1) = (  0.4724315  0.4724315  0.4724315  )
         2           H   tau(   2) = (  0.5499883  0.5262346  0.4724315  )
         3           H   tau(   3) = (  0.3948748  0.5262346  0.4724315  )

     number of k points=     1
                       cart. coord. in units 2pi/alat
        k(    1) = (   0.0000000   0.0000000   0.0000000), wk =   1.0000000

                       cryst. coord.
        k(    1) = (   0.0000000   0.0000000   0.0000000), wk =   1.0000000

     Dense  grid:  1080751 G-vectors     FFT dimensions: ( 128, 128, 128)

     Initial potential from superposition of free atoms

     starting charge       5.2000, renormalised to       7.0000

     negative rho (up, down):  2.099E-05 2.099E-05
     Starting wfcs are    6 atomic wfcs

     Self-consistent Calculation

     iteration #  1     ecut=   100.00 Ry     beta= 0.50
     Davidson diagonalization with overlap 

---- Real-time Memory Report at c_bands before calling an iterative solver
           183 MiB given to the printing process from OS
             0 MiB allocation reported by mallinfo(arena+hblkhd)
          5653 MiB available memory on the node where the printing process lives
------------------
     ethr =  1.00E-08,  avg # of iterations =  7.0

     negative rho (up, down):  6.738E-06 8.133E-06

     total energy              =     -32.77135873 Ry
     Harris-Foulkes estimate   =     -34.35877800 Ry
     estimated scf accuracy    <       2.83743283 Ry

     total magnetization       =     1.00 Bohr mag/cell
     absolute magnetization    =     1.00 Bohr mag/cell

     iteration #  2     ecut=   100.00 Ry     beta= 0.50
     Davidson diagonalization with overlap 

---- Real-time Memory Report at c_bands before calling an iterative solver
           237 MiB given to the printing process from OS
             0 MiB allocation reported by mallinfo(arena+hblkhd)
          5022 MiB available memory on the node where the printing process lives
------------------
     ethr =  1.00E-02,  avg # of iterations =  3.0

     negative rho (up, down):  3.941E-06 4.766E-06

     total energy              =     -33.54309223 Ry
     Harris-Foulkes estimate   =     -33.60630583 Ry
     estimated scf accuracy    <       0.19556945 Ry

     total magnetization       =     1.00 Bohr mag/cell
     absolute magnetization    =     1.01 Bohr mag/cell

     iteration #  3     ecut=   100.00 Ry     beta= 0.50
     Davidson diagonalization with overlap 

---- Real-time Memory Report at c_bands before calling an iterative solver
           248 MiB given to the printing process from OS
             0 MiB allocation reported by mallinfo(arena+hblkhd)
          4947 MiB available memory on the node where the printing process lives
------------------
     ethr =  2.79E-03,  avg # of iterations =  2.0

     negative rho (up, down):  2.185E-07 2.733E-07

     total energy              =     -33.57654214 Ry
     Harris-Foulkes estimate   =     -33.56717656 Ry
     estimated scf accuracy    <       0.01766275 Ry

     total magnetization       =     1.00 Bohr mag/cell
     absolute magnetization    =     1.03 Bohr mag/cell

     iteration #  4     ecut=   100.00 Ry     beta= 0.50
     Davidson diagonalization with overlap 

---- Real-time Memory Report at c_bands before calling an iterative solver
           259 MiB given to the printing process from OS
             0 MiB allocation reported by mallinfo(arena+hblkhd)
          4876 MiB available memory on the node where the printing process lives
------------------
     ethr =  2.52E-04,  avg # of iterations =  2.0

     negative rho (up, down):  7.562E-09 1.374E-08

     total energy              =     -33.57898979 Ry
     Harris-Foulkes estimate   =     -33.57906521 Ry
     estimated scf accuracy    <       0.00103328 Ry

     total magnetization       =     1.00 Bohr mag/cell
     absolute magnetization    =     1.06 Bohr mag/cell

     iteration #  5     ecut=   100.00 Ry     beta= 0.50
     Davidson diagonalization with overlap 

---- Real-time Memory Report at c_bands before calling an iterative solver
           270 MiB given to the printing process from OS
             0 MiB allocation reported by mallinfo(arena+hblkhd)
          4810 MiB available memory on the node where the printing process lives
------------------
     ethr =  1.48E-05,  avg # of iterations =  2.0

     negative rho (up, down):  1.418E-08 1.828E-08

     total energy              =     -33.57928139 Ry
     Harris-Foulkes estimate   =     -33.57921358 Ry
     estimated scf accuracy    <       0.00004990 Ry

     total magnetization       =     1.00 Bohr mag/cell
     absolute magnetization    =     1.06 Bohr mag/cell

     iteration #  6     ecut=   100.00 Ry     beta= 0.50
     Davidson diagonalization with overlap 

---- Real-time Memory Report at c_bands before calling an iterative solver
           282 MiB given to the printing process from OS
             0 MiB allocation reported by mallinfo(arena+hblkhd)
          4744 MiB available memory on the node where the printing process lives
------------------
     ethr =  7.13E-07,  avg # of iterations =  2.0

     total energy              =     -33.57929631 Ry
     Harris-Foulkes estimate   =     -33.57929522 Ry
     estimated scf accuracy    <       0.00000324 Ry

     total magnetization       =     1.00 Bohr mag/cell
     absolute magnetization    =     1.07 Bohr mag/cell

     iteration #  7     ecut=   100.00 Ry     beta= 0.50
     Davidson diagonalization with overlap 

---- Real-time Memory Report at c_bands before calling an iterative solver
           292 MiB given to the printing process from OS
             0 MiB allocation reported by mallinfo(arena+hblkhd)
          4670 MiB available memory on the node where the printing process lives
------------------
     ethr =  4.62E-08,  avg # of iterations =  2.5

     total energy              =     -33.57929750 Ry
     Harris-Foulkes estimate   =     -33.57929722 Ry
     estimated scf accuracy    <       0.00000023 Ry

     total magnetization       =     1.00 Bohr mag/cell
     absolute magnetization    =     1.07 Bohr mag/cell

     iteration #  8     ecut=   100.00 Ry     beta= 0.50
     Davidson diagonalization with overlap 

---- Real-time Memory Report at c_bands before calling an iterative solver
           303 MiB given to the printing process from OS
             0 MiB allocation reported by mallinfo(arena+hblkhd)
          4620 MiB available memory on the node where the printing process lives
------------------
     ethr =  3.35E-09,  avg # of iterations =  2.0

     total energy              =     -33.57929767 Ry
     Harris-Foulkes estimate   =     -33.57929760 Ry
     estimated scf accuracy    <       0.00000004 Ry

     total magnetization       =     1.00 Bohr mag/cell
     absolute magnetization    =     1.07 Bohr mag/cell

     iteration #  9     ecut=   100.00 Ry     beta= 0.50
     Davidson diagonalization with overlap 

---- Real-time Memory Report at c_bands before calling an iterative solver
           315 MiB given to the printing process from OS
             0 MiB allocation reported by mallinfo(arena+hblkhd)
          4546 MiB available memory on the node where the printing process lives
------------------
     ethr =  6.32E-10,  avg # of iterations =  3.0

     End of self-consistent calculation

 ------ SPIN UP ------------


          k = 0.0000 0.0000 0.0000 (135043 PWs)   bands (ev):

   -34.4539 -21.4989 -18.1860 -17.5011

     occupation numbers 
     1.0000   1.0000   1.0000   1.0000

 ------ SPIN DOWN ----------


          k = 0.0000 0.0000 0.0000 (135043 PWs)   bands (ev):

   -32.7043 -20.9904 -16.8064 -13.7151

     occupation numbers 
     1.0000   1.0000   1.0000   0.0000

     highest occupied, lowest unoccupied level (ev):   -16.8064  -13.7151

!    total energy              =     -33.57929770 Ry
     Harris-Foulkes estimate   =     -33.57929770 Ry
     estimated scf accuracy    <          3.1E-09 Ry

     The total energy is the sum of the following terms:
     one-electron contribution =     -58.41745383 Ry
     hartree contribution      =      28.24402792 Ry
     xc contribution           =      -7.71175244 Ry
     ewald contribution        =       4.30588065 Ry

     total magnetization       =     1.00 Bohr mag/cell
     absolute magnetization    =     1.07 Bohr mag/cell

     convergence has been achieved in   9 iterations
     Computing du/dk (covariant derivative)
     k-point:   1    occ=  4
     compute_u_kq: q = (    0.0000,    0.0000,    0.0000)
     ethr =  1.00E-13,  avg # of iterations =  4.0
     eigenvalues at k:
 -34.4539 -21.4989 -18.1860 -17.5011
     eigenvalues at k+q:
 -34.4537 -21.4987 -18.1857 -17.5009
     compute_u_kq: q = (   -0.0318,    0.0000,    0.0000)
     ethr =  1.00E-13,  avg # of iterations =  8.0
     eigenvalues at k:
 -34.4539 -21.4989 -18.1860 -17.5011
     eigenvalues at k+q:
 -34.4537 -21.4987 -18.1857 -17.5009
     compute_u_kq: q = (    0.0318,    0.0000,    0.0000)
     ethr =  1.00E-13,  avg # of iterations =  8.0
     eigenvalues at k:
 -34.4539 -21.4989 -18.1860 -17.5011
     eigenvalues at k+q:
 -34.4537 -21.4987 -18.1857 -17.5009
     compute_u_kq: q = (    0.0000,   -0.0318,    0.0000)
     ethr =  1.00E-13,  avg # of iterations =  8.0
     eigenvalues at k:
 -34.4539 -21.4989 -18.1860 -17.5011
     eigenvalues at k+q:
 -34.4537 -21.4987 -18.1857 -17.5009
     compute_u_kq: q = (    0.0000,    0.0318,    0.0000)
     ethr =  1.00E-13,  avg # of iterations =  8.0
     eigenvalues at k:
 -34.4539 -21.4989 -18.1860 -17.5011
     eigenvalues at k+q:
 -34.4537 -21.4987 -18.1857 -17.5009
     compute_u_kq: q = (    0.0000,    0.0000,   -0.0318)
     ethr =  1.00E-13,  avg # of iterations = 10.0
     eigenvalues at k:
 -34.4539 -21.4989 -18.1860 -17.5011
     eigenvalues at k+q:
 -34.4537 -21.4987 -18.1857 -17.5009
     compute_u_kq: q = (    0.0000,    0.0000,    0.0318)
     ethr =  1.00E-13,  avg # of iterations = 10.0
     eigenvalues at k:
 -34.4539 -21.4989 -18.1860 -17.5011
     eigenvalues at k+q:
 -34.4537 -21.4987 -18.1857 -17.5009
     k-point:   2    occ=  3
     compute_u_kq: q = (    0.0000,    0.0000,    0.0000)
     ethr =  1.00E-13,  avg # of iterations =  4.0
     eigenvalues at k:
 -32.7043 -20.9904 -16.8064 -13.7151
     eigenvalues at k+q:
 -32.7039 -20.9900 -16.8060 -13.7150
     compute_u_kq: q = (   -0.0318,    0.0000,    0.0000)
     ethr =  1.00E-13,  avg # of iterations =  8.0
     eigenvalues at k:
 -32.7043 -20.9904 -16.8064 -13.7151
     eigenvalues at k+q:
 -32.7039 -20.9900 -16.8060 -13.7150
     compute_u_kq: q = (    0.0318,    0.0000,    0.0000)
     ethr =  1.00E-13,  avg # of iterations =  8.0
     eigenvalues at k:
 -32.7043 -20.9904 -16.8064 -13.7151
     eigenvalues at k+q:
 -32.7039 -20.9900 -16.8060 -13.7150
     compute_u_kq: q = (    0.0000,   -0.0318,    0.0000)
     ethr =  1.00E-13,  avg # of iterations =  8.0
     eigenvalues at k:
 -32.7043 -20.9904 -16.8064 -13.7151
     eigenvalues at k+q:
 -32.7039 -20.9900 -16.8060 -13.7150
     compute_u_kq: q = (    0.0000,    0.0318,    0.0000)
     ethr =  1.00E-13,  avg # of iterations =  8.0
     eigenvalues at k:
 -32.7043 -20.9904 -16.8064 -13.7151
     eigenvalues at k+q:
 -32.7039 -20.9900 -16.8060 -13.7150
     compute_u_kq: q = (    0.0000,    0.0000,   -0.0318)
     ethr =  1.00E-13,  avg # of iterations =  8.0
     eigenvalues at k:
 -32.7043 -20.9904 -16.8064 -13.7151
     eigenvalues at k+q:
 -32.7039 -20.9900 -16.8060 -13.7150
     compute_u_kq: q = (    0.0000,    0.0000,    0.0318)
     ethr =  1.00E-13,  avg # of iterations =  8.0
     eigenvalues at k:
 -32.7043 -20.9904 -16.8064 -13.7151
     eigenvalues at k+q:
 -32.7039 -20.9900 -16.8060 -13.7150
     done with du/dk   q_gipaw = 0.010000

     Computing the orbital magnetization (bohr mag/cell):
BC: k-point:    1  pool:   1       -0.000000    0.000000   -0.000000
LC: k-point:    1  pool:   1       -0.000000    0.000000   -0.000316
IC: k-point:    1  pool:   1       -0.000000   -0.000000   -0.001401
BC: k-point:    2  pool:   1        0.000000   -0.000000    0.000000
LC: k-point:    2  pool:   1       -0.000000   -0.000000    0.000379
IC: k-point:    2  pool:   1        0.000000   -0.000000    0.001331

     SPIN-ORBIT:
     lambda_so          =       0.000000      0.000000      1.000000

     Berry curvature    =       0.000000     -0.000000     -0.000000
     Fermi energy       =      -1.121643 rydberg

     NUCLEAR DIPOLE ON ATOM   1:
     m_0                =       0.000000      0.000000      0.000000

     (without Berry curvature term)
     M_LC               =      -0.000000      0.000000      0.000126
     M_IC               =      -0.000000      0.000000     -0.000033
     Delta_M_bare       =       0.000000     -0.000000     -0.000003
     Delta_M_para       =       0.000000     -0.000000     -0.000004
     Delta_M_dia        =       0.000000      0.000000      0.000014
     M_tot              =      -0.000000      0.000000      0.000100

     (with Berry curvature term)
     M_LC               =      -0.000000      0.000000      0.000126
     M_IC               =      -0.000000      0.000000     -0.000033
     Delta_M            =       0.000000     -0.000000      0.000007
     M_tot              =      -0.000000      0.000000      0.000100

     SPIN-ORBIT:
     lambda_so          =       0.000000      0.000000      1.000000
     Contributions to the g-tensor (ppm):
     delta_g RMC        =      -271.2348
     delta_g RMC(GIPAW) =       -48.3207
     delta_g SO         =        -0.0005        0.0053       99.9851

     delta_g total      =        -0.0005        0.0053     -219.5703

     QE-CONVERSE  :   1m 4.57s CPU   1m 6.65s WALL


   This run was terminated on:  19: 1:23   5Jun2024            

=------------------------------------------------------------------------------=
   JOB DONE.
=------------------------------------------------------------------------------=
     Initialization:

     read_file    :      1.35s CPU      1.47s WALL (       1 calls)
     gipaw_setup  :      0.06s CPU      0.07s WALL (       1 calls)
     wfcinit      :      0.79s CPU      0.81s WALL (       1 calls)
     hinit0       :      0.09s CPU      0.10s WALL (       1 calls)
     potinit      :      0.82s CPU      0.91s WALL (       1 calls)

     SCF calculation:

     electrons    :     28.18s CPU     29.04s WALL (       1 calls)
     h_psi        :     48.13s CPU     49.45s WALL (     235 calls)
     add_so_valen :     26.40s CPU     27.12s WALL (     709 calls)
     add_so_Fnl   :      4.19s CPU      4.21s WALL (     235 calls)

     g-tensor:

     compute_dudk :     29.19s CPU     29.98s WALL (       1 calls)
     orbital_magn :      3.73s CPU      3.87s WALL (       1 calls)
