
     Program QE-CONVERSE v.7.2 starts on  5Jun2024 at 18:58: 9 

     This program is part of the open-source Quantum ESPRESSO suite
     for quantum simulation of materials; please cite
         "P. Giannozzi et al., J. Phys.:Condens. Matter 21 395502 (2009);
         "P. Giannozzi et al., J. Phys.:Condens. Matter 29 465901 (2017);
         "P. Giannozzi et al., J. Chem. Phys. 152 154105 (2020);
          URL http://www.quantum-espresso.org", 
     in publications or presentations arising from this work. More details at
     http://www.quantum-espresso.org/quote

     Parallel version (MPI), running on     6 processors

     MPI processes distributed on     1 nodes
     R & G space division:  proc/nbgrp/npool/nimage =       6
     6261 MiB available memory on the printing compute node when the environment starts


     Reading xml data from directory:

     ./scratch/h2o+.save/

     IMPORTANT: XC functional enforced from input :
     Exchange-correlation= PBE
                           (   1   4   3   4   0   0   0)
     Any further DFT definition will be discarded
     Please, verify this is what you really want


     Parallelization info
     --------------------
     sticks:   dense  smooth     PW     G-vecs:    dense   smooth      PW
     Min        2123    2123    529               180125   180125   22507
     Max        2125    2125    531               180126   180126   22508
     Sum       12745   12745   3181              1080751  1080751  135043

     Using Slab Decomposition

     Reading collected, re-writing distributed wavefunctions
     GIPAW projectors -----------------------------------------------
     atom=  O    l=0  rc=    1.4500  rs=    0.9667
     atom=  O    l=0  rc=    1.4500  rs=    0.9667
     atom=  O    l=1  rc=    1.4500  rs=    0.9667
     atom=  O    l=1  rc=    1.4500  rs=    0.9667
     projs nearly linearly dependent: l=1  n1,n2= 1, 2  s= -0.99382826

     atom=  H    l=0  rc=    1.2000  rs=    0.8000
     atom=  H    l=0  rc=    1.2000  rs=    0.8000
     projs nearly linearly dependent: l=0  n1,n2= 1, 2  s= -0.99707079
     -----------------------------------------------------------------

     GIPAW integrals: -------------------------------------------
     Atom  i/j   nmr_para    nmr_dia     epr_rmc    epr_para     epr_dia
       O   1 1  0.9380E+03  0.2180E+00  0.8229E+01  0.1556E+05  0.5946E+01
       O   2 1  -.1118E+04  -.2548E+00  -.9909E+01  -.1862E+05  -.7488E+01
       O   2 2  0.1332E+04  0.2924E+00  0.1201E+02  0.2228E+05  0.9707E+01
       O   3 3  0.4327E+01  0.1258E+00  0.1187E+01  0.9800E+02  0.2374E+01
       O   4 3  -.5270E+01  -.1859E+00  -.1645E+01  -.1161E+03  -.3283E+01
       O   4 4  0.6393E+01  0.2591E+00  0.2261E+01  0.1373E+03  0.4492E+01
       H   1 1  0.2648E+02  0.6611E-01  0.9840E-01  0.1502E+03  0.1969E+00
       H   2 1  -.3024E+02  -.8499E-01  -.1298E+00  -.1686E+03  -.2615E+00
       H   2 2  0.3452E+02  0.1067E+00  0.1791E+00  0.1891E+03  0.3555E+00
     ------------------------------------------------------------


     R & G space division:  proc/nbgrp/npool/nimage =       6
     Subspace diagonalization in iterative solution of the eigenvalue problem:
     a serial algorithm will be used



     bravais-lattice index     =            1
     lattice parameter (alat)  =      20.0000  a.u.
     unit-cell volume          =    8000.0000 (a.u.)^3
     number of atoms/cell      =            3
     number of atomic types    =            2
     number of electrons       =         7.00 (up:   4.00, down:   3.00)
     number of Kohn-Sham states=            4
     kinetic-energy cutoff     =     100.0000  Ry
     charge density cutoff     =     400.0000  Ry
     scf convergence threshold =      1.0E-08
     mixing beta               =       0.5000
     number of iterations used =            8  plain     mixing
     Exchange-correlation= PBE
                           (   1   4   3   4   0   0   0)

     celldm(1)=  20.000000  celldm(2)=   0.000000  celldm(3)=   0.000000
     celldm(4)=   0.000000  celldm(5)=   0.000000  celldm(6)=   0.000000

     crystal axes: (cart. coord. in units of alat)
               a(1) = (   1.000000   0.000000   0.000000 )  
               a(2) = (   0.000000   1.000000   0.000000 )  
               a(3) = (   0.000000   0.000000   1.000000 )  

     reciprocal axes: (cart. coord. in units 2 pi/alat)
               b(1) = (  1.000000  0.000000  0.000000 )  
               b(2) = (  0.000000  1.000000  0.000000 )  
               b(3) = (  0.000000  0.000000  1.000000 )  


     PseudoPot. # 1 for O  read from file:
     ./pseudo/O.pbe-tm-gipaw.UPF
     MD5 check sum: 12b6f10dd62b8d732352127d12073df4
     Pseudo is Norm-conserving, Zval =  6.0
     Generated by new atomic code, or converted to UPF format
     Using radial grid of 1095 points,  1 beta functions with: 
                l(1) =   0

     PseudoPot. # 2 for H  read from file:
     ./pseudo/H.pbe-tm-gipaw.UPF
     MD5 check sum: 39a9a69d8410949353303b9fcad9eee2
     Pseudo is Norm-conserving, Zval =  1.0
     Generated by new atomic code, or converted to UPF format
     Using radial grid of  929 points,  0 beta functions with: 

     atomic species   valence    mass     pseudopotential
        O              6.00    16.00000     O ( 1.00)
        H              1.00     1.00000     H ( 1.00)

     Starting magnetic structure 
     atomic species   magnetization
        O            0.000
        H            0.000

     No symmetry found


                                    s                        frac. trans.

      isym =  1     identity                                     

 cryst.   s( 1) = (     1          0          0      )
                  (     0          1          0      )
                  (     0          0          1      )

 cart.    s( 1) = (  1.0000000  0.0000000  0.0000000 )
                  (  0.0000000  1.0000000  0.0000000 )
                  (  0.0000000  0.0000000  1.0000000 )


     point group C_1 (1)    
     there are  1 classes
     the character table:

       E    
A      1.00

     the symmetry operations in each class and the name of the first element:

     E        1
          identity                                               

   Cartesian axes

     site n.     atom                  positions (alat units)
         1           O   tau(   1) = (   0.4724315   0.4724315   0.4724315  )
         2           H   tau(   2) = (   0.5499883   0.5262346   0.4724315  )
         3           H   tau(   3) = (   0.3948748   0.5262346   0.4724315  )

   Crystallographic axes

     site n.     atom                  positions (cryst. coord.)
         1           O   tau(   1) = (  0.4724315  0.4724315  0.4724315  )
         2           H   tau(   2) = (  0.5499883  0.5262346  0.4724315  )
         3           H   tau(   3) = (  0.3948748  0.5262346  0.4724315  )

     number of k points=     1
                       cart. coord. in units 2pi/alat
        k(    1) = (   0.0000000   0.0000000   0.0000000), wk =   1.0000000

                       cryst. coord.
        k(    1) = (   0.0000000   0.0000000   0.0000000), wk =   1.0000000

     Dense  grid:  1080751 G-vectors     FFT dimensions: ( 128, 128, 128)

     Initial potential from superposition of free atoms

     starting charge       5.2000, renormalised to       7.0000

     negative rho (up, down):  2.099E-05 2.099E-05
     Starting wfcs are    6 atomic wfcs

     Self-consistent Calculation

     iteration #  1     ecut=   100.00 Ry     beta= 0.50
     Davidson diagonalization with overlap 

---- Real-time Memory Report at c_bands before calling an iterative solver
           183 MiB given to the printing process from OS
             0 MiB allocation reported by mallinfo(arena+hblkhd)
          5637 MiB available memory on the node where the printing process lives
------------------
     ethr =  1.00E-08,  avg # of iterations =  7.0

     negative rho (up, down):  6.738E-06 8.133E-06

     total energy              =     -32.77136451 Ry
     Harris-Foulkes estimate   =     -34.35877970 Ry
     estimated scf accuracy    <       2.83742302 Ry

     total magnetization       =     1.00 Bohr mag/cell
     absolute magnetization    =     1.00 Bohr mag/cell

     iteration #  2     ecut=   100.00 Ry     beta= 0.50
     Davidson diagonalization with overlap 

---- Real-time Memory Report at c_bands before calling an iterative solver
           237 MiB given to the printing process from OS
             0 MiB allocation reported by mallinfo(arena+hblkhd)
          5005 MiB available memory on the node where the printing process lives
------------------
     ethr =  1.00E-02,  avg # of iterations =  3.0

     negative rho (up, down):  3.941E-06 4.766E-06

     total energy              =     -33.54309390 Ry
     Harris-Foulkes estimate   =     -33.60631018 Ry
     estimated scf accuracy    <       0.19556481 Ry

     total magnetization       =     1.00 Bohr mag/cell
     absolute magnetization    =     1.01 Bohr mag/cell

     iteration #  3     ecut=   100.00 Ry     beta= 0.50
     Davidson diagonalization with overlap 

---- Real-time Memory Report at c_bands before calling an iterative solver
           248 MiB given to the printing process from OS
             0 MiB allocation reported by mallinfo(arena+hblkhd)
          4926 MiB available memory on the node where the printing process lives
------------------
     ethr =  2.79E-03,  avg # of iterations =  2.0

     negative rho (up, down):  2.185E-07 2.733E-07

     total energy              =     -33.57654320 Ry
     Harris-Foulkes estimate   =     -33.56717844 Ry
     estimated scf accuracy    <       0.01766260 Ry

     total magnetization       =     1.00 Bohr mag/cell
     absolute magnetization    =     1.03 Bohr mag/cell

     iteration #  4     ecut=   100.00 Ry     beta= 0.50
     Davidson diagonalization with overlap 

---- Real-time Memory Report at c_bands before calling an iterative solver
           259 MiB given to the printing process from OS
             0 MiB allocation reported by mallinfo(arena+hblkhd)
          4870 MiB available memory on the node where the printing process lives
------------------
     ethr =  2.52E-04,  avg # of iterations =  2.0

     negative rho (up, down):  7.531E-09 1.369E-08

     total energy              =     -33.57899168 Ry
     Harris-Foulkes estimate   =     -33.57906734 Ry
     estimated scf accuracy    <       0.00103388 Ry

     total magnetization       =     1.00 Bohr mag/cell
     absolute magnetization    =     1.06 Bohr mag/cell

     iteration #  5     ecut=   100.00 Ry     beta= 0.50
     Davidson diagonalization with overlap 

---- Real-time Memory Report at c_bands before calling an iterative solver
           270 MiB given to the printing process from OS
             0 MiB allocation reported by mallinfo(arena+hblkhd)
          4797 MiB available memory on the node where the printing process lives
------------------
     ethr =  1.48E-05,  avg # of iterations =  2.0

     negative rho (up, down):  1.420E-08 1.830E-08

     total energy              =     -33.57928347 Ry
     Harris-Foulkes estimate   =     -33.57921566 Ry
     estimated scf accuracy    <       0.00004991 Ry

     total magnetization       =     1.00 Bohr mag/cell
     absolute magnetization    =     1.06 Bohr mag/cell

     iteration #  6     ecut=   100.00 Ry     beta= 0.50
     Davidson diagonalization with overlap 

---- Real-time Memory Report at c_bands before calling an iterative solver
           282 MiB given to the printing process from OS
             0 MiB allocation reported by mallinfo(arena+hblkhd)
          4744 MiB available memory on the node where the printing process lives
------------------
     ethr =  7.13E-07,  avg # of iterations =  2.0

     total energy              =     -33.57929839 Ry
     Harris-Foulkes estimate   =     -33.57929730 Ry
     estimated scf accuracy    <       0.00000324 Ry

     total magnetization       =     1.00 Bohr mag/cell
     absolute magnetization    =     1.07 Bohr mag/cell

     iteration #  7     ecut=   100.00 Ry     beta= 0.50
     Davidson diagonalization with overlap 

---- Real-time Memory Report at c_bands before calling an iterative solver
           292 MiB given to the printing process from OS
             0 MiB allocation reported by mallinfo(arena+hblkhd)
          4667 MiB available memory on the node where the printing process lives
------------------
     ethr =  4.62E-08,  avg # of iterations =  2.5

     total energy              =     -33.57929958 Ry
     Harris-Foulkes estimate   =     -33.57929930 Ry
     estimated scf accuracy    <       0.00000023 Ry

     total magnetization       =     1.00 Bohr mag/cell
     absolute magnetization    =     1.07 Bohr mag/cell

     iteration #  8     ecut=   100.00 Ry     beta= 0.50
     Davidson diagonalization with overlap 

---- Real-time Memory Report at c_bands before calling an iterative solver
           303 MiB given to the printing process from OS
             0 MiB allocation reported by mallinfo(arena+hblkhd)
          4590 MiB available memory on the node where the printing process lives
------------------
     ethr =  3.34E-09,  avg # of iterations =  2.0

     total energy              =     -33.57929975 Ry
     Harris-Foulkes estimate   =     -33.57929968 Ry
     estimated scf accuracy    <       0.00000004 Ry

     total magnetization       =     1.00 Bohr mag/cell
     absolute magnetization    =     1.07 Bohr mag/cell

     iteration #  9     ecut=   100.00 Ry     beta= 0.50
     Davidson diagonalization with overlap 

---- Real-time Memory Report at c_bands before calling an iterative solver
           315 MiB given to the printing process from OS
             0 MiB allocation reported by mallinfo(arena+hblkhd)
          4611 MiB available memory on the node where the printing process lives
------------------
     ethr =  6.32E-10,  avg # of iterations =  3.0

     End of self-consistent calculation

 ------ SPIN UP ------------


          k = 0.0000 0.0000 0.0000 (135043 PWs)   bands (ev):

   -34.4539 -21.4989 -18.1862 -17.5009

     occupation numbers 
     1.0000   1.0000   1.0000   1.0000

 ------ SPIN DOWN ----------


          k = 0.0000 0.0000 0.0000 (135043 PWs)   bands (ev):

   -32.7043 -20.9904 -16.8065 -13.7151

     occupation numbers 
     1.0000   1.0000   1.0000   0.0000

     highest occupied, lowest unoccupied level (ev):   -16.8065  -13.7151

!    total energy              =     -33.57929978 Ry
     Harris-Foulkes estimate   =     -33.57929978 Ry
     estimated scf accuracy    <          3.1E-09 Ry

     The total energy is the sum of the following terms:
     one-electron contribution =     -58.41746328 Ry
     hartree contribution      =      28.24403315 Ry
     xc contribution           =      -7.71175031 Ry
     ewald contribution        =       4.30588065 Ry

     total magnetization       =     1.00 Bohr mag/cell
     absolute magnetization    =     1.07 Bohr mag/cell

     convergence has been achieved in   9 iterations
     Computing du/dk (covariant derivative)
     k-point:   1    occ=  4
     compute_u_kq: q = (    0.0000,    0.0000,    0.0000)
     ethr =  1.00E-13,  avg # of iterations =  4.0
     eigenvalues at k:
 -34.4539 -21.4989 -18.1862 -17.5009
     eigenvalues at k+q:
 -34.4537 -21.4987 -18.1859 -17.5008
     compute_u_kq: q = (   -0.0318,    0.0000,    0.0000)
     ethr =  1.00E-13,  avg # of iterations =  8.0
     eigenvalues at k:
 -34.4539 -21.4989 -18.1862 -17.5009
     eigenvalues at k+q:
 -34.4537 -21.4987 -18.1859 -17.5008
     compute_u_kq: q = (    0.0318,    0.0000,    0.0000)
     ethr =  1.00E-13,  avg # of iterations =  8.0
     eigenvalues at k:
 -34.4539 -21.4989 -18.1862 -17.5009
     eigenvalues at k+q:
 -34.4537 -21.4987 -18.1859 -17.5008
     compute_u_kq: q = (    0.0000,   -0.0318,    0.0000)
     ethr =  1.00E-13,  avg # of iterations =  8.0
     eigenvalues at k:
 -34.4539 -21.4989 -18.1862 -17.5009
     eigenvalues at k+q:
 -34.4537 -21.4987 -18.1859 -17.5008
     compute_u_kq: q = (    0.0000,    0.0318,    0.0000)
     ethr =  1.00E-13,  avg # of iterations =  8.0
     eigenvalues at k:
 -34.4539 -21.4989 -18.1862 -17.5009
     eigenvalues at k+q:
 -34.4537 -21.4987 -18.1859 -17.5008
     compute_u_kq: q = (    0.0000,    0.0000,   -0.0318)
     ethr =  1.00E-13,  avg # of iterations = 10.0
     eigenvalues at k:
 -34.4539 -21.4989 -18.1862 -17.5009
     eigenvalues at k+q:
 -34.4537 -21.4987 -18.1859 -17.5008
     compute_u_kq: q = (    0.0000,    0.0000,    0.0318)
     ethr =  1.00E-13,  avg # of iterations = 10.0
     eigenvalues at k:
 -34.4539 -21.4989 -18.1862 -17.5009
     eigenvalues at k+q:
 -34.4537 -21.4987 -18.1859 -17.5008
     k-point:   2    occ=  3
     compute_u_kq: q = (    0.0000,    0.0000,    0.0000)
     ethr =  1.00E-13,  avg # of iterations =  4.0
     eigenvalues at k:
 -32.7043 -20.9904 -16.8065 -13.7151
     eigenvalues at k+q:
 -32.7039 -20.9900 -16.8060 -13.7150
     compute_u_kq: q = (   -0.0318,    0.0000,    0.0000)
     ethr =  1.00E-13,  avg # of iterations =  8.0
     eigenvalues at k:
 -32.7043 -20.9904 -16.8065 -13.7151
     eigenvalues at k+q:
 -32.7039 -20.9900 -16.8060 -13.7150
     compute_u_kq: q = (    0.0318,    0.0000,    0.0000)
     ethr =  1.00E-13,  avg # of iterations =  8.0
     eigenvalues at k:
 -32.7043 -20.9904 -16.8065 -13.7151
     eigenvalues at k+q:
 -32.7039 -20.9900 -16.8060 -13.7150
     compute_u_kq: q = (    0.0000,   -0.0318,    0.0000)
     ethr =  1.00E-13,  avg # of iterations =  8.0
     eigenvalues at k:
 -32.7043 -20.9904 -16.8065 -13.7151
     eigenvalues at k+q:
 -32.7039 -20.9900 -16.8060 -13.7150
     compute_u_kq: q = (    0.0000,    0.0318,    0.0000)
     ethr =  1.00E-13,  avg # of iterations =  8.0
     eigenvalues at k:
 -32.7043 -20.9904 -16.8065 -13.7151
     eigenvalues at k+q:
 -32.7039 -20.9900 -16.8060 -13.7150
     compute_u_kq: q = (    0.0000,    0.0000,   -0.0318)
     ethr =  1.00E-13,  avg # of iterations =  8.0
     eigenvalues at k:
 -32.7043 -20.9904 -16.8065 -13.7151
     eigenvalues at k+q:
 -32.7039 -20.9900 -16.8060 -13.7150
     compute_u_kq: q = (    0.0000,    0.0000,    0.0318)
     ethr =  1.00E-13,  avg # of iterations =  8.0
     eigenvalues at k:
 -32.7043 -20.9904 -16.8065 -13.7151
     eigenvalues at k+q:
 -32.7039 -20.9900 -16.8060 -13.7150
     done with du/dk   q_gipaw = 0.010000

     Computing the orbital magnetization (bohr mag/cell):
BC: k-point:    1  pool:   1        0.000000   -0.000000   -0.000000
LC: k-point:    1  pool:   1       -0.000247   -0.000000    0.000000
IC: k-point:    1  pool:   1       -0.009458    0.000000   -0.000000
BC: k-point:    2  pool:   1       -0.000002   -0.000000    0.000000
LC: k-point:    2  pool:   1        0.004315    0.000000   -0.000000
IC: k-point:    2  pool:   1       -0.001654    0.000000    0.000000

     SPIN-ORBIT:
     lambda_so          =       1.000000      0.000000      0.000000

     Berry curvature    =      -0.000002     -0.000000      0.000000
     Fermi energy       =      -1.121646 rydberg

     NUCLEAR DIPOLE ON ATOM   1:
     m_0                =       0.000000      0.000000      0.000000

     (without Berry curvature term)
     M_LC               =       0.008136      0.000000     -0.000000
     M_IC               =       0.004237     -0.000000     -0.000000
     Delta_M_bare       =       0.000644      0.000000      0.000000
     Delta_M_para       =      -0.000005      0.000000      0.000000
     Delta_M_dia        =       0.000014      0.000000      0.000000
     M_tot              =       0.013026      0.000000     -0.000000

     (with Berry curvature term)
     M_LC               =       0.008134      0.000000     -0.000000
     M_IC               =       0.004235     -0.000000     -0.000000
     Delta_M            =       0.000653      0.000000      0.000000
     M_tot              =       0.013022      0.000000     -0.000000

     SPIN-ORBIT:
     lambda_so          =       1.000000      0.000000      0.000000
     Contributions to the g-tensor (ppm):
     delta_g RMC        =      -271.2329
     delta_g RMC(GIPAW) =       -48.3202
     delta_g SO         =     13022.2247        0.0059       -0.0014

     delta_g total      =     12702.6716        0.0059       -0.0014

     QE-CONVERSE  :   1m 1.33s CPU   1m 3.46s WALL


   This run was terminated on:  18:59:13   5Jun2024            

=------------------------------------------------------------------------------=
   JOB DONE.
=------------------------------------------------------------------------------=
     Initialization:

     read_file    :      1.27s CPU      1.42s WALL (       1 calls)
     gipaw_setup  :      0.06s CPU      0.07s WALL (       1 calls)
     wfcinit      :      0.78s CPU      0.80s WALL (       1 calls)
     hinit0       :      0.09s CPU      0.10s WALL (       1 calls)
     potinit      :      0.81s CPU      0.89s WALL (       1 calls)

     SCF calculation:

     electrons    :     26.61s CPU     27.49s WALL (       1 calls)
     h_psi        :     45.79s CPU     47.10s WALL (     235 calls)
     add_so_valen :     25.30s CPU     26.06s WALL (     709 calls)
     add_so_Fnl   :      3.87s CPU      3.89s WALL (     235 calls)

     g-tensor:

     compute_dudk :     27.66s CPU     28.46s WALL (       1 calls)
     orbital_magn :      3.71s CPU      3.86s WALL (       1 calls)
