
     Program QE-CONVERSE v.7.2 starts on 25Sep2024 at 12:14:45 

     This program is part of the open-source Quantum ESPRESSO suite
     for quantum simulation of materials; please cite
         "P. Giannozzi et al., J. Phys.:Condens. Matter 21 395502 (2009);
         "P. Giannozzi et al., J. Phys.:Condens. Matter 29 465901 (2017);
         "P. Giannozzi et al., J. Chem. Phys. 152 154105 (2020);
          URL http://www.quantum-espresso.org", 
     in publications or presentations arising from this work. More details at
     http://www.quantum-espresso.org/quote

     Parallel version (MPI), running on     6 processors

     MPI processes distributed on     1 nodes
     R & G space division:  proc/nbgrp/npool/nimage =       6
     4758 MiB available memory on the printing compute node when the environment starts


     Reading xml data from directory:

     ./scratch/so.save/
     WARNING: atomic wfc #  4 for atom typeS has zero norm

     IMPORTANT: XC functional enforced from input :
     Exchange-correlation= PBE
                           (   1   4   3   4   0   0   0)
     Any further DFT definition will be discarded
     Please, verify this is what you really want


     Parallelization info
     --------------------
     sticks:   dense  smooth     PW     G-vecs:    dense   smooth      PW
     Min        2123    2123    529               180125   180125   22507
     Max        2125    2125    531               180126   180126   22508
     Sum       12745   12745   3181              1080751  1080751  135043

     Using Slab Decomposition


     Check: negative core charge=   -0.000001
     Reading collected, re-writing distributed wavefunctions
     GIPAW projectors -----------------------------------------------
     atom=  O    l=0  rc=    1.4000  rs=    0.9333
     atom=  O    l=0  rc=    1.4000  rs=    0.9333
     atom=  O    l=1  rc=    1.4000  rs=    0.9333
     atom=  O    l=1  rc=    1.4000  rs=    0.9333
     projs nearly linearly dependent: l=1  n1,n2= 1, 2  s=  0.99858905

     atom=  S    l=0  rc=    1.6000  rs=    1.0667
     atom=  S    l=1  rc=    1.6000  rs=    1.0667
     atom=  S    l=0  rc=    1.6000  rs=    1.0667
     atom=  S    l=1  rc=    1.6000  rs=    1.0667
     atom=  S    l=2  rc=    1.6000  rs=    1.0667
     projs nearly linearly dependent: l=0  n1,n2= 1, 2  s=  0.99251540
     projs nearly linearly dependent: l=1  n1,n2= 1, 2  s=  0.99788937
     -----------------------------------------------------------------

     GIPAW integrals: -------------------------------------------
     Atom  i/j   nmr_para    nmr_dia     epr_rmc    epr_para     epr_dia
       O   1 1  0.1149E+04  0.2316E+00  0.8411E+01  0.1903E+05  0.5983E+01
       O   2 1  0.1170E+04  0.4805E-01  0.8370E+01  0.1952E+05  0.4733E+01
       O   2 2  0.1189E+04  -.1472E+00  0.7956E+01  0.2002E+05  0.3721E+01
       O   3 3  0.4175E+01  0.1179E+00  0.1114E+01  0.9580E+02  0.2214E+01
       O   4 3  0.4686E+01  0.1552E+00  0.1377E+01  0.1054E+03  0.2733E+01
       O   4 4  0.5248E+01  0.1959E+00  0.1691E+01  0.1160E+03  0.3329E+01
       S   1 1  0.2665E+04  0.4006E+00  0.1519E+02  0.8560E+05  0.1387E+02
       S   2 2  0.2550E+02  0.4057E+00  0.1232E+02  0.7636E+03  0.1282E+02
       S   3 1  0.2726E+04  0.3461E+00  0.1557E+02  0.8762E+05  0.1352E+02
       S   3 3  0.2789E+04  0.2836E+00  0.1586E+02  0.8970E+05  0.1321E+02
       S   4 2  0.2594E+02  0.3934E+00  0.1248E+02  0.7790E+03  0.1275E+02
       S   4 4  0.2639E+02  0.3804E+00  0.1264E+02  0.7947E+03  0.1271E+02
       S   5 5  0.3304E+00  0.2971E-01  0.4115E+00  0.1284E+02  0.8170E+00
     ------------------------------------------------------------


     R & G space division:  proc/nbgrp/npool/nimage =       6
     Subspace diagonalization in iterative solution of the eigenvalue problem:
     a serial algorithm will be used



     bravais-lattice index     =            1
     lattice parameter (alat)  =      20.0000  a.u.
     unit-cell volume          =    8000.0000 (a.u.)^3
     number of atoms/cell      =            2
     number of atomic types    =            2
     number of electrons       =        12.00 (up:   7.00, down:   5.00)
     number of Kohn-Sham states=            7
     kinetic-energy cutoff     =     100.0000  Ry
     charge density cutoff     =     400.0000  Ry
     scf convergence threshold =      1.0E-08
     mixing beta               =       0.5000
     number of iterations used =            8  plain     mixing
     Exchange-correlation= PBE
                           (   1   4   3   4   0   0   0)

     celldm(1)=  20.000000  celldm(2)=   0.000000  celldm(3)=   0.000000
     celldm(4)=   0.000000  celldm(5)=   0.000000  celldm(6)=   0.000000

     crystal axes: (cart. coord. in units of alat)
               a(1) = (   1.000000   0.000000   0.000000 )  
               a(2) = (   0.000000   1.000000   0.000000 )  
               a(3) = (   0.000000   0.000000   1.000000 )  

     reciprocal axes: (cart. coord. in units 2 pi/alat)
               b(1) = (  1.000000  0.000000  0.000000 )  
               b(2) = (  0.000000  1.000000  0.000000 )  
               b(3) = (  0.000000  0.000000  1.000000 )  


     PseudoPot. # 1 for O  read from file:
     ../pseudo/O.pbe-tm-new-gipaw-dc.UPF
     MD5 check sum: cd70c9dcf1f7d755502eb127a1501eea
     Pseudo is Norm-conserving, Zval =  6.0
     Generated by new atomic code, or converted to UPF format
     Using radial grid of 1469 points,  1 beta functions with: 
                l(1) =   0

     PseudoPot. # 2 for S  read from file:
     ../pseudo/S.pbe-tm-gipaw-new-dc.UPF
     MD5 check sum: 3ec8f3b6d40e085fa371b22de74559cc
     Pseudo is Norm-conserving + core correction, Zval =  6.0
     Generated by new atomic code, or converted to UPF format
     Using radial grid of 1539 points,  2 beta functions with: 
                l(1) =   0
                l(2) =   1

     atomic species   valence    mass     pseudopotential
        O              6.00    16.00000     O ( 1.00)
        S              6.00    32.00000     S ( 1.00)

     Starting magnetic structure 
     atomic species   magnetization
        O            0.000
        S            0.000

     No symmetry found


                                    s                        frac. trans.

      isym =  1     identity                                     

 cryst.   s( 1) = (     1          0          0      )
                  (     0          1          0      )
                  (     0          0          1      )

 cart.    s( 1) = (  1.0000000  0.0000000  0.0000000 )
                  (  0.0000000  1.0000000  0.0000000 )
                  (  0.0000000  0.0000000  1.0000000 )


     point group C_1 (1)    
     there are  1 classes
     the character table:

       E    
A      1.00

     the symmetry operations in each class and the name of the first element:

     E        1
          identity                                               

   Cartesian axes

     site n.     atom                  positions (alat units)
         1           S   tau(   1) = (   0.0000000   0.0000000  -0.0139673  )
         2           O   tau(   2) = (   0.0000000   0.0000000   0.1281068  )

   Crystallographic axes

     site n.     atom                  positions (cryst. coord.)
         1           S   tau(   1) = (  0.0000000  0.0000000 -0.0139673  )
         2           O   tau(   2) = (  0.0000000  0.0000000  0.1281068  )

     number of k points=     1
                       cart. coord. in units 2pi/alat
        k(    1) = (   0.0000000   0.0000000   0.0000000), wk =   1.0000000

                       cryst. coord.
        k(    1) = (   0.0000000   0.0000000   0.0000000), wk =   1.0000000

     Dense  grid:  1080751 G-vectors     FFT dimensions: ( 128, 128, 128)

     Check: negative core charge=   -0.000001

     Initial potential from superposition of free atoms

     starting charge      11.0000, renormalised to      12.0000

     negative rho (up, down):  1.849E-05 1.849E-05
     Starting wfcs are   18 atomic wfcs

     Self-consistent Calculation

     iteration #  1     ecut=   100.00 Ry     beta= 0.50
     Davidson diagonalization with overlap 

---- Real-time Memory Report at c_bands before calling an iterative solver
           189 MiB given to the printing process from OS
             0 MiB allocation reported by mallinfo(arena+hblkhd)
          4004 MiB available memory on the node where the printing process lives
------------------
     ethr =  1.00E-08,  avg # of iterations =  9.0

     negative rho (up, down):  3.119E-06 6.152E-06

     total energy              =     -53.12216636 Ry
     Harris-Foulkes estimate   =     -53.83344636 Ry
     estimated scf accuracy    <       1.16881039 Ry

     total magnetization       =     2.00 Bohr mag/cell
     absolute magnetization    =     2.00 Bohr mag/cell

     iteration #  2     ecut=   100.00 Ry     beta= 0.50
     Davidson diagonalization with overlap 

---- Real-time Memory Report at c_bands before calling an iterative solver
           246 MiB given to the printing process from OS
             0 MiB allocation reported by mallinfo(arena+hblkhd)
          3430 MiB available memory on the node where the printing process lives
------------------
     ethr =  9.74E-03,  avg # of iterations =  3.0

     negative rho (up, down):  2.253E-06 4.684E-06

     total energy              =     -53.50584533 Ry
     Harris-Foulkes estimate   =     -54.05191524 Ry
     estimated scf accuracy    <       1.54831342 Ry

     total magnetization       =     2.00 Bohr mag/cell
     absolute magnetization    =     2.01 Bohr mag/cell

     iteration #  3     ecut=   100.00 Ry     beta= 0.50
     Davidson diagonalization with overlap 

---- Real-time Memory Report at c_bands before calling an iterative solver
           257 MiB given to the printing process from OS
             0 MiB allocation reported by mallinfo(arena+hblkhd)
          3365 MiB available memory on the node where the printing process lives
------------------
     ethr =  9.74E-03,  avg # of iterations =  2.0

     negative rho (up, down):  8.035E-07 2.052E-06

     total energy              =     -53.67752373 Ry
     Harris-Foulkes estimate   =     -53.68196508 Ry
     estimated scf accuracy    <       0.04070268 Ry

     total magnetization       =     2.00 Bohr mag/cell
     absolute magnetization    =     2.01 Bohr mag/cell

     iteration #  4     ecut=   100.00 Ry     beta= 0.50
     Davidson diagonalization with overlap 

---- Real-time Memory Report at c_bands before calling an iterative solver
           268 MiB given to the printing process from OS
             0 MiB allocation reported by mallinfo(arena+hblkhd)
          3308 MiB available memory on the node where the printing process lives
------------------
     ethr =  3.39E-04,  avg # of iterations =  2.0

     negative rho (up, down):  2.316E-07 6.359E-07

     total energy              =     -53.69010613 Ry
     Harris-Foulkes estimate   =     -53.68833029 Ry
     estimated scf accuracy    <       0.00544504 Ry

     total magnetization       =     2.00 Bohr mag/cell
     absolute magnetization    =     2.03 Bohr mag/cell

     iteration #  5     ecut=   100.00 Ry     beta= 0.50
     Davidson diagonalization with overlap 

---- Real-time Memory Report at c_bands before calling an iterative solver
           279 MiB given to the printing process from OS
             0 MiB allocation reported by mallinfo(arena+hblkhd)
          3246 MiB available memory on the node where the printing process lives
------------------
     ethr =  4.54E-05,  avg # of iterations =  2.0

     total energy              =     -53.69206198 Ry
     Harris-Foulkes estimate   =     -53.69145709 Ry
     estimated scf accuracy    <       0.00112470 Ry

     total magnetization       =     2.00 Bohr mag/cell
     absolute magnetization    =     2.05 Bohr mag/cell

     iteration #  6     ecut=   100.00 Ry     beta= 0.50
     Davidson diagonalization with overlap 

---- Real-time Memory Report at c_bands before calling an iterative solver
           290 MiB given to the printing process from OS
             0 MiB allocation reported by mallinfo(arena+hblkhd)
          3173 MiB available memory on the node where the printing process lives
------------------
     ethr =  9.37E-06,  avg # of iterations =  2.0

     negative rho (up, down):  4.909E-09 1.380E-08

     total energy              =     -53.69239495 Ry
     Harris-Foulkes estimate   =     -53.69237619 Ry
     estimated scf accuracy    <       0.00006252 Ry

     total magnetization       =     2.00 Bohr mag/cell
     absolute magnetization    =     2.06 Bohr mag/cell

     iteration #  7     ecut=   100.00 Ry     beta= 0.50
     Davidson diagonalization with overlap 

---- Real-time Memory Report at c_bands before calling an iterative solver
           301 MiB given to the printing process from OS
             0 MiB allocation reported by mallinfo(arena+hblkhd)
          3111 MiB available memory on the node where the printing process lives
------------------
     ethr =  5.21E-07,  avg # of iterations =  2.0

     total energy              =     -53.69241517 Ry
     Harris-Foulkes estimate   =     -53.69240697 Ry
     estimated scf accuracy    <       0.00000484 Ry

     total magnetization       =     2.00 Bohr mag/cell
     absolute magnetization    =     2.06 Bohr mag/cell

     iteration #  8     ecut=   100.00 Ry     beta= 0.50
     Davidson diagonalization with overlap 

---- Real-time Memory Report at c_bands before calling an iterative solver
           312 MiB given to the printing process from OS
             0 MiB allocation reported by mallinfo(arena+hblkhd)
          3041 MiB available memory on the node where the printing process lives
------------------
     ethr =  4.04E-08,  avg # of iterations =  3.0

     total energy              =     -53.69241875 Ry
     Harris-Foulkes estimate   =     -53.69241815 Ry
     estimated scf accuracy    <       0.00000037 Ry

     total magnetization       =     2.00 Bohr mag/cell
     absolute magnetization    =     2.07 Bohr mag/cell

     iteration #  9     ecut=   100.00 Ry     beta= 0.50
     Davidson diagonalization with overlap 

---- Real-time Memory Report at c_bands before calling an iterative solver
           323 MiB given to the printing process from OS
             0 MiB allocation reported by mallinfo(arena+hblkhd)
          2979 MiB available memory on the node where the printing process lives
------------------
     ethr =  3.08E-09,  avg # of iterations =  3.0

     total energy              =     -53.69241914 Ry
     Harris-Foulkes estimate   =     -53.69241907 Ry
     estimated scf accuracy    <       0.00000013 Ry

     total magnetization       =     2.00 Bohr mag/cell
     absolute magnetization    =     2.07 Bohr mag/cell

     iteration # 10     ecut=   100.00 Ry     beta= 0.50
     Davidson diagonalization with overlap 

---- Real-time Memory Report at c_bands before calling an iterative solver
           334 MiB given to the printing process from OS
             0 MiB allocation reported by mallinfo(arena+hblkhd)
          2920 MiB available memory on the node where the printing process lives
------------------
     ethr =  1.10E-09,  avg # of iterations =  2.5

     End of self-consistent calculation

 ------ SPIN UP ------------


          k = 0.0000 0.0000 0.0000 (135043 PWs)   bands (ev):

   -26.8719 -16.7791 -10.8918 -10.7010 -10.6659  -5.9632  -5.9155

     occupation numbers 
     1.0000   1.0000   1.0000   1.0000   1.0000   1.0000   1.0000

 ------ SPIN DOWN ----------


          k = 0.0000 0.0000 0.0000 (135043 PWs)   bands (ev):

   -25.9934 -15.3911 -10.1924  -9.4204  -9.3870  -4.1958  -4.1501

     occupation numbers 
     1.0000   1.0000   1.0000   1.0000   1.0000   0.0000   0.0000

     highest occupied, lowest unoccupied level (ev):    -5.9155   -4.1958

!    total energy              =     -53.69241918 Ry
     Harris-Foulkes estimate   =     -53.69241917 Ry
     estimated scf accuracy    <          5.6E-09 Ry

     The total energy is the sum of the following terms:
     one-electron contribution =     -94.94219452 Ry
     hartree contribution      =      49.10471035 Ry
     xc contribution           =     -12.92204357 Ry
     ewald contribution        =       5.06710857 Ry

     total magnetization       =     2.00 Bohr mag/cell
     absolute magnetization    =     2.07 Bohr mag/cell

     convergence has been achieved in  10 iterations
     Computing du/dk (covariant derivative)
     k-point:   1    occ=  7
     compute_u_kq: q = (    0.0000,    0.0000,    0.0000)
     ethr =  1.00E-13,  avg # of iterations =  5.0
     eigenvalues at k:
 -26.8719 -16.7791 -10.8918 -10.7010 -10.6659  -5.9632  -5.9155
     eigenvalues at k+q:
 -26.8722 -16.7788 -10.8919 -10.7011 -10.6660  -5.9631  -5.9153
     compute_u_kq: q = (   -0.0318,    0.0000,    0.0000)
     ethr =  1.00E-13,  avg # of iterations = 12.0
     eigenvalues at k:
 -26.8719 -16.7791 -10.8918 -10.7010 -10.6659  -5.9632  -5.9155
     eigenvalues at k+q:
 -26.8722 -16.7788 -10.8919 -10.7011 -10.6660  -5.9631  -5.9153
     compute_u_kq: q = (    0.0318,    0.0000,    0.0000)
     ethr =  1.00E-13,  avg # of iterations = 12.0
     eigenvalues at k:
 -26.8719 -16.7791 -10.8918 -10.7010 -10.6659  -5.9632  -5.9155
     eigenvalues at k+q:
 -26.8722 -16.7788 -10.8919 -10.7011 -10.6660  -5.9631  -5.9153
     compute_u_kq: q = (    0.0000,   -0.0318,    0.0000)
     ethr =  1.00E-13,  avg # of iterations = 12.0
     eigenvalues at k:
 -26.8719 -16.7791 -10.8918 -10.7010 -10.6659  -5.9632  -5.9155
     eigenvalues at k+q:
 -26.8722 -16.7788 -10.8919 -10.7011 -10.6660  -5.9631  -5.9153
     compute_u_kq: q = (    0.0000,    0.0318,    0.0000)
     ethr =  1.00E-13,  avg # of iterations = 12.0
     eigenvalues at k:
 -26.8719 -16.7791 -10.8918 -10.7010 -10.6659  -5.9632  -5.9155
     eigenvalues at k+q:
 -26.8722 -16.7788 -10.8919 -10.7011 -10.6660  -5.9631  -5.9153
     compute_u_kq: q = (    0.0000,    0.0000,   -0.0318)
     ethr =  1.00E-13,  avg # of iterations = 11.0
     eigenvalues at k:
 -26.8719 -16.7791 -10.8918 -10.7010 -10.6659  -5.9632  -5.9155
     eigenvalues at k+q:
 -26.8722 -16.7788 -10.8919 -10.7011 -10.6660  -5.9631  -5.9153
     compute_u_kq: q = (    0.0000,    0.0000,    0.0318)
     ethr =  1.00E-13,  avg # of iterations = 11.0
     eigenvalues at k:
 -26.8719 -16.7791 -10.8918 -10.7010 -10.6659  -5.9632  -5.9155
     eigenvalues at k+q:
 -26.8722 -16.7788 -10.8919 -10.7011 -10.6660  -5.9631  -5.9153
     k-point:   2    occ=  5
     compute_u_kq: q = (    0.0000,    0.0000,    0.0000)
     ethr =  1.00E-13,  avg # of iterations =  5.0
     eigenvalues at k:
 -25.9934 -15.3911 -10.1924  -9.4204  -9.3870  -4.1958  -4.1501
     eigenvalues at k+q:
 -25.9933 -15.3911 -10.1923  -9.4203  -9.3870  -4.1958  -4.1500
     compute_u_kq: q = (   -0.0318,    0.0000,    0.0000)
     ethr =  1.00E-13,  avg # of iterations = 12.0
     eigenvalues at k:
 -25.9934 -15.3911 -10.1924  -9.4204  -9.3870  -4.1958  -4.1501
     eigenvalues at k+q:
 -25.9933 -15.3911 -10.1923  -9.4203  -9.3870  -4.1958  -4.1500
     compute_u_kq: q = (    0.0318,    0.0000,    0.0000)
     ethr =  1.00E-13,  avg # of iterations = 12.0
     eigenvalues at k:
 -25.9934 -15.3911 -10.1924  -9.4204  -9.3870  -4.1958  -4.1501
     eigenvalues at k+q:
 -25.9933 -15.3911 -10.1923  -9.4203  -9.3870  -4.1958  -4.1500
     compute_u_kq: q = (    0.0000,   -0.0318,    0.0000)
     ethr =  1.00E-13,  avg # of iterations = 12.0
     eigenvalues at k:
 -25.9934 -15.3911 -10.1924  -9.4204  -9.3870  -4.1958  -4.1501
     eigenvalues at k+q:
 -25.9933 -15.3911 -10.1923  -9.4203  -9.3870  -4.1958  -4.1500
     compute_u_kq: q = (    0.0000,    0.0318,    0.0000)
     ethr =  1.00E-13,  avg # of iterations = 12.0
     eigenvalues at k:
 -25.9934 -15.3911 -10.1924  -9.4204  -9.3870  -4.1958  -4.1501
     eigenvalues at k+q:
 -25.9933 -15.3911 -10.1923  -9.4203  -9.3870  -4.1958  -4.1500
     compute_u_kq: q = (    0.0000,    0.0000,   -0.0318)
     ethr =  1.00E-13,  avg # of iterations = 10.0
     eigenvalues at k:
 -25.9934 -15.3911 -10.1924  -9.4204  -9.3870  -4.1958  -4.1501
     eigenvalues at k+q:
 -25.9933 -15.3911 -10.1923  -9.4203  -9.3870  -4.1958  -4.1500
     compute_u_kq: q = (    0.0000,    0.0000,    0.0318)
     ethr =  1.00E-13,  avg # of iterations = 10.0
     eigenvalues at k:
 -25.9934 -15.3911 -10.1924  -9.4204  -9.3870  -4.1958  -4.1501
     eigenvalues at k+q:
 -25.9933 -15.3911 -10.1923  -9.4203  -9.3870  -4.1958  -4.1500
     done with du/dk   q_gipaw = 0.010000

     Computing the orbital magnetization (bohr mag/cell):
BC: k-point:    1  pool:   1       -0.000000   -0.000000   -0.000054
LC: k-point:    1  pool:   1       -0.000000   -0.000000   -0.000866
IC: k-point:    1  pool:   1        0.000000    0.000000   -0.189766
BC: k-point:    2  pool:   1        0.000000   -0.000000   -0.000001
LC: k-point:    2  pool:   1       -0.000000    0.000000   -0.000822
IC: k-point:    2  pool:   1        0.000000    0.000000    0.227836

     SPIN-ORBIT:
     lambda_so          =       0.000000      0.000000      1.000000

     Berry curvature    =       0.000000     -0.000000     -0.000055
     Fermi energy       =      -0.562355 rydberg

     NUCLEAR DIPOLE ON ATOM   1:
     m_0                =       0.000000      0.000000      0.000000

     (without Berry curvature term)
     M_LC               =      -0.000000     -0.000000     -0.003375
     M_IC               =      -0.000000      0.000000      0.005147
     Delta_M_bare       =       0.000000      0.000000     -0.001468
     Delta_M_para       =       0.000000      0.000000     -0.000107
     Delta_M_dia        =       0.000000      0.000000      0.000042
     M_tot              =      -0.000000     -0.000000      0.000238

     (with Berry curvature term)
     M_LC               =      -0.000000     -0.000000     -0.003406
     M_IC               =      -0.000000      0.000000      0.005116
     Delta_M            =       0.000000      0.000000     -0.001534
     M_tot              =      -0.000000     -0.000000      0.000176

     SPIN-ORBIT:
     lambda_so          =       0.000000      0.000000      1.000000
     unpaired electrons =          2
     Contributions to the g-tensor (ppm):
     delta_g RMC        =      -165.3079
     delta_g RMC(GIPAW) =      -107.0105
     delta_g SO         =        -0.0000       -0.0000       88.0799

     delta_g total      =        -0.0000       -0.0000     -184.2385

     QE-CONVERSE  :   2m 0.95s CPU   2m 4.40s WALL


   This run was terminated on:  12:16:49  25Sep2024            

=------------------------------------------------------------------------------=
   JOB DONE.
=------------------------------------------------------------------------------=
     Initialization:

     read_file    :      1.62s CPU      1.79s WALL (       1 calls)
     gipaw_setup  :      0.08s CPU      0.09s WALL (       1 calls)
     wfcinit      :      2.36s CPU      2.43s WALL (       1 calls)
     hinit0       :      0.21s CPU      0.22s WALL (       1 calls)
     potinit      :      1.03s CPU      1.11s WALL (       1 calls)

     SCF calculation:

     electrons    :     45.64s CPU     46.85s WALL (       1 calls)
     h_psi        :     97.64s CPU    100.15s WALL (     317 calls)
     add_so_valen :     51.69s CPU     52.97s WALL (    1449 calls)
     add_so_Fnl   :      9.88s CPU      9.92s WALL (     317 calls)

     g-tensor:

     compute_dudk :     62.47s CPU     64.16s WALL (       1 calls)
     orbital_magn :      7.15s CPU      7.34s WALL (       1 calls)
