
     Program QE-CONVERSE v.7.2 starts on 25Sep2024 at 11:54:21 

     This program is part of the open-source Quantum ESPRESSO suite
     for quantum simulation of materials; please cite
         "P. Giannozzi et al., J. Phys.:Condens. Matter 21 395502 (2009);
         "P. Giannozzi et al., J. Phys.:Condens. Matter 29 465901 (2017);
         "P. Giannozzi et al., J. Chem. Phys. 152 154105 (2020);
          URL http://www.quantum-espresso.org", 
     in publications or presentations arising from this work. More details at
     http://www.quantum-espresso.org/quote

     Parallel version (MPI), running on     6 processors

     MPI processes distributed on     1 nodes
     R & G space division:  proc/nbgrp/npool/nimage =       6
     4648 MiB available memory on the printing compute node when the environment starts


     Reading xml data from directory:

     ./scratch/sih3.save/

     IMPORTANT: XC functional enforced from input :
     Exchange-correlation= PBE
                           (   1   4   3   4   0   0   0)
     Any further DFT definition will be discarded
     Please, verify this is what you really want


     Parallelization info
     --------------------
     sticks:   dense  smooth     PW     G-vecs:    dense   smooth      PW
     Min        2123    2123    529               180125   180125   22507
     Max        2125    2125    531               180126   180126   22508
     Sum       12745   12745   3181              1080751  1080751  135043

     Using Slab Decomposition

     Reading collected, re-writing distributed wavefunctions
     GIPAW projectors -----------------------------------------------
     atom=  Si   l=0  rc=    2.0000  rs=    1.3333
     atom=  Si   l=0  rc=    2.0000  rs=    1.3333
     atom=  Si   l=1  rc=    2.0000  rs=    1.3333
     atom=  Si   l=1  rc=    2.0000  rs=    1.3333
     atom=  Si   l=2  rc=    2.0000  rs=    1.3333
     atom=  Si   l=2  rc=    2.0000  rs=    1.3333
     projs nearly linearly dependent: l=1  n1,n2= 1, 2  s=  0.99854623
     projs nearly linearly dependent: l=2  n1,n2= 1, 2  s=  0.99998260

     atom=  H    l=0  rc=    0.9000  rs=    0.6000
     atom=  H    l=0  rc=    0.9000  rs=    0.6000
     projs nearly linearly dependent: l=0  n1,n2= 1, 2  s=  0.99953291
     -----------------------------------------------------------------

     GIPAW integrals: -------------------------------------------
     Atom  i/j   nmr_para    nmr_dia     epr_rmc    epr_para     epr_dia
       Si  1 1  0.1165E+04  0.2849E+00  0.9094E+01  0.3278E+05  0.8870E+01
       Si  2 1  -.1179E+04  -.2197E+00  -.9305E+01  -.3324E+05  -.8737E+01
       Si  2 2  0.1192E+04  0.1211E+00  0.9407E+01  0.3371E+05  0.8584E+01
       Si  3 3  0.1393E+02  0.3232E+00  0.7840E+01  0.3596E+03  0.8884E+01
       Si  4 3  0.1404E+02  0.3109E+00  0.7880E+01  0.3633E+03  0.8818E+01
       Si  4 4  0.1414E+02  0.2976E+00  0.7912E+01  0.3671E+03  0.8759E+01
       Si  5 5  0.1290E+00  0.1880E-01  0.1957E+00  0.4041E+01  0.3892E+00
       Si  6 5  0.1313E+00  0.1949E-01  0.2010E+00  0.4104E+01  0.3999E+00
       Si  6 6  0.1336E+00  0.2020E-01  0.2065E+00  0.4168E+01  0.4110E+00
       H   1 1  0.4000E+02  0.5419E-01  0.7825E-01  0.2766E+03  0.1531E+00
       H   2 1  0.4244E+02  0.6121E-01  0.8972E-01  0.2912E+03  0.1765E+00
       H   2 2  0.4503E+02  0.6863E-01  0.1051E+00  0.3066E+03  0.2056E+00
     ------------------------------------------------------------


     R & G space division:  proc/nbgrp/npool/nimage =       6
     Subspace diagonalization in iterative solution of the eigenvalue problem:
     a serial algorithm will be used



     bravais-lattice index     =            1
     lattice parameter (alat)  =      20.0000  a.u.
     unit-cell volume          =    8000.0000 (a.u.)^3
     number of atoms/cell      =            4
     number of atomic types    =            2
     number of electrons       =         7.00 (up:   4.00, down:   3.00)
     number of Kohn-Sham states=            4
     kinetic-energy cutoff     =     100.0000  Ry
     charge density cutoff     =     400.0000  Ry
     scf convergence threshold =      1.0E-08
     mixing beta               =       0.5000
     number of iterations used =            8  plain     mixing
     Exchange-correlation= PBE
                           (   1   4   3   4   0   0   0)

     celldm(1)=  20.000000  celldm(2)=   0.000000  celldm(3)=   0.000000
     celldm(4)=   0.000000  celldm(5)=   0.000000  celldm(6)=   0.000000

     crystal axes: (cart. coord. in units of alat)
               a(1) = (   1.000000   0.000000   0.000000 )  
               a(2) = (   0.000000   1.000000   0.000000 )  
               a(3) = (   0.000000   0.000000   1.000000 )  

     reciprocal axes: (cart. coord. in units 2 pi/alat)
               b(1) = (  1.000000  0.000000  0.000000 )  
               b(2) = (  0.000000  1.000000  0.000000 )  
               b(3) = (  0.000000  0.000000  1.000000 )  


     PseudoPot. # 1 for Si read from file:
     ../pseudo/Si.pbe-tm-gipaw.UPF
     MD5 check sum: 744ed8b2dc623e0d56f5dfff7afbe95f
     Pseudo is Norm-conserving, Zval =  4.0
     Generated by new atomic code, or converted to UPF format
     Using radial grid of 1141 points,  2 beta functions with: 
                l(1) =   0
                l(2) =   1

     PseudoPot. # 2 for H  read from file:
     ../pseudo/H.pbe-tm-new-gipaw.UPF
     MD5 check sum: 0e5abdcbf773fd5bd1c97111569d22ab
     Pseudo is Norm-conserving, Zval =  1.0
     Generated by new atomic code, or converted to UPF format
     Using radial grid of 1261 points,  0 beta functions with: 

     atomic species   valence    mass     pseudopotential
        Si             4.00     1.00000     Si( 1.00)
        H              1.00     1.00000     H ( 1.00)

     Starting magnetic structure 
     atomic species   magnetization
        Si           0.000
        H            0.000

     No symmetry found


                                    s                        frac. trans.

      isym =  1     identity                                     

 cryst.   s( 1) = (     1          0          0      )
                  (     0          1          0      )
                  (     0          0          1      )

 cart.    s( 1) = (  1.0000000  0.0000000  0.0000000 )
                  (  0.0000000  1.0000000  0.0000000 )
                  (  0.0000000  0.0000000  1.0000000 )


     point group C_1 (1)    
     there are  1 classes
     the character table:

       E    
A      1.00

     the symmetry operations in each class and the name of the first element:

     E        1
          identity                                               

   Cartesian axes

     site n.     atom                  positions (alat units)
         1           Si  tau(   1) = (   0.4742825   0.4615695   0.5086944  )
         2           H   tau(   2) = (   0.6053523   0.4683328   0.4576378  )
         3           H   tau(   3) = (   0.4142461   0.3379380   0.4780385  )
         4           H   tau(   4) = (   0.3958451   0.5689735   0.4623630  )

   Crystallographic axes

     site n.     atom                  positions (cryst. coord.)
         1           Si  tau(   1) = (  0.4742825  0.4615695  0.5086944  )
         2           H   tau(   2) = (  0.6053523  0.4683328  0.4576378  )
         3           H   tau(   3) = (  0.4142461  0.3379380  0.4780385  )
         4           H   tau(   4) = (  0.3958451  0.5689735  0.4623630  )

     number of k points=     1
                       cart. coord. in units 2pi/alat
        k(    1) = (   0.0000000   0.0000000   0.0000000), wk =   1.0000000

                       cryst. coord.
        k(    1) = (   0.0000000   0.0000000   0.0000000), wk =   1.0000000

     Dense  grid:  1080751 G-vectors     FFT dimensions: ( 128, 128, 128)

     Initial potential from superposition of free atoms

     starting charge       4.9716, renormalised to       7.0000

     negative rho (up, down):  1.912E-04 1.912E-04
     Starting wfcs are   15 atomic wfcs

     Self-consistent Calculation

     iteration #  1     ecut=   100.00 Ry     beta= 0.50
     Davidson diagonalization with overlap 

---- Real-time Memory Report at c_bands before calling an iterative solver
           189 MiB given to the printing process from OS
             0 MiB allocation reported by mallinfo(arena+hblkhd)
          3944 MiB available memory on the node where the printing process lives
------------------
     ethr =  1.00E-08,  avg # of iterations = 10.0

     negative rho (up, down):  3.581E-05 9.404E-05

     total energy              =     -11.18157779 Ry
     Harris-Foulkes estimate   =     -11.43259332 Ry
     estimated scf accuracy    <       0.56847776 Ry

     total magnetization       =     1.00 Bohr mag/cell
     absolute magnetization    =     1.00 Bohr mag/cell

     iteration #  2     ecut=   100.00 Ry     beta= 0.50
     Davidson diagonalization with overlap 

---- Real-time Memory Report at c_bands before calling an iterative solver
           243 MiB given to the printing process from OS
             0 MiB allocation reported by mallinfo(arena+hblkhd)
          3333 MiB available memory on the node where the printing process lives
------------------
     ethr =  8.12E-03,  avg # of iterations =  1.5

     negative rho (up, down):  9.386E-06 3.755E-05

     total energy              =     -11.25055864 Ry
     Harris-Foulkes estimate   =     -11.24906713 Ry
     estimated scf accuracy    <       0.03054444 Ry

     total magnetization       =     1.00 Bohr mag/cell
     absolute magnetization    =     1.01 Bohr mag/cell

     iteration #  3     ecut=   100.00 Ry     beta= 0.50
     Davidson diagonalization with overlap 

---- Real-time Memory Report at c_bands before calling an iterative solver
           254 MiB given to the printing process from OS
             0 MiB allocation reported by mallinfo(arena+hblkhd)
          3269 MiB available memory on the node where the printing process lives
------------------
     ethr =  4.36E-04,  avg # of iterations =  2.0

     negative rho (up, down):  1.585E-06 8.859E-06

     total energy              =     -11.25859070 Ry
     Harris-Foulkes estimate   =     -11.25548837 Ry
     estimated scf accuracy    <       0.00229422 Ry

     total magnetization       =     1.00 Bohr mag/cell
     absolute magnetization    =     1.03 Bohr mag/cell

     iteration #  4     ecut=   100.00 Ry     beta= 0.50
     Davidson diagonalization with overlap 

---- Real-time Memory Report at c_bands before calling an iterative solver
           265 MiB given to the printing process from OS
             0 MiB allocation reported by mallinfo(arena+hblkhd)
          3201 MiB available memory on the node where the printing process lives
------------------
     ethr =  3.28E-05,  avg # of iterations =  2.0

     negative rho (up, down):  4.867E-08 4.139E-07

     total energy              =     -11.25967097 Ry
     Harris-Foulkes estimate   =     -11.25902080 Ry
     estimated scf accuracy    <       0.00019849 Ry

     total magnetization       =     1.00 Bohr mag/cell
     absolute magnetization    =     1.04 Bohr mag/cell

     iteration #  5     ecut=   100.00 Ry     beta= 0.50
     Davidson diagonalization with overlap 

---- Real-time Memory Report at c_bands before calling an iterative solver
           276 MiB given to the printing process from OS
             0 MiB allocation reported by mallinfo(arena+hblkhd)
          3134 MiB available memory on the node where the printing process lives
------------------
     ethr =  2.84E-06,  avg # of iterations =  2.5

     negative rho (up, down):  1.385E-07 5.062E-06

     total energy              =     -11.25982032 Ry
     Harris-Foulkes estimate   =     -11.25975242 Ry
     estimated scf accuracy    <       0.00001791 Ry

     total magnetization       =     1.00 Bohr mag/cell
     absolute magnetization    =     1.05 Bohr mag/cell

     iteration #  6     ecut=   100.00 Ry     beta= 0.50
     Davidson diagonalization with overlap 

---- Real-time Memory Report at c_bands before calling an iterative solver
           287 MiB given to the printing process from OS
             0 MiB allocation reported by mallinfo(arena+hblkhd)
          3062 MiB available memory on the node where the printing process lives
------------------
     ethr =  2.56E-07,  avg # of iterations =  2.0

     total energy              =     -11.25983428 Ry
     Harris-Foulkes estimate   =     -11.25983257 Ry
     estimated scf accuracy    <       0.00000147 Ry

     total magnetization       =     1.00 Bohr mag/cell
     absolute magnetization    =     1.05 Bohr mag/cell

     iteration #  7     ecut=   100.00 Ry     beta= 0.50
     Davidson diagonalization with overlap 

---- Real-time Memory Report at c_bands before calling an iterative solver
           298 MiB given to the printing process from OS
             0 MiB allocation reported by mallinfo(arena+hblkhd)
          2993 MiB available memory on the node where the printing process lives
------------------
     ethr =  2.09E-08,  avg # of iterations =  3.0

     total energy              =     -11.25983572 Ry
     Harris-Foulkes estimate   =     -11.25983570 Ry
     estimated scf accuracy    <       0.00000037 Ry

     total magnetization       =     1.00 Bohr mag/cell
     absolute magnetization    =     1.05 Bohr mag/cell

     iteration #  8     ecut=   100.00 Ry     beta= 0.50
     Davidson diagonalization with overlap 

---- Real-time Memory Report at c_bands before calling an iterative solver
           309 MiB given to the printing process from OS
             0 MiB allocation reported by mallinfo(arena+hblkhd)
          2933 MiB available memory on the node where the printing process lives
------------------
     ethr =  5.25E-09,  avg # of iterations =  2.0

     total energy              =     -11.25983585 Ry
     Harris-Foulkes estimate   =     -11.25983584 Ry
     estimated scf accuracy    <       0.00000002 Ry

     total magnetization       =     1.00 Bohr mag/cell
     absolute magnetization    =     1.05 Bohr mag/cell

     iteration #  9     ecut=   100.00 Ry     beta= 0.50
     Davidson diagonalization with overlap 

---- Real-time Memory Report at c_bands before calling an iterative solver
           320 MiB given to the printing process from OS
             0 MiB allocation reported by mallinfo(arena+hblkhd)
          2868 MiB available memory on the node where the printing process lives
------------------
     ethr =  3.32E-10,  avg # of iterations =  2.0

     End of self-consistent calculation

 ------ SPIN UP ------------


          k = 0.0000 0.0000 0.0000 (135043 PWs)   bands (ev):

   -13.1018  -8.4876  -8.4745  -5.1610

     occupation numbers 
     1.0000   1.0000   1.0000   1.0000

 ------ SPIN DOWN ----------


          k = 0.0000 0.0000 0.0000 (135043 PWs)   bands (ev):

   -12.5759  -8.3354  -8.3226  -3.0670

     occupation numbers 
     1.0000   1.0000   1.0000   0.0000

     highest occupied, lowest unoccupied level (ev):    -5.1610   -3.0670

!    total energy              =     -11.25983587 Ry
     Harris-Foulkes estimate   =     -11.25983586 Ry
     estimated scf accuracy    <          3.5E-09 Ry

     The total energy is the sum of the following terms:
     one-electron contribution =     -20.57144020 Ry
     hartree contribution      =      10.73885906 Ry
     xc contribution           =      -4.37305968 Ry
     ewald contribution        =       2.94580495 Ry

     total magnetization       =     1.00 Bohr mag/cell
     absolute magnetization    =     1.05 Bohr mag/cell

     convergence has been achieved in   9 iterations
     Computing du/dk (covariant derivative)
     k-point:   1    occ=  4
     compute_u_kq: q = (    0.0000,    0.0000,    0.0000)
     ethr =  1.00E-13,  avg # of iterations =  5.0
     eigenvalues at k:
 -13.1018  -8.4876  -8.4745  -5.1610
     eigenvalues at k+q:
 -13.1017  -8.4875  -8.4744  -5.1608
     compute_u_kq: q = (   -0.0318,    0.0000,    0.0000)
     ethr =  1.00E-13,  avg # of iterations = 11.0
     eigenvalues at k:
 -13.1018  -8.4876  -8.4745  -5.1610
     eigenvalues at k+q:
 -13.1017  -8.4875  -8.4744  -5.1608
     compute_u_kq: q = (    0.0318,    0.0000,    0.0000)
     ethr =  1.00E-13,  avg # of iterations = 11.0
     eigenvalues at k:
 -13.1018  -8.4876  -8.4745  -5.1610
     eigenvalues at k+q:
 -13.1017  -8.4875  -8.4744  -5.1608
     compute_u_kq: q = (    0.0000,   -0.0318,    0.0000)
     ethr =  1.00E-13,  avg # of iterations = 11.0
     eigenvalues at k:
 -13.1018  -8.4876  -8.4745  -5.1610
     eigenvalues at k+q:
 -13.1017  -8.4875  -8.4744  -5.1608
     compute_u_kq: q = (    0.0000,    0.0318,    0.0000)
     ethr =  1.00E-13,  avg # of iterations = 11.0
     eigenvalues at k:
 -13.1018  -8.4876  -8.4745  -5.1610
     eigenvalues at k+q:
 -13.1017  -8.4875  -8.4744  -5.1608
     compute_u_kq: q = (    0.0000,    0.0000,   -0.0318)
     ethr =  1.00E-13,  avg # of iterations = 12.0
     eigenvalues at k:
 -13.1018  -8.4876  -8.4745  -5.1610
     eigenvalues at k+q:
 -13.1017  -8.4875  -8.4744  -5.1608
     compute_u_kq: q = (    0.0000,    0.0000,    0.0318)
     ethr =  1.00E-13,  avg # of iterations = 12.0
     eigenvalues at k:
 -13.1018  -8.4876  -8.4745  -5.1610
     eigenvalues at k+q:
 -13.1017  -8.4875  -8.4744  -5.1608
     k-point:   2    occ=  3
     compute_u_kq: q = (    0.0000,    0.0000,    0.0000)
     ethr =  1.00E-13,  avg # of iterations =  5.0
     eigenvalues at k:
 -12.5759  -8.3354  -8.3226  -3.0670
     eigenvalues at k+q:
 -12.5757  -8.3354  -8.3226  -3.0669
     compute_u_kq: q = (   -0.0318,    0.0000,    0.0000)
     ethr =  1.00E-13,  avg # of iterations =  9.0
     eigenvalues at k:
 -12.5759  -8.3354  -8.3226  -3.0670
     eigenvalues at k+q:
 -12.5757  -8.3354  -8.3226  -3.0669
     compute_u_kq: q = (    0.0318,    0.0000,    0.0000)
     ethr =  1.00E-13,  avg # of iterations =  9.0
     eigenvalues at k:
 -12.5759  -8.3354  -8.3226  -3.0670
     eigenvalues at k+q:
 -12.5757  -8.3354  -8.3226  -3.0669
     compute_u_kq: q = (    0.0000,   -0.0318,    0.0000)
     ethr =  1.00E-13,  avg # of iterations = 10.0
     eigenvalues at k:
 -12.5759  -8.3354  -8.3226  -3.0670
     eigenvalues at k+q:
 -12.5757  -8.3354  -8.3227  -3.0669
     compute_u_kq: q = (    0.0000,    0.0318,    0.0000)
     ethr =  1.00E-13,  avg # of iterations = 10.0
     eigenvalues at k:
 -12.5759  -8.3354  -8.3226  -3.0670
     eigenvalues at k+q:
 -12.5757  -8.3354  -8.3226  -3.0669
     compute_u_kq: q = (    0.0000,    0.0000,   -0.0318)
     ethr =  1.00E-13,  avg # of iterations = 10.0
     eigenvalues at k:
 -12.5759  -8.3354  -8.3226  -3.0670
     eigenvalues at k+q:
 -12.5757  -8.3354  -8.3226  -3.0669
     compute_u_kq: q = (    0.0000,    0.0000,    0.0318)
     ethr =  1.00E-13,  avg # of iterations = 10.0
     eigenvalues at k:
 -12.5759  -8.3354  -8.3226  -3.0670
     eigenvalues at k+q:
 -12.5757  -8.3354  -8.3226  -3.0669
     done with du/dk   q_gipaw = 0.010000

     Computing the orbital magnetization (bohr mag/cell):
BC: k-point:    1  pool:   1        0.000003    0.000004   -0.000006
LC: k-point:    1  pool:   1        0.000008    0.000009   -0.000700
IC: k-point:    1  pool:   1        0.000064    0.000081    0.000110
BC: k-point:    2  pool:   1        0.000000    0.000000    0.000008
LC: k-point:    2  pool:   1       -0.000011   -0.000014    0.000836
IC: k-point:    2  pool:   1        0.010246    0.012830    0.178870

     SPIN-ORBIT:
     lambda_so          =       0.000000      0.000000      1.000000

     Berry curvature    =       0.000004      0.000004      0.000001
     Fermi energy       =      -0.495515 rydberg

     NUCLEAR DIPOLE ON ATOM   1:
     m_0                =       0.000000      0.000000      0.000000

     (without Berry curvature term)
     M_LC               =      -0.000007     -0.000009      0.000271
     M_IC               =      -0.000156     -0.000198     -0.000121
     Delta_M_bare       =       0.000018      0.000023     -0.000015
     Delta_M_para       =       0.000007      0.000008     -0.000121
     Delta_M_dia        =       0.000000      0.000000      0.000014
     M_tot              =      -0.000139     -0.000175      0.000030

     (with Berry curvature term)
     M_LC               =      -0.000005     -0.000007      0.000272
     M_IC               =      -0.000155     -0.000196     -0.000120
     Delta_M            =       0.000024      0.000031     -0.000121
     M_tot              =      -0.000135     -0.000171      0.000031

     SPIN-ORBIT:
     lambda_so          =       0.000000      0.000000      1.000000
     unpaired electrons =          1
     Contributions to the g-tensor (ppm):
     delta_g RMC        =       -42.1813
     delta_g RMC(GIPAW) =       -78.2354
     delta_g SO         =      -135.2944     -171.2377       31.0062

     delta_g total      =      -135.2944     -171.2377      -89.4105

     QE-CONVERSE  :   1m14.53s CPU   1m16.47s WALL


   This run was terminated on:  11:55:37  25Sep2024            

=------------------------------------------------------------------------------=
   JOB DONE.
=------------------------------------------------------------------------------=
     Initialization:

     read_file    :      1.40s CPU      1.57s WALL (       1 calls)
     gipaw_setup  :      0.07s CPU      0.08s WALL (       1 calls)
     wfcinit      :      1.94s CPU      1.98s WALL (       1 calls)
     hinit0       :      0.09s CPU      0.11s WALL (       1 calls)
     potinit      :      0.92s CPU      0.96s WALL (       1 calls)

     SCF calculation:

     electrons    :     28.52s CPU     29.42s WALL (       1 calls)
     h_psi        :     57.39s CPU     58.58s WALL (     266 calls)
     add_so_valen :     29.70s CPU     30.31s WALL (     832 calls)
     add_so_Fnl   :      7.72s CPU      7.76s WALL (     266 calls)

     g-tensor:

     compute_dudk :     36.77s CPU     37.44s WALL (       1 calls)
     orbital_magn :      4.45s CPU      4.53s WALL (       1 calls)
