
     Program QE-CONVERSE v.7.2 starts on 25Sep2024 at 11: 9:12 

     This program is part of the open-source Quantum ESPRESSO suite
     for quantum simulation of materials; please cite
         "P. Giannozzi et al., J. Phys.:Condens. Matter 21 395502 (2009);
         "P. Giannozzi et al., J. Phys.:Condens. Matter 29 465901 (2017);
         "P. Giannozzi et al., J. Chem. Phys. 152 154105 (2020);
          URL http://www.quantum-espresso.org", 
     in publications or presentations arising from this work. More details at
     http://www.quantum-espresso.org/quote

     Parallel version (MPI), running on     6 processors

     MPI processes distributed on     1 nodes
     R & G space division:  proc/nbgrp/npool/nimage =       6
     4975 MiB available memory on the printing compute node when the environment starts


     Reading xml data from directory:

     ./scratch/CO+.save/

     IMPORTANT: XC functional enforced from input :
     Exchange-correlation= PBE
                           (   1   4   3   4   0   0   0)
     Any further DFT definition will be discarded
     Please, verify this is what you really want


     Parallelization info
     --------------------
     sticks:   dense  smooth     PW     G-vecs:    dense   smooth      PW
     Min        2123    2123    529               180125   180125   22507
     Max        2125    2125    531               180126   180126   22508
     Sum       12745   12745   3181              1080751  1080751  135043

     Using Slab Decomposition

     Reading collected, re-writing distributed wavefunctions
     GIPAW projectors -----------------------------------------------
     atom=  O    l=0  rc=    1.4000  rs=    0.9333
     atom=  O    l=0  rc=    1.4000  rs=    0.9333
     atom=  O    l=1  rc=    1.4000  rs=    0.9333
     atom=  O    l=1  rc=    1.4000  rs=    0.9333
     projs nearly linearly dependent: l=1  n1,n2= 1, 2  s=  0.99858905

     atom=  C    l=0  rc=    1.5400  rs=    1.0267
     atom=  C    l=0  rc=    1.5400  rs=    1.0267
     atom=  C    l=1  rc=    1.5400  rs=    1.0267
     atom=  C    l=1  rc=    1.5400  rs=    1.0267
     projs nearly linearly dependent: l=0  n1,n2= 1, 2  s=  0.99588996
     projs nearly linearly dependent: l=1  n1,n2= 1, 2  s=  0.99890453
     -----------------------------------------------------------------

     GIPAW integrals: -------------------------------------------
     Atom  i/j   nmr_para    nmr_dia     epr_rmc    epr_para     epr_dia
       O   1 1  0.1149E+04  0.2316E+00  0.8411E+01  0.1903E+05  0.5983E+01
       O   2 1  0.1170E+04  0.4805E-01  0.8370E+01  0.1952E+05  0.4733E+01
       O   2 2  0.1189E+04  -.1472E+00  0.7956E+01  0.2002E+05  0.3721E+01
       O   3 3  0.4175E+01  0.1179E+00  0.1114E+01  0.9580E+02  0.2214E+01
       O   4 3  0.4686E+01  0.1552E+00  0.1377E+01  0.1054E+03  0.2733E+01
       O   4 4  0.5248E+01  0.1959E+00  0.1691E+01  0.1160E+03  0.3329E+01
       C   1 1  0.6703E+03  0.3063E+00  0.6451E+01  0.8256E+04  0.4420E+01
       C   2 1  0.7046E+03  0.2837E+00  0.6791E+01  0.8699E+04  0.4425E+01
       C   2 2  0.7405E+03  0.2570E+00  0.7107E+01  0.9166E+04  0.4470E+01
       C   3 3  0.1575E+01  0.6220E-01  0.4343E+00  0.3069E+02  0.8653E+00
       C   4 3  0.1749E+01  0.7880E-01  0.5263E+00  0.3351E+02  0.1047E+01
       C   4 4  0.1939E+01  0.9679E-01  0.6372E+00  0.3657E+02  0.1259E+01
     ------------------------------------------------------------


     R & G space division:  proc/nbgrp/npool/nimage =       6
     Subspace diagonalization in iterative solution of the eigenvalue problem:
     a serial algorithm will be used



     bravais-lattice index     =            1
     lattice parameter (alat)  =      20.0000  a.u.
     unit-cell volume          =    8000.0000 (a.u.)^3
     number of atoms/cell      =            2
     number of atomic types    =            2
     number of electrons       =         9.00 (up:   5.00, down:   4.00)
     number of Kohn-Sham states=            5
     kinetic-energy cutoff     =     100.0000  Ry
     charge density cutoff     =     400.0000  Ry
     scf convergence threshold =      1.0E-08
     mixing beta               =       0.5000
     number of iterations used =            8  plain     mixing
     Exchange-correlation= PBE
                           (   1   4   3   4   0   0   0)

     celldm(1)=  20.000000  celldm(2)=   0.000000  celldm(3)=   0.000000
     celldm(4)=   0.000000  celldm(5)=   0.000000  celldm(6)=   0.000000

     crystal axes: (cart. coord. in units of alat)
               a(1) = (   1.000000   0.000000   0.000000 )  
               a(2) = (   0.000000   1.000000   0.000000 )  
               a(3) = (   0.000000   0.000000   1.000000 )  

     reciprocal axes: (cart. coord. in units 2 pi/alat)
               b(1) = (  1.000000  0.000000  0.000000 )  
               b(2) = (  0.000000  1.000000  0.000000 )  
               b(3) = (  0.000000  0.000000  1.000000 )  


     PseudoPot. # 1 for O  read from file:
     ../pseudo/O.pbe-tm-new-gipaw-dc.UPF
     MD5 check sum: cd70c9dcf1f7d755502eb127a1501eea
     Pseudo is Norm-conserving, Zval =  6.0
     Generated by new atomic code, or converted to UPF format
     Using radial grid of 1469 points,  1 beta functions with: 
                l(1) =   0

     PseudoPot. # 2 for C  read from file:
     ../pseudo/C.pbe-tm-new-gipaw.UPF
     MD5 check sum: c9fa938d11269a3b0a4c160d8754c0f1
     Pseudo is Norm-conserving, Zval =  4.0
     Generated by new atomic code, or converted to UPF format
     Using radial grid of 1441 points,  1 beta functions with: 
                l(1) =   0

     atomic species   valence    mass     pseudopotential
        O              6.00    16.00000     O ( 1.00)
        C              4.00    12.00000     C ( 1.00)

     Starting magnetic structure 
     atomic species   magnetization
        O            0.000
        C            0.000

     No symmetry found


                                    s                        frac. trans.

      isym =  1     identity                                     

 cryst.   s( 1) = (     1          0          0      )
                  (     0          1          0      )
                  (     0          0          1      )

 cart.    s( 1) = (  1.0000000  0.0000000  0.0000000 )
                  (  0.0000000  1.0000000  0.0000000 )
                  (  0.0000000  0.0000000  1.0000000 )


     point group C_1 (1)    
     there are  1 classes
     the character table:

       E    
A      1.00

     the symmetry operations in each class and the name of the first element:

     E        1
          identity                                               

   Cartesian axes

     site n.     atom                  positions (alat units)
         1           O   tau(   1) = (   0.0000000   0.0000000  -0.0000806  )
         2           C   tau(   2) = (   0.0000000   0.0000000   0.1066612  )

   Crystallographic axes

     site n.     atom                  positions (cryst. coord.)
         1           O   tau(   1) = (  0.0000000  0.0000000 -0.0000806  )
         2           C   tau(   2) = (  0.0000000  0.0000000  0.1066612  )

     number of k points=     1
                       cart. coord. in units 2pi/alat
        k(    1) = (   0.0000000   0.0000000   0.0000000), wk =   1.0000000

                       cryst. coord.
        k(    1) = (   0.0000000   0.0000000   0.0000000), wk =   1.0000000

     Dense  grid:  1080751 G-vectors     FFT dimensions: ( 128, 128, 128)

     Initial potential from superposition of free atoms

     starting charge      10.0000, renormalised to       9.0000

     negative rho (up, down):  1.195E-05 1.195E-05
     Starting wfcs are   16 atomic wfcs

     Self-consistent Calculation

     iteration #  1     ecut=   100.00 Ry     beta= 0.50
     Davidson diagonalization with overlap 

---- Real-time Memory Report at c_bands before calling an iterative solver
           185 MiB given to the printing process from OS
             0 MiB allocation reported by mallinfo(arena+hblkhd)
          4277 MiB available memory on the node where the printing process lives
------------------
     ethr =  1.00E-08,  avg # of iterations =  9.0

     negative rho (up, down):  5.950E-06 5.953E-06

     total energy              =     -41.73385612 Ry
     Harris-Foulkes estimate   =     -42.95021607 Ry
     estimated scf accuracy    <       1.97219525 Ry

     total magnetization       =     1.00 Bohr mag/cell
     absolute magnetization    =     1.00 Bohr mag/cell

     iteration #  2     ecut=   100.00 Ry     beta= 0.50
     Davidson diagonalization with overlap 

---- Real-time Memory Report at c_bands before calling an iterative solver
           247 MiB given to the printing process from OS
             0 MiB allocation reported by mallinfo(arena+hblkhd)
          3655 MiB available memory on the node where the printing process lives
------------------
     ethr =  1.00E-02,  avg # of iterations =  4.0

     negative rho (up, down):  4.709E-06 4.715E-06

     total energy              =     -41.69968384 Ry
     Harris-Foulkes estimate   =     -42.88564696 Ry
     estimated scf accuracy    <       3.74348347 Ry

     total magnetization       =     1.00 Bohr mag/cell
     absolute magnetization    =     1.05 Bohr mag/cell

     iteration #  3     ecut=   100.00 Ry     beta= 0.50
     Davidson diagonalization with overlap 

---- Real-time Memory Report at c_bands before calling an iterative solver
           258 MiB given to the printing process from OS
             0 MiB allocation reported by mallinfo(arena+hblkhd)
          3589 MiB available memory on the node where the printing process lives
------------------
     ethr =  1.00E-02,  avg # of iterations =  3.0

     negative rho (up, down):  1.955E-06 1.964E-06

     total energy              =     -42.39385478 Ry
     Harris-Foulkes estimate   =     -42.44574862 Ry
     estimated scf accuracy    <       0.21912321 Ry

     total magnetization       =     1.00 Bohr mag/cell
     absolute magnetization    =     1.03 Bohr mag/cell

     iteration #  4     ecut=   100.00 Ry     beta= 0.50
     Davidson diagonalization with overlap 

---- Real-time Memory Report at c_bands before calling an iterative solver
           269 MiB given to the printing process from OS
             0 MiB allocation reported by mallinfo(arena+hblkhd)
          3517 MiB available memory on the node where the printing process lives
------------------
     ethr =  2.43E-03,  avg # of iterations =  1.5

     negative rho (up, down):  5.954E-07 6.353E-07

     total energy              =     -42.41166449 Ry
     Harris-Foulkes estimate   =     -42.41132893 Ry
     estimated scf accuracy    <       0.02763852 Ry

     total magnetization       =     1.00 Bohr mag/cell
     absolute magnetization    =     1.13 Bohr mag/cell

     iteration #  5     ecut=   100.00 Ry     beta= 0.50
     Davidson diagonalization with overlap 

---- Real-time Memory Report at c_bands before calling an iterative solver
           280 MiB given to the printing process from OS
             0 MiB allocation reported by mallinfo(arena+hblkhd)
          3455 MiB available memory on the node where the printing process lives
------------------
     ethr =  3.07E-04,  avg # of iterations =  3.0

     negative rho (up, down):  7.008E-07 8.579E-06

     total energy              =     -42.42216675 Ry
     Harris-Foulkes estimate   =     -42.42099933 Ry
     estimated scf accuracy    <       0.00539518 Ry

     total magnetization       =     1.00 Bohr mag/cell
     absolute magnetization    =     1.14 Bohr mag/cell

     iteration #  6     ecut=   100.00 Ry     beta= 0.50
     Davidson diagonalization with overlap 

---- Real-time Memory Report at c_bands before calling an iterative solver
           291 MiB given to the printing process from OS
             0 MiB allocation reported by mallinfo(arena+hblkhd)
          3392 MiB available memory on the node where the printing process lives
------------------
     ethr =  5.99E-05,  avg # of iterations =  2.0

     negative rho (up, down):  4.722E-09 1.099E-07

     total energy              =     -42.42161858 Ry
     Harris-Foulkes estimate   =     -42.42269116 Ry
     estimated scf accuracy    <       0.00335110 Ry

     total magnetization       =     1.00 Bohr mag/cell
     absolute magnetization    =     1.17 Bohr mag/cell

     iteration #  7     ecut=   100.00 Ry     beta= 0.50
     Davidson diagonalization with overlap 

---- Real-time Memory Report at c_bands before calling an iterative solver
           302 MiB given to the printing process from OS
             0 MiB allocation reported by mallinfo(arena+hblkhd)
          3335 MiB available memory on the node where the printing process lives
------------------
     ethr =  3.72E-05,  avg # of iterations =  2.0

     negative rho (up, down):  7.930E-08 1.017E-06

     total energy              =     -42.42232240 Ry
     Harris-Foulkes estimate   =     -42.42226067 Ry
     estimated scf accuracy    <       0.00009168 Ry

     total magnetization       =     1.00 Bohr mag/cell
     absolute magnetization    =     1.20 Bohr mag/cell

     iteration #  8     ecut=   100.00 Ry     beta= 0.50
     Davidson diagonalization with overlap 

---- Real-time Memory Report at c_bands before calling an iterative solver
           313 MiB given to the printing process from OS
             0 MiB allocation reported by mallinfo(arena+hblkhd)
          3265 MiB available memory on the node where the printing process lives
------------------
     ethr =  1.02E-06,  avg # of iterations =  3.5

     negative rho (up, down):  1.096E-08 1.868E-07

     total energy              =     -42.42231774 Ry
     Harris-Foulkes estimate   =     -42.42238709 Ry
     estimated scf accuracy    <       0.00016867 Ry

     total magnetization       =     1.00 Bohr mag/cell
     absolute magnetization    =     1.20 Bohr mag/cell

     iteration #  9     ecut=   100.00 Ry     beta= 0.50
     Davidson diagonalization with overlap 

---- Real-time Memory Report at c_bands before calling an iterative solver
           324 MiB given to the printing process from OS
             0 MiB allocation reported by mallinfo(arena+hblkhd)
          3205 MiB available memory on the node where the printing process lives
------------------
     ethr =  1.02E-06,  avg # of iterations =  3.0

     total energy              =     -42.42239599 Ry
     Harris-Foulkes estimate   =     -42.42239461 Ry
     estimated scf accuracy    <       0.00013733 Ry

     total magnetization       =     1.00 Bohr mag/cell
     absolute magnetization    =     1.20 Bohr mag/cell

     iteration # 10     ecut=   100.00 Ry     beta= 0.50
     Davidson diagonalization with overlap 

---- Real-time Memory Report at c_bands before calling an iterative solver
           335 MiB given to the printing process from OS
             0 MiB allocation reported by mallinfo(arena+hblkhd)
          3070 MiB available memory on the node where the printing process lives
------------------
     ethr =  1.02E-06,  avg # of iterations =  1.5

     total energy              =     -42.42241900 Ry
     Harris-Foulkes estimate   =     -42.42240607 Ry
     estimated scf accuracy    <       0.00003649 Ry

     total magnetization       =     1.00 Bohr mag/cell
     absolute magnetization    =     1.21 Bohr mag/cell

     iteration # 11     ecut=   100.00 Ry     beta= 0.50
     Davidson diagonalization with overlap 

---- Real-time Memory Report at c_bands before calling an iterative solver
           335 MiB given to the printing process from OS
             0 MiB allocation reported by mallinfo(arena+hblkhd)
          3009 MiB available memory on the node where the printing process lives
------------------
     ethr =  4.05E-07,  avg # of iterations =  1.5

     total energy              =     -42.42242194 Ry
     Harris-Foulkes estimate   =     -42.42242112 Ry
     estimated scf accuracy    <       0.00004323 Ry

     total magnetization       =     1.00 Bohr mag/cell
     absolute magnetization    =     1.21 Bohr mag/cell

     iteration # 12     ecut=   100.00 Ry     beta= 0.50
     Davidson diagonalization with overlap 

---- Real-time Memory Report at c_bands before calling an iterative solver
           335 MiB given to the printing process from OS
             0 MiB allocation reported by mallinfo(arena+hblkhd)
          3046 MiB available memory on the node where the printing process lives
------------------
     ethr =  4.05E-07,  avg # of iterations =  2.0

     total energy              =     -42.42243300 Ry
     Harris-Foulkes estimate   =     -42.42242897 Ry
     estimated scf accuracy    <       0.00000618 Ry

     total magnetization       =     1.00 Bohr mag/cell
     absolute magnetization    =     1.22 Bohr mag/cell

     iteration # 13     ecut=   100.00 Ry     beta= 0.50
     Davidson diagonalization with overlap 

---- Real-time Memory Report at c_bands before calling an iterative solver
           335 MiB given to the printing process from OS
             0 MiB allocation reported by mallinfo(arena+hblkhd)
          3041 MiB available memory on the node where the printing process lives
------------------
     ethr =  6.87E-08,  avg # of iterations =  2.5

     total energy              =     -42.42243545 Ry
     Harris-Foulkes estimate   =     -42.42243507 Ry
     estimated scf accuracy    <       0.00001156 Ry

     total magnetization       =     1.00 Bohr mag/cell
     absolute magnetization    =     1.22 Bohr mag/cell

     iteration # 14     ecut=   100.00 Ry     beta= 0.50
     Davidson diagonalization with overlap 

---- Real-time Memory Report at c_bands before calling an iterative solver
           335 MiB given to the printing process from OS
             0 MiB allocation reported by mallinfo(arena+hblkhd)
          3059 MiB available memory on the node where the printing process lives
------------------
     ethr =  6.87E-08,  avg # of iterations =  3.0

     total energy              =     -42.42243640 Ry
     Harris-Foulkes estimate   =     -42.42243749 Ry
     estimated scf accuracy    <       0.00000460 Ry

     total magnetization       =     1.00 Bohr mag/cell
     absolute magnetization    =     1.23 Bohr mag/cell

     iteration # 15     ecut=   100.00 Ry     beta= 0.50
     Davidson diagonalization with overlap 

---- Real-time Memory Report at c_bands before calling an iterative solver
           335 MiB given to the printing process from OS
             0 MiB allocation reported by mallinfo(arena+hblkhd)
          3067 MiB available memory on the node where the printing process lives
------------------
     ethr =  5.11E-08,  avg # of iterations =  2.0

     total energy              =     -42.42243726 Ry
     Harris-Foulkes estimate   =     -42.42243730 Ry
     estimated scf accuracy    <       0.00000010 Ry

     total magnetization       =     1.00 Bohr mag/cell
     absolute magnetization    =     1.23 Bohr mag/cell

     iteration # 16     ecut=   100.00 Ry     beta= 0.50
     Davidson diagonalization with overlap 

---- Real-time Memory Report at c_bands before calling an iterative solver
           335 MiB given to the printing process from OS
             0 MiB allocation reported by mallinfo(arena+hblkhd)
          3029 MiB available memory on the node where the printing process lives
------------------
     ethr =  1.08E-09,  avg # of iterations =  3.0

     total energy              =     -42.42243737 Ry
     Harris-Foulkes estimate   =     -42.42243738 Ry
     estimated scf accuracy    <       0.00000001 Ry

     total magnetization       =     1.00 Bohr mag/cell
     absolute magnetization    =     1.23 Bohr mag/cell

     iteration # 17     ecut=   100.00 Ry     beta= 0.50
     Davidson diagonalization with overlap 

---- Real-time Memory Report at c_bands before calling an iterative solver
           335 MiB given to the printing process from OS
             0 MiB allocation reported by mallinfo(arena+hblkhd)
          3038 MiB available memory on the node where the printing process lives
------------------
     ethr =  1.42E-10,  avg # of iterations =  2.0

     End of self-consistent calculation

 ------ SPIN UP ------------


          k = 0.0000 0.0000 0.0000 (135043 PWs)   bands (ev):

   -35.9191 -20.6620 -18.1220 -18.1040 -17.9814

     occupation numbers 
     1.0000   1.0000   1.0000   1.0000   1.0000

 ------ SPIN DOWN ----------


          k = 0.0000 0.0000 0.0000 (135043 PWs)   bands (ev):

   -35.7735 -19.7944 -17.9259 -17.9061 -13.8841

     occupation numbers 
     1.0000   1.0000   1.0000   1.0000   0.0000

     highest occupied, lowest unoccupied level (ev):   -17.9061  -13.8841

!    total energy              =     -42.42243738 Ry
     Harris-Foulkes estimate   =     -42.42243738 Ry
     estimated scf accuracy    <          1.8E-09 Ry

     The total energy is the sum of the following terms:
     one-electron contribution =     -80.03492141 Ry
     hartree contribution      =      38.73414793 Ry
     xc contribution           =      -9.47758918 Ry
     ewald contribution        =       8.35592528 Ry

     total magnetization       =     1.00 Bohr mag/cell
     absolute magnetization    =     1.23 Bohr mag/cell

     convergence has been achieved in  17 iterations
     Computing du/dk (covariant derivative)
     k-point:   1    occ=  5
     compute_u_kq: q = (    0.0000,    0.0000,    0.0000)
     ethr =  1.00E-13,  avg # of iterations =  5.0
     eigenvalues at k:
 -35.9191 -20.6620 -18.1220 -18.1040 -17.9814
     eigenvalues at k+q:
 -35.9193 -20.6622 -18.1222 -18.1041 -17.9814
     compute_u_kq: q = (   -0.0318,    0.0000,    0.0000)
     ethr =  1.00E-13,  avg # of iterations = 10.0
     eigenvalues at k:
 -35.9191 -20.6620 -18.1220 -18.1040 -17.9814
     eigenvalues at k+q:
 -35.9193 -20.6622 -18.1222 -18.1041 -17.9814
     compute_u_kq: q = (    0.0318,    0.0000,    0.0000)
     ethr =  1.00E-13,  avg # of iterations = 10.0
     eigenvalues at k:
 -35.9191 -20.6620 -18.1220 -18.1040 -17.9814
     eigenvalues at k+q:
 -35.9193 -20.6622 -18.1222 -18.1041 -17.9814
     compute_u_kq: q = (    0.0000,   -0.0318,    0.0000)
     ethr =  1.00E-13,  avg # of iterations = 10.0
     eigenvalues at k:
 -35.9191 -20.6620 -18.1220 -18.1040 -17.9814
     eigenvalues at k+q:
 -35.9193 -20.6622 -18.1222 -18.1041 -17.9814
     compute_u_kq: q = (    0.0000,    0.0318,    0.0000)
     ethr =  1.00E-13,  avg # of iterations = 10.0
     eigenvalues at k:
 -35.9191 -20.6620 -18.1220 -18.1040 -17.9814
     eigenvalues at k+q:
 -35.9193 -20.6622 -18.1222 -18.1041 -17.9814
     compute_u_kq: q = (    0.0000,    0.0000,   -0.0318)
     ethr =  1.00E-13,  avg # of iterations =  9.0
     eigenvalues at k:
 -35.9191 -20.6620 -18.1220 -18.1040 -17.9814
     eigenvalues at k+q:
 -35.9193 -20.6622 -18.1222 -18.1041 -17.9814
     compute_u_kq: q = (    0.0000,    0.0000,    0.0318)
     ethr =  1.00E-13,  avg # of iterations =  9.0
     eigenvalues at k:
 -35.9191 -20.6620 -18.1220 -18.1040 -17.9814
     eigenvalues at k+q:
 -35.9193 -20.6622 -18.1222 -18.1041 -17.9814
     k-point:   2    occ=  4
     compute_u_kq: q = (    0.0000,    0.0000,    0.0000)
     ethr =  1.00E-13,  avg # of iterations =  5.0
     eigenvalues at k:
 -35.7735 -19.7944 -17.9259 -17.9061 -13.8841
     eigenvalues at k+q:
 -35.7738 -19.7947 -17.9263 -17.9064 -13.8839
     compute_u_kq: q = (   -0.0318,    0.0000,    0.0000)
     ethr =  1.00E-13,  avg # of iterations = 10.0
     eigenvalues at k:
 -35.7735 -19.7944 -17.9259 -17.9061 -13.8841
     eigenvalues at k+q:
 -35.7738 -19.7947 -17.9263 -17.9064 -13.8839
     compute_u_kq: q = (    0.0318,    0.0000,    0.0000)
     ethr =  1.00E-13,  avg # of iterations = 10.0
     eigenvalues at k:
 -35.7735 -19.7944 -17.9259 -17.9061 -13.8841
     eigenvalues at k+q:
 -35.7738 -19.7947 -17.9263 -17.9064 -13.8839
     compute_u_kq: q = (    0.0000,   -0.0318,    0.0000)
     ethr =  1.00E-13,  avg # of iterations = 10.0
     eigenvalues at k:
 -35.7735 -19.7944 -17.9259 -17.9061 -13.8841
     eigenvalues at k+q:
 -35.7738 -19.7947 -17.9263 -17.9064 -13.8839
     compute_u_kq: q = (    0.0000,    0.0318,    0.0000)
     ethr =  1.00E-13,  avg # of iterations = 10.0
     eigenvalues at k:
 -35.7735 -19.7944 -17.9259 -17.9061 -13.8841
     eigenvalues at k+q:
 -35.7738 -19.7947 -17.9263 -17.9064 -13.8839
     compute_u_kq: q = (    0.0000,    0.0000,   -0.0318)
     ethr =  1.00E-13,  avg # of iterations =  9.0
     eigenvalues at k:
 -35.7735 -19.7944 -17.9259 -17.9061 -13.8841
     eigenvalues at k+q:
 -35.7738 -19.7947 -17.9263 -17.9064 -13.8839
     compute_u_kq: q = (    0.0000,    0.0000,    0.0318)
     ethr =  1.00E-13,  avg # of iterations =  9.0
     eigenvalues at k:
 -35.7735 -19.7944 -17.9259 -17.9061 -13.8841
     eigenvalues at k+q:
 -35.7738 -19.7947 -17.9263 -17.9064 -13.8839
     done with du/dk   q_gipaw = 0.010000

     Computing the orbital magnetization (bohr mag/cell):
BC: k-point:    1  pool:   1       -0.000000    0.000000   -0.000000
LC: k-point:    1  pool:   1       -0.000000    0.000000   -0.000050
IC: k-point:    1  pool:   1       -0.000000    0.000000    0.000161
BC: k-point:    2  pool:   1        0.000000   -0.000000    0.000000
LC: k-point:    2  pool:   1       -0.000000    0.000000    0.000045
IC: k-point:    2  pool:   1        0.000000    0.000000    0.260536

     SPIN-ORBIT:
     lambda_so          =       0.000000      0.000000      1.000000

     Berry curvature    =      -0.000000     -0.000000     -0.000000
     Fermi energy       =      -1.318844 rydberg

     NUCLEAR DIPOLE ON ATOM   1:
     m_0                =       0.000000      0.000000      0.000000

     (without Berry curvature term)
     M_LC               =      -0.000000      0.000000     -0.000009
     M_IC               =       0.000000      0.000000      0.000018
     Delta_M_bare       =      -0.000000      0.000000      0.000031
     Delta_M_para       =      -0.000000     -0.000000     -0.000004
     Delta_M_dia        =       0.000000      0.000000      0.000009
     M_tot              =      -0.000000      0.000000      0.000045

     (with Berry curvature term)
     M_LC               =      -0.000000      0.000000     -0.000009
     M_IC               =      -0.000000      0.000000      0.000018
     Delta_M            =      -0.000000      0.000000      0.000036
     M_tot              =      -0.000000      0.000000      0.000045

     SPIN-ORBIT:
     lambda_so          =       0.000000      0.000000      1.000000
     unpaired electrons =          1
     Contributions to the g-tensor (ppm):
     delta_g RMC        =      -116.6919
     delta_g RMC(GIPAW) =       -63.8211
     delta_g SO         =        -0.0000        0.0000       44.8064

     delta_g total      =        -0.0000        0.0000     -135.7066

     QE-CONVERSE  :   1m51.60s CPU   1m54.33s WALL


   This run was terminated on:  11:11: 6  25Sep2024            

=------------------------------------------------------------------------------=
   JOB DONE.
=------------------------------------------------------------------------------=
     Initialization:

     read_file    :      1.45s CPU      1.62s WALL (       1 calls)
     gipaw_setup  :      0.08s CPU      0.09s WALL (       1 calls)
     wfcinit      :      2.05s CPU      2.10s WALL (       1 calls)
     hinit0       :      0.12s CPU      0.13s WALL (       1 calls)
     potinit      :      0.94s CPU      0.99s WALL (       1 calls)

     SCF calculation:

     electrons    :     59.88s CPU     61.28s WALL (       1 calls)
     h_psi        :     81.76s CPU     83.56s WALL (     327 calls)
     add_so_valen :     43.45s CPU     44.46s WALL (    1180 calls)
     add_so_Fnl   :      8.05s CPU      8.08s WALL (     327 calls)

     g-tensor:

     compute_dudk :     41.63s CPU     42.53s WALL (       1 calls)
     orbital_magn :      5.07s CPU      5.20s WALL (       1 calls)
